[35m[Appium][39m Welcome to Appium v1.15.1
[35m[Appium][39m Non-default server args:
[35m[Appium][39m   port: 58373
[35m[Appium][39m   chromeDriverPort: 58374
[35m[Appium][39m   tmpDir: C:\Users\ADMINI~1\AppData\Local\Temp\\Katalon\Appium\Temp1578123623129
[35m[Appium][39m Appium REST http interface listener started on 0.0.0.0:58373
[35m[HTTP][39m [37m-->[39m [37mGET[39m [37m/wd/hub/status[39m
[35m[HTTP][39m [90m{}[39m
[debug] [35m[GENERIC][39m Calling AppiumDriver.getStatus() with args: []
[debug] [35m[GENERIC][39m Responding to client with driver.getStatus() result: {"build":{"version":"1.15.1"}}
[35m[HTTP][39m [37m<-- GET /wd/hub/status [39m[32m200[39m [90m5 ms - 68[39m
[35m[HTTP][39m [90m[39m
[35m[HTTP][39m [37m-->[39m [37mGET[39m [37m/wd/hub/status[39m
[35m[HTTP][39m [90m{}[39m
[debug] [35m[GENERIC][39m Calling AppiumDriver.getStatus() with args: []
[debug] [35m[GENERIC][39m Responding to client with driver.getStatus() result: {"build":{"version":"1.15.1"}}
[35m[HTTP][39m [37m<-- GET /wd/hub/status [39m[32m200[39m [90m1 ms - 68[39m
[35m[HTTP][39m [90m[39m
[35m[HTTP][39m [37m-->[39m [37mPOST[39m [37m/wd/hub/session[39m
[35m[HTTP][39m [90m{"desiredCapabilities":{"appPackage":"com.android.settings","deviceId":"VBJ4C18519001467","deviceName":"HUAWEI COL-AL10 (Android 9)","platform":"ANDROID","appActivity":".Settings","newCommandTimeout":1800,"platformVersion":"9","automationName":"uiautomator2","autoGrantPermissions":true,"platformName":"Android","udid":"VBJ4C18519001467","systemPort":8256},"capabilities":{"firstMatch":[{"appium:appActivity":".Settings","appium:appPackage":"com.android.settings","appium:autoGrantPermissions":true,"appium:automationName":"uiautomator2","deviceId":"VBJ4C18519001467","appium:deviceName":"HUAWEI COL-AL10 (Android 9)","appium:newCommandTimeout":1800,"platform":"ANDROID","platformName":"android","appium:platformVersion":"9","appium:systemPort":8256,"appium:udid":"VBJ4C18519001467"}]}}[39m
[debug] [35m[W3C][39m Calling AppiumDriver.createSession() with args: [{"appPackage":"com.android.settings","deviceId":"VBJ4C18519001467","deviceName":"HUAWEI COL-AL10 (Android 9)","platform":"ANDROID","appActivity":".Settings","newCommandTimeout":1800,"platformVersion":"9","automationName":"uiautomator2","autoGrantPermissions":true,"platformName":"Android","udid":"VBJ4C18519001467","systemPort":8256},null,{"firstMatch":[{"appium:appActivity":".Settings","appium:appPackage":"com.android.settings","appium:autoGrantPermissions":true,"appium:automationName":"uiautomator2","deviceId":"VBJ4C18519001467","appium:deviceName":"HUAWEI COL-AL10 (Android 9)","appium:newCommandTimeout":1800,"platform":"ANDROID","platformName":"android","appium:platformVersion":"9","appium:systemPort":8256,"appium:udid":"VBJ4C18519001467"}]}]
[debug] [35m[BaseDriver][39m Event 'newSessionRequested' logged at 1578123624816 (15:40:24 GMT+0800 (GMT+08:00))
[35m[BaseDriver][39m The capabilities ["deviceId","platform"] are not standard capabilities and should have an extension prefix
[35m[Appium][39m Appium v1.15.1 creating new AndroidUiautomator2Driver (v1.37.2) session
[debug] [35m[BaseDriver][39m W3C capabilities and MJSONWP desired capabilities were provided
[debug] [35m[BaseDriver][39m Creating session with W3C capabilities: {
[debug] [35m[BaseDriver][39m   "alwaysMatch": {
[debug] [35m[BaseDriver][39m     "appium:deviceId": "VBJ4C18519001467",
[debug] [35m[BaseDriver][39m     "appium:platform": "ANDROID",
[debug] [35m[BaseDriver][39m     "platformName": "android",
[debug] [35m[BaseDriver][39m     "appium:appActivity": ".Settings",
[debug] [35m[BaseDriver][39m     "appium:appPackage": "com.android.settings",
[debug] [35m[BaseDriver][39m     "appium:autoGrantPermissions": true,
[debug] [35m[BaseDriver][39m     "appium:automationName": "uiautomator2",
[debug] [35m[BaseDriver][39m     "appium:deviceName": "HUAWEI COL-AL10 (Android 9)",
[debug] [35m[BaseDriver][39m     "appium:newCommandTimeout": 1800,
[debug] [35m[BaseDriver][39m     "appium:platformVersion": "9",
[debug] [35m[BaseDriver][39m     "appium:systemPort": 8256,
[debug] [35m[BaseDriver][39m     "appium:udid": "VBJ4C18519001467"
[debug] [35m[BaseDriver][39m   },
[debug] [35m[BaseDriver][39m   "firstMatch": [
[debug] [35m[BaseDriver][39m     {}
[debug] [35m[BaseDriver][39m   ]
[debug] [35m[BaseDriver][39m }
[35m[BaseDriver][39m The following capabilities were provided, but are not recognized by Appium:
[35m[BaseDriver][39m   deviceId
[35m[BaseDriver][39m   platform
[35m[BaseDriver][39m Session created with session id: 028a67bd-8769-4d69-b3c8-d7f6d859bdb3
[35m[UiAutomator2][39m Starting 'com.android.settings' directly on the device
[35m[ADB][39m Found 3 'build-tools' folders under 'C:\Users\Administrator\.katalon\tools\android_sdk' (newest first):
[35m[ADB][39m     C:/Users/Administrator/.katalon/tools/android_sdk/build-tools/29.0.2
[35m[ADB][39m     C:/Users/Administrator/.katalon/tools/android_sdk/build-tools/29.0.0
[35m[ADB][39m     C:/Users/Administrator/.katalon/tools/android_sdk/build-tools/28.0.3
[35m[ADB][39m Using 'adb.exe' from 'C:\Users\Administrator\.katalon\tools\android_sdk\platform-tools\adb.exe'
[35m[AndroidDriver][39m Retrieving device list
[debug] [35m[ADB][39m Trying to find a connected android device
[debug] [35m[ADB][39m Getting connected devices...
[debug] [35m[ADB][39m Connected devices: [{"udid":"VBJ4C18519001467","state":"device"}]
[35m[AndroidDriver][39m Using device: VBJ4C18519001467
[35m[ADB][39m Using 'adb.exe' from 'C:\Users\Administrator\.katalon\tools\android_sdk\platform-tools\adb.exe'
[debug] [35m[ADB][39m Setting device id to VBJ4C18519001467
[debug] [35m[ADB][39m Running 'C:\Users\Administrator\.katalon\tools\android_sdk\platform-tools\adb.exe -P 5037 -s VBJ4C18519001467 shell getprop ro.build.version.sdk'
[debug] [35m[ADB][39m Current device property 'ro.build.version.sdk': 28
[debug] [35m[ADB][39m Running 'C:\Users\Administrator\.katalon\tools\android_sdk\platform-tools\adb.exe -P 5037 -s VBJ4C18519001467 shell getprop ro.build.version.release'
[debug] [35m[ADB][39m Current device property 'ro.build.version.release': 9
[debug] [35m[ADB][39m Device API level: 28
[35m[UiAutomator2][39m Relaxing hidden api policy
[debug] [35m[ADB][39m Running 'C:\Users\Administrator\.katalon\tools\android_sdk\platform-tools\adb.exe -P 5037 -s VBJ4C18519001467 shell settings put global hidden_api_policy_pre_p_apps 1'
[debug] [35m[ADB][39m Running 'C:\Users\Administrator\.katalon\tools\android_sdk\platform-tools\adb.exe -P 5037 -s VBJ4C18519001467 shell settings put global hidden_api_policy_p_apps 1'
[debug] [35m[ADB][39m Running 'C:\Users\Administrator\.katalon\tools\android_sdk\platform-tools\adb.exe -P 5037 -s VBJ4C18519001467 shell settings put global hidden_api_policy 1'
[35m[AndroidDriver][39m No app sent in, not parsing package/activity
[debug] [35m[ADB][39m Running 'C:\Users\Administrator\.katalon\tools\android_sdk\platform-tools\adb.exe -P 5037 -s VBJ4C18519001467 wait-for-device'
[debug] [35m[ADB][39m Running 'C:\Users\Administrator\.katalon\tools\android_sdk\platform-tools\adb.exe -P 5037 -s VBJ4C18519001467 shell echo ping'
[debug] [35m[AndroidDriver][39m Pushing settings apk to device...
[debug] [35m[ADB][39m Getting install status for io.appium.settings
[debug] [35m[ADB][39m Running 'C:\Users\Administrator\.katalon\tools\android_sdk\platform-tools\adb.exe -P 5037 -s VBJ4C18519001467 shell dumpsys package io.appium.settings'
[debug] [35m[ADB][39m 'io.appium.settings' is installed
[debug] [35m[ADB][39m Getting package info for 'io.appium.settings'
[debug] [35m[ADB][39m Running 'C:\Users\Administrator\.katalon\tools\android_sdk\platform-tools\adb.exe -P 5037 -s VBJ4C18519001467 shell dumpsys package io.appium.settings'
[35m[ADB][39m Cannot extract apk info using apkanalyzer. Falling back to aapt. Original error: Could not find 'apkanalyzer.bat' in ["C:\\Users\\Administrator\\.katalon\\tools\\android_sdk\\platform-tools\\apkanalyzer.bat","C:\\Users\\Administrator\\.katalon\\tools\\android_sdk\\emulator\\apkanalyzer.bat","C:\\Users\\Administrator\\.katalon\\tools\\android_sdk\\tools\\apkanalyzer.bat","C:\\Users\\Administrator\\.katalon\\tools\\android_sdk\\tools\\bin\\apkanalyzer.bat","C:\\Users\\Administrator\\.katalon\\tools\\android_sdk\\build-tools\\29.0.2\\apkanalyzer.bat","C:\\Users\\Administrator\\.katalon\\tools\\android_sdk\\build-tools\\29.0.0\\apkanalyzer.bat","C:\\Users\\Administrator\\.katalon\\tools\\android_sdk\\build-tools\\28.0.3\\apkanalyzer.bat"]. Do you have Android Build Tools installed at 'C:\Users\Administrator\.katalon\tools\android_sdk'?
[35m[ADB][39m Using 'aapt.exe' from 'C:\Users\Administrator\.katalon\tools\android_sdk\build-tools\29.0.2\aapt.exe'
[debug] [35m[ADB][39m The version code of the installed 'io.appium.settings' is greater than the application version code (20 > 19)
[debug] [35m[ADB][39m There is no need to downgrade 'io.appium.settings'
[debug] [35m[ADB][39m Getting IDs of all 'io.appium.settings' processes
[debug] [35m[ADB][39m Running 'C:\Users\Administrator\.katalon\tools\android_sdk\platform-tools\adb.exe -P 5037 -s VBJ4C18519001467 shell 'pgrep --help; echo $?''
[debug] [35m[ADB][39m Running 'C:\Users\Administrator\.katalon\tools\android_sdk\platform-tools\adb.exe -P 5037 -s VBJ4C18519001467 shell pgrep -f io\\.appium\\.settings'
[debug] [35m[AndroidDriver][39m io.appium.settings is already running. There is no need to reset its permissions.
[debug] [35m[ADB][39m Running 'C:\Users\Administrator\.katalon\tools\android_sdk\platform-tools\adb.exe -P 5037 -s VBJ4C18519001467 shell appops set io.appium.settings android\:mock_location allow'
[debug] [35m[Logcat][39m Starting logcat capture
[debug] [35m[ADB][39m Getting install status for io.appium.uiautomator2.server
[debug] [35m[ADB][39m Running 'C:\Users\Administrator\.katalon\tools\android_sdk\platform-tools\adb.exe -P 5037 -s VBJ4C18519001467 shell dumpsys package io.appium.uiautomator2.server'
[debug] [35m[ADB][39m 'io.appium.uiautomator2.server' is installed
[debug] [35m[ADB][39m Getting package info for 'io.appium.uiautomator2.server'
[debug] [35m[ADB][39m Running 'C:\Users\Administrator\.katalon\tools\android_sdk\platform-tools\adb.exe -P 5037 -s VBJ4C18519001467 shell dumpsys package io.appium.uiautomator2.server'
[35m[ADB][39m Cannot extract apk info using apkanalyzer. Falling back to aapt. Original error: Could not find 'apkanalyzer.bat' in ["C:\\Users\\Administrator\\.katalon\\tools\\android_sdk\\platform-tools\\apkanalyzer.bat","C:\\Users\\Administrator\\.katalon\\tools\\android_sdk\\emulator\\apkanalyzer.bat","C:\\Users\\Administrator\\.katalon\\tools\\android_sdk\\tools\\apkanalyzer.bat","C:\\Users\\Administrator\\.katalon\\tools\\android_sdk\\tools\\bin\\apkanalyzer.bat","C:\\Users\\Administrator\\.katalon\\tools\\android_sdk\\build-tools\\29.0.2\\apkanalyzer.bat","C:\\Users\\Administrator\\.katalon\\tools\\android_sdk\\build-tools\\29.0.0\\apkanalyzer.bat","C:\\Users\\Administrator\\.katalon\\tools\\android_sdk\\build-tools\\28.0.3\\apkanalyzer.bat"]. Do you have Android Build Tools installed at 'C:\Users\Administrator\.katalon\tools\android_sdk'?
[debug] [35m[ADB][39m The version name of the installed 'io.appium.uiautomator2.server' is greater or equal to the application version name ('4.3.0' >= '4.3.0')
[debug] [35m[UiAutomator2][39m io.appium.uiautomator2.server installation state: sameVersionInstalled
[debug] [35m[ADB][39m Checking app cert for C:\Users\Administrator\AppData\Roaming\npm\node_modules\appium\node_modules\appium-uiautomator2-server\apks\appium-uiautomator2-server-v4.3.0.apk
[35m[ADB][39m Using 'apksigner.bat' from 'C:\Users\Administrator\.katalon\tools\android_sdk\platform-tools\apksigner.bat'
[debug] [35m[ADB][39m Starting 'C:\Users\Administrator\.katalon\tools\android_sdk\platform-tools\apksigner.bat' with args '["verify","--print-certs","C:\\Users\\Administrator\\AppData\\Roaming\\npm\\node_modules\\appium\\node_modules\\appium-uiautomator2-server\\apks\\appium-uiautomator2-server-v4.3.0.apk"]'
[35m[ADB][39m Got an error during apksigner execution: Command 'apksigner.bat verify --print-certs C:\\Users\\Administrator\\AppData\\Roaming\\npm\\node_modules\\appium\\node_modules\\appium-uiautomator2-server\\apks\\appium-uiautomator2-server-v4.3.0.apk' exited with code 1
[35m[ADB][39m apksigner stderr: Error: Unable to access jarfile C:\Users\Administrator\.katalon\tools\android_sdk\platform-tools\..\framework\apksigner.jar
[35m[ADB][39m 
[35m[ADB][39m Cannot use apksigner tool for signature verification. Original error: Command 'apksigner.bat verify --print-certs C:\\Users\\Administrator\\AppData\\Roaming\\npm\\node_modules\\appium\\node_modules\\appium-uiautomator2-server\\apks\\appium-uiautomator2-server-v4.3.0.apk' exited with code 1
[debug] [35m[ADB][39m Defaulting to verify.jar
[debug] [35m[ADB][39m 'C:\Users\Administrator\AppData\Roaming\npm\node_modules\appium\node_modules\appium-uiautomator2-server\apks\appium-uiautomator2-server-v4.3.0.apk' is already signed.
[debug] [35m[ADB][39m Getting install status for io.appium.uiautomator2.server.test
[debug] [35m[ADB][39m Running 'C:\Users\Administrator\.katalon\tools\android_sdk\platform-tools\adb.exe -P 5037 -s VBJ4C18519001467 shell dumpsys package io.appium.uiautomator2.server.test'
[debug] [35m[ADB][39m 'io.appium.uiautomator2.server.test' is installed
[debug] [35m[ADB][39m Checking app cert for C:\Users\Administrator\AppData\Roaming\npm\node_modules\appium\node_modules\appium-uiautomator2-server\apks\appium-uiautomator2-server-debug-androidTest.apk
[debug] [35m[ADB][39m Starting 'C:\Users\Administrator\.katalon\tools\android_sdk\platform-tools\apksigner.bat' with args '["verify","--print-certs","C:\\Users\\Administrator\\AppData\\Roaming\\npm\\node_modules\\appium\\node_modules\\appium-uiautomator2-server\\apks\\appium-uiautomator2-server-debug-androidTest.apk"]'
[35m[ADB][39m Got an error during apksigner execution: Command 'apksigner.bat verify --print-certs C:\\Users\\Administrator\\AppData\\Roaming\\npm\\node_modules\\appium\\node_modules\\appium-uiautomator2-server\\apks\\appium-uiautomator2-server-debug-androidTest.apk' exited with code 1
[35m[ADB][39m apksigner stderr: Error: Unable to access jarfile C:\Users\Administrator\.katalon\tools\android_sdk\platform-tools\..\framework\apksigner.jar
[35m[ADB][39m 
[35m[ADB][39m Cannot use apksigner tool for signature verification. Original error: Command 'apksigner.bat verify --print-certs C:\\Users\\Administrator\\AppData\\Roaming\\npm\\node_modules\\appium\\node_modules\\appium-uiautomator2-server\\apks\\appium-uiautomator2-server-debug-androidTest.apk' exited with code 1
[debug] [35m[ADB][39m Defaulting to verify.jar
[debug] [35m[ADB][39m 'C:\Users\Administrator\AppData\Roaming\npm\node_modules\appium\node_modules\appium-uiautomator2-server\apks\appium-uiautomator2-server-debug-androidTest.apk' is already signed.
[35m[UiAutomator2][39m Server packages are not going to be (re)installed
[debug] [35m[UiAutomator2][39m Waiting up to 30000ms for services to be available
[debug] [35m[ADB][39m Running 'C:\Users\Administrator\.katalon\tools\android_sdk\platform-tools\adb.exe -P 5037 -s VBJ4C18519001467 shell pm list instrumentation'
[debug] [35m[UiAutomator2][39m Instrumentation target 'io.appium.uiautomator2.server.test/androidx.test.runner.AndroidJUnitRunner' is available
[debug] [35m[UiAutomator2][39m Forwarding UiAutomator2 Server port 6790 to 8256
[debug] [35m[ADB][39m Forwarding system: 8256 to device: 6790
[debug] [35m[ADB][39m Running 'C:\Users\Administrator\.katalon\tools\android_sdk\platform-tools\adb.exe -P 5037 -s VBJ4C18519001467 forward tcp\:8256 tcp\:6790'
[debug] [35m[UiAutomator2][39m No app capability. Assuming it is already on the device
[debug] [35m[ADB][39m Getting install status for com.android.settings
[debug] [35m[ADB][39m Running 'C:\Users\Administrator\.katalon\tools\android_sdk\platform-tools\adb.exe -P 5037 -s VBJ4C18519001467 shell dumpsys package com.android.settings'
[debug] [35m[ADB][39m 'com.android.settings' is installed
[debug] [35m[ADB][39m Running 'C:\Users\Administrator\.katalon\tools\android_sdk\platform-tools\adb.exe -P 5037 -s VBJ4C18519001467 shell am force-stop com.android.settings'
[debug] [35m[ADB][39m Running 'C:\Users\Administrator\.katalon\tools\android_sdk\platform-tools\adb.exe -P 5037 -s VBJ4C18519001467 shell pm clear com.android.settings'
[debug] [35m[ADB][39m Running 'C:\Users\Administrator\.katalon\tools\android_sdk\platform-tools\adb.exe -P 5037 -s VBJ4C18519001467 shell dumpsys package com.android.settings'
[debug] [35m[ADB][39m Retrieving requested permissions
[debug] [35m[ADB][39m Retrieved 256 permission(s) from ["requested"] group(s)
[debug] [35m[ADB][39m Retrieving granted permissions
[debug] [35m[ADB][39m Retrieved 194 permission(s) from ["install","runtime"] group(s)
[debug] [35m[ADB][39m Granting permissions ["android.permission.ACCESS_HAND_WRITING_INTRODUCE_PAGE"] to 'com.android.settings'
[debug] [35m[ADB][39m Got the following command chunks to execute: [["pm","grant","com.android.settings","android.permission.ACCESS_HAND_WRITING_INTRODUCE_PAGE",";"]]
[debug] [35m[ADB][39m Running 'C:\Users\Administrator\.katalon\tools\android_sdk\platform-tools\adb.exe -P 5037 -s VBJ4C18519001467 shell pm grant com.android.settings android.permission.ACCESS_HAND_WRITING_INTRODUCE_PAGE \;'
[debug] [35m[AndroidDriver][39m Performed fast reset on the installed 'com.android.settings' application (stop and clear)
[debug] [35m[UiAutomator2][39m Performing shallow cleanup of automation leftovers
[debug] [35m[UiAutomator2][39m No obsolete sessions have been detected (Error: socket hang up)
[debug] [35m[ADB][39m Running 'C:\Users\Administrator\.katalon\tools\android_sdk\platform-tools\adb.exe -P 5037 -s VBJ4C18519001467 shell am force-stop io.appium.uiautomator2.server.test'
[35m[UiAutomator2][39m Starting UIAutomator2 server 4.3.0
[35m[UiAutomator2][39m Using UIAutomator2 server from 'C:\Users\Administrator\AppData\Roaming\npm\node_modules\appium\node_modules\appium-uiautomator2-server\apks\appium-uiautomator2-server-v4.3.0.apk' and test from 'C:\Users\Administrator\AppData\Roaming\npm\node_modules\appium\node_modules\appium-uiautomator2-server\apks\appium-uiautomator2-server-debug-androidTest.apk'
[35m[UiAutomator2][39m Waiting up to 30000ms for UiAutomator2 to be online...
[debug] [35m[ADB][39m Creating ADB subprocess with args: ["-P",5037,"-s","VBJ4C18519001467","shell","am","instrument","-w","io.appium.uiautomator2.server.test/androidx.test.runner.AndroidJUnitRunner"]
[debug] [35m[WD Proxy][39m Matched '/status' to command name 'getStatus'
[debug] [35m[WD Proxy][39m Proxying [GET /status] to [GET http://localhost:8256/wd/hub/status] with no body
[35m[WD Proxy][39m Got an unexpected response with status undefined: {"code":"ECONNRESET"}
[debug] [35m[Instrumentation][39m io.appium.uiautomator2.server.test.AppiumUiAutomator2Server:
[debug] [35m[WD Proxy][39m Matched '/status' to command name 'getStatus'
[debug] [35m[WD Proxy][39m Proxying [GET /status] to [GET http://localhost:8256/wd/hub/status] with no body
[35m[WD Proxy][39m Got an unexpected response with status undefined: {"code":"ECONNRESET"}
[debug] [35m[WD Proxy][39m Matched '/status' to command name 'getStatus'
[debug] [35m[WD Proxy][39m Proxying [GET /status] to [GET http://localhost:8256/wd/hub/status] with no body
[debug] [35m[WD Proxy][39m Got response with status 200: {"sessionId":"None","value":{"ready":true,"message":"UiAutomator2 Server is ready to accept commands"}}
[debug] [35m[UiAutomator2][39m The initialization of the instrumentation process took 3140ms
[debug] [35m[WD Proxy][39m Matched '/session' to command name 'createSession'
[debug] [35m[WD Proxy][39m Proxying [POST /session] to [POST http://localhost:8256/wd/hub/session] with body: {"capabilities":{"firstMatch":[{"platform":"ANDROID","webStorageEnabled":false,"takesScreenshot":true,"javascriptEnabled":true,"databaseEnabled":false,"networkConnectionEnabled":true,"locationContextEnabled":false,"warnings":{},"desired":{"platformName":"android","deviceId":"VBJ4C18519001467","platform":"ANDROID","appActivity":".Settings","appPackage":"com.android.settings","autoGrantPermissions":true,"automationName":"uiautomator2","deviceName":"HUAWEI COL-AL10 (Android 9)","newCommandTimeout":1800,"platformVersion":"9","systemPort":8256,"udid":"VBJ4C18519001467"},"platformName":"android","deviceId":"VBJ4C18519001467","appActivity":".Settings","appPackage":"com.android.settings","autoGrantPermissions":true,"automationName":"uiautomator2","deviceName":"VBJ4C18519001467","newCommandTimeout":1800,"platformVersion":"9","systemPort":8256,"udid":"VBJ4C18519001467","deviceUDID":"VBJ4C18519001467"}],"alwaysMatch":{}}}
[debug] [35m[WD Proxy][39m Got response with status 200: {"sessionId":"459c561e-c3e0-4376-9a49-36e9f34e8d5a","value":{"sessionId":"459c561e-c3e0-4376-9a49-36e9f34e8d5a","capabilities":{"firstMatch":[{"platform":"ANDROID","webStorageEnabled":false,"takesScreenshot":true,"javascriptEnabled":true,"databaseEnabled":false,"networkConnectionEnabled":true,"locationContextEnabled":false,"warnings":{},"desired":{"platformName":"android","deviceId":"VBJ4C18519001467","platform":"ANDROID","appActivity":".Settings","appPackage":"com.android.settings","autoGrantPermissions":true,"automationName":"uiautomator2","deviceName":"HUAWEI COL-AL10 (Android 9)","newCommandTimeout":1800,"platformVersion":"9","systemPort":8256,"udid":"VBJ4C18519001467"},"platformName":"android","deviceId":"VBJ4C18519001467","appActivity":".Settings","appPackage":"com.android.settings","autoGrantPermissions":true,"automationName":"uiautomator2","deviceName":"VBJ4C18519001467","newCommandTimeout":1800,"platformVersion":"9","systemPort":8256,"udid":"VBJ4C18519001467","deviceUDID":"VBJ4C18519001467"}],"alw...
[35m[WD Proxy][39m Determined the downstream protocol as 'W3C'
[debug] [35m[WD Proxy][39m Proxying [GET /appium/device/info] to [GET http://localhost:8256/wd/hub/session/459c561e-c3e0-4376-9a49-36e9f34e8d5a/appium/device/info] with no body
[debug] [35m[WD Proxy][39m Got response with status 200: {"sessionId":"459c561e-c3e0-4376-9a49-36e9f34e8d5a","value":{"androidId":"12e3bb971141fbc0","manufacturer":"HUAWEI","model":"COL-AL10","brand":"HONOR","apiVersion":"28","platformVersion":"9","carrierName":"中国电信","realDisplaySize":"1080x2280","displayDensity":480,"networks":[{"type":1,"typeName":"WIFI","subtype":0,"subtypeName":"","isConnected":true,"detailedState":"CONNECTED","state":"CONNECTED","extraInfo":null,"isAvailable":true,"isFailover":false,"isRoaming":false,"capabilities":{"transportTypes":"NET_CAPABILITY_SUPL","networkCapabilities":"","linkUpstreamBandwidthKbps":1048576,"linkDownBandwidthKbps":1048576,"signalStrength":-64,"networkSpecifier":null,"SSID":null}}],"locale":"zh_CN_#Hans","timeZone":"Asia\/Shanghai"}}
[debug] [35m[ADB][39m Running 'C:\Users\Administrator\.katalon\tools\android_sdk\platform-tools\adb.exe -P 5037 -s VBJ4C18519001467 shell dumpsys window'
[35m[AndroidDriver][39m Screen already unlocked, doing nothing
[35m[UiAutomator2][39m Starting 'com.android.settings/.Settings and waiting for 'com.android.settings/.Settings'
[debug] [35m[ADB][39m Running 'C:\Users\Administrator\.katalon\tools\android_sdk\platform-tools\adb.exe -P 5037 -s VBJ4C18519001467 shell am start -W -n com.android.settings/.Settings -S -a android.intent.action.MAIN -c android.intent.category.LAUNCHER -f 0x10200000'
[debug] [35m[WD Proxy][39m Proxying [GET /appium/device/pixel_ratio] to [GET http://localhost:8256/wd/hub/session/459c561e-c3e0-4376-9a49-36e9f34e8d5a/appium/device/pixel_ratio] with body: {}
[debug] [35m[WD Proxy][39m Got response with status 200: {"sessionId":"459c561e-c3e0-4376-9a49-36e9f34e8d5a","value":3}
[debug] [35m[WD Proxy][39m Matched '/appium/device/system_bars' to command name 'getSystemBars'
[debug] [35m[WD Proxy][39m Proxying [GET /appium/device/system_bars] to [GET http://localhost:8256/wd/hub/session/459c561e-c3e0-4376-9a49-36e9f34e8d5a/appium/device/system_bars] with body: {}
[debug] [35m[WD Proxy][39m Got response with status 200: {"sessionId":"459c561e-c3e0-4376-9a49-36e9f34e8d5a","value":{"statusBar":90}}
[debug] [35m[WD Proxy][39m Matched '/window/current/size' to command name 'getWindowSize'
[debug] [35m[WD Proxy][39m Proxying [GET /window/current/size] to [GET http://localhost:8256/wd/hub/session/459c561e-c3e0-4376-9a49-36e9f34e8d5a/window/current/size] with body: {}
[debug] [35m[WD Proxy][39m Got response with status 200: {"sessionId":"459c561e-c3e0-4376-9a49-36e9f34e8d5a","value":{"height":2190,"width":1080}}
[35m[Appium][39m New AndroidUiautomator2Driver session created successfully, session 028a67bd-8769-4d69-b3c8-d7f6d859bdb3 added to master session list
[debug] [35m[BaseDriver][39m Event 'newSessionStarted' logged at 1578123633521 (15:40:33 GMT+0800 (GMT+08:00))
[debug] [35m[W3C (028a67bd)][39m Cached the protocol value 'W3C' for the new session 028a67bd-8769-4d69-b3c8-d7f6d859bdb3
[debug] [35m[W3C (028a67bd)][39m Responding to client with driver.createSession() result: {"capabilities":{"platform":"ANDROID","webStorageEnabled":false,"takesScreenshot":true,"javascriptEnabled":true,"databaseEnabled":false,"networkConnectionEnabled":true,"locationContextEnabled":false,"warnings":{},"desired":{"platformName":"android","deviceId":"VBJ4C18519001467","platform":"ANDROID","appActivity":".Settings","appPackage":"com.android.settings","autoGrantPermissions":true,"automationName":"uiautomator2","deviceName":"HUAWEI COL-AL10 (Android 9)","newCommandTimeout":1800,"platformVersion":"9","systemPort":8256,"udid":"VBJ4C18519001467"},"platformName":"android","deviceId":"VBJ4C18519001467","appActivity":".Settings","appPackage":"com.android.settings","autoGrantPermissions":true,"automationName":"uiautomator2","deviceName":"VBJ4C18519001467","newCommandTimeout":1800,"platformVersion":"9","systemPort":8256,"udid":"VBJ4C18519001467","deviceUDID":"VBJ4C18519001467","deviceApiLevel":28,"deviceScreenSize":"1080x2280","deviceScreenDensity":480,"deviceModel":"COL-AL10","deviceManufacturer":"HUAWEI",...
[35m[HTTP][39m [37m<-- POST /wd/hub/session [39m[32m200[39m [90m8708 ms - 1179[39m
[35m[HTTP][39m [90m[39m
[35m[HTTP][39m [37m-->[39m [37mGET[39m [37m/wd/hub/session/028a67bd-8769-4d69-b3c8-d7f6d859bdb3[39m
[35m[HTTP][39m [90m{}[39m
[debug] [35m[W3C (028a67bd)][39m Calling AppiumDriver.getSession() with args: ["028a67bd-8769-4d69-b3c8-d7f6d859bdb3"]
[debug] [35m[UiAutomator2][39m Getting session details from server to mix in
[debug] [35m[WD Proxy][39m Matched '/' to command name 'getSession'
[debug] [35m[WD Proxy][39m Proxying [GET /] to [GET http://localhost:8256/wd/hub/session/459c561e-c3e0-4376-9a49-36e9f34e8d5a] with body: {}
[debug] [35m[WD Proxy][39m Got response with status 200: {"sessionId":"459c561e-c3e0-4376-9a49-36e9f34e8d5a","value":{}}
[debug] [35m[W3C (028a67bd)][39m Responding to client with driver.getSession() result: {"platform":"ANDROID","webStorageEnabled":false,"takesScreenshot":true,"javascriptEnabled":true,"databaseEnabled":false,"networkConnectionEnabled":true,"locationContextEnabled":false,"warnings":{},"desired":{"platformName":"android","deviceId":"VBJ4C18519001467","platform":"ANDROID","appActivity":".Settings","appPackage":"com.android.settings","autoGrantPermissions":true,"automationName":"uiautomator2","deviceName":"HUAWEI COL-AL10 (Android 9)","newCommandTimeout":1800,"platformVersion":"9","systemPort":8256,"udid":"VBJ4C18519001467"},"platformName":"android","deviceId":"VBJ4C18519001467","appActivity":".Settings","appPackage":"com.android.settings","autoGrantPermissions":true,"automationName":"uiautomator2","deviceName":"VBJ4C18519001467","newCommandTimeout":1800,"platformVersion":"9","systemPort":8256,"udid":"VBJ4C18519001467","deviceUDID":"VBJ4C18519001467","deviceApiLevel":28,"deviceScreenSize":"1080x2280","deviceScreenDensity":480,"deviceModel":"COL-AL10","deviceManufacturer":"HUAWEI","pixelRatio":3,"...
[35m[HTTP][39m [37m<-- GET /wd/hub/session/028a67bd-8769-4d69-b3c8-d7f6d859bdb3 [39m[32m200[39m [90m36 ms - 1111[39m
[35m[HTTP][39m [90m[39m
[35m[HTTP][39m [37m-->[39m [37mGET[39m [37m/wd/hub/session/028a67bd-8769-4d69-b3c8-d7f6d859bdb3[39m
[35m[HTTP][39m [90m{}[39m
[debug] [35m[W3C (028a67bd)][39m Calling AppiumDriver.getSession() with args: ["028a67bd-8769-4d69-b3c8-d7f6d859bdb3"]
[debug] [35m[UiAutomator2][39m Getting session details from server to mix in
[debug] [35m[WD Proxy][39m Matched '/' to command name 'getSession'
[debug] [35m[WD Proxy][39m Proxying [GET /] to [GET http://localhost:8256/wd/hub/session/459c561e-c3e0-4376-9a49-36e9f34e8d5a] with body: {}
[debug] [35m[WD Proxy][39m Got response with status 200: {"sessionId":"459c561e-c3e0-4376-9a49-36e9f34e8d5a","value":{}}
[debug] [35m[W3C (028a67bd)][39m Responding to client with driver.getSession() result: {"platform":"ANDROID","webStorageEnabled":false,"takesScreenshot":true,"javascriptEnabled":true,"databaseEnabled":false,"networkConnectionEnabled":true,"locationContextEnabled":false,"warnings":{},"desired":{"platformName":"android","deviceId":"VBJ4C18519001467","platform":"ANDROID","appActivity":".Settings","appPackage":"com.android.settings","autoGrantPermissions":true,"automationName":"uiautomator2","deviceName":"HUAWEI COL-AL10 (Android 9)","newCommandTimeout":1800,"platformVersion":"9","systemPort":8256,"udid":"VBJ4C18519001467"},"platformName":"android","deviceId":"VBJ4C18519001467","appActivity":".Settings","appPackage":"com.android.settings","autoGrantPermissions":true,"automationName":"uiautomator2","deviceName":"VBJ4C18519001467","newCommandTimeout":1800,"platformVersion":"9","systemPort":8256,"udid":"VBJ4C18519001467","deviceUDID":"VBJ4C18519001467","deviceApiLevel":28,"deviceScreenSize":"1080x2280","deviceScreenDensity":480,"deviceModel":"COL-AL10","deviceManufacturer":"HUAWEI","pixelRatio":3,"...
[35m[HTTP][39m [37m<-- GET /wd/hub/session/028a67bd-8769-4d69-b3c8-d7f6d859bdb3 [39m[32m200[39m [90m14 ms - 1111[39m
[35m[HTTP][39m [90m[39m
[35m[HTTP][39m [37m-->[39m [37mGET[39m [37m/wd/hub/status[39m
[35m[HTTP][39m [90m{}[39m
[debug] [35m[GENERIC][39m Calling AppiumDriver.getStatus() with args: []
[debug] [35m[GENERIC][39m Responding to client with driver.getStatus() result: {"build":{"version":"1.15.1"}}
[35m[HTTP][39m [37m<-- GET /wd/hub/status [39m[32m200[39m [90m1 ms - 68[39m
[35m[HTTP][39m [90m[39m
[35m[HTTP][39m [37m-->[39m [37mPOST[39m [37m/wd/hub/session/028a67bd-8769-4d69-b3c8-d7f6d859bdb3/timeouts[39m
[35m[HTTP][39m [90m{"implicit":60000}[39m
[debug] [35m[W3C (028a67bd)][39m Calling AppiumDriver.timeouts() with args: [null,null,null,null,60000,"028a67bd-8769-4d69-b3c8-d7f6d859bdb3"]
[debug] [35m[BaseDriver][39m W3C timeout argument: {"implicit":60000}}
[debug] [35m[BaseDriver][39m Set implicit wait to 60000ms
[debug] [35m[W3C (028a67bd)][39m Responding to client with driver.timeouts() result: null
[35m[HTTP][39m [37m<-- POST /wd/hub/session/028a67bd-8769-4d69-b3c8-d7f6d859bdb3/timeouts [39m[32m200[39m [90m3 ms - 14[39m
[35m[HTTP][39m [90m[39m
[35m[HTTP][39m [37m-->[39m [37mPOST[39m [37m/wd/hub/session/028a67bd-8769-4d69-b3c8-d7f6d859bdb3/appium/device/activate_app[39m
[35m[HTTP][39m [90m{"bundleId":"com.goldlokedu.tgoldlokedu "}[39m
[debug] [35m[W3C (028a67bd)][39m Calling AppiumDriver.activateApp() with args: ["com.goldlokedu.tgoldlokedu ",null,null,null,"028a67bd-8769-4d69-b3c8-d7f6d859bdb3"]
[debug] [35m[AndroidDriver][39m Activating 'com.goldlokedu.tgoldlokedu ' with 'adb shell monkey -p com.goldlokedu.tgoldlokedu  -c android.intent.category.LAUNCHER 1' command
[debug] [35m[ADB][39m Running 'C:\Users\Administrator\.katalon\tools\android_sdk\platform-tools\adb.exe -P 5037 -s VBJ4C18519001467 shell monkey -p 'com.goldlokedu.tgoldlokedu ' -c android.intent.category.LAUNCHER 1'
[debug] [35m[AndroidDriver][39m Command stdout: bash arg: -p
[debug] [35m[AndroidDriver][39m   bash arg: com.goldlokedu.tgoldlokedu
[debug] [35m[AndroidDriver][39m   bash arg: -c
[debug] [35m[AndroidDriver][39m   bash arg: android.intent.category.LAUNCHER
[debug] [35m[AndroidDriver][39m   bash arg: 1
[debug] [35m[AndroidDriver][39m Events injected: 1
[debug] [35m[AndroidDriver][39m ## Network stats: elapsed time=18ms (0ms mobile, 0ms wifi, 18ms not connected)
[debug] [35m[W3C (028a67bd)][39m Responding to client with driver.activateApp() result: null
[35m[HTTP][39m [37m<-- POST /wd/hub/session/028a67bd-8769-4d69-b3c8-d7f6d859bdb3/appium/device/activate_app [39m[32m200[39m [90m491 ms - 14[39m
[35m[HTTP][39m [90m[39m
[35m[HTTP][39m [37m-->[39m [37mGET[39m [37m/wd/hub/session/028a67bd-8769-4d69-b3c8-d7f6d859bdb3/source[39m
[35m[HTTP][39m [90m{}[39m
[35m[W3C (028a67bd)][39m Driver proxy active, passing request on via HTTP proxy
[debug] [35m[WD Proxy][39m Matched '/wd/hub/session/028a67bd-8769-4d69-b3c8-d7f6d859bdb3/source' to command name 'getPageSource'
[debug] [35m[WD Proxy][39m Proxying [GET /wd/hub/session/028a67bd-8769-4d69-b3c8-d7f6d859bdb3/source] to [GET http://localhost:8256/wd/hub/session/459c561e-c3e0-4376-9a49-36e9f34e8d5a/source] with body: {}
[debug] [35m[WD Proxy][39m Got response with status 200: {"sessionId":"459c561e-c3e0-4376-9a49-36e9f34e8d5a","value":"<?xml version='1.0' encoding='UTF-8' standalone='yes' ?>\r\n<hierarchy index=\"0\" class=\"hierarchy\" rotation=\"0\" width=\"1080\" height=\"2190\">\r\n  <android.widget.FrameLayout index=\"0\" package=\"com.goldlokedu.tgoldlokedu\" class=\"android.widget.FrameLayout\" text=\"\" checkable=\"false\" checked=\"false\" clickable=\"false\" enabled=\"true\" focusable=\"false\" focused=\"false\" long-clickable=\"false\" password=\"false\" scrollable=\"false\" selected=\"false\" bounds=\"[0,0][1080,2190]\" displayed=\"true\">\r\n    <android.widget.LinearLayout index=\"0\" package=\"com.goldlokedu.tgoldlokedu\" class=\"android.widget.LinearLayout\" text=\"\" checkable=\"false\" checked=\"false\" clickable=\"false\" enabled=\"true\" focusable=\"false\" focused=\"false\" long-clickable=\"false\" password=\"false\" scrollable=\"false\" selected=\"false\" bounds=\"[0,0][1080,2190]\" displayed=\"true\">\r\n      <android.widget.FrameLayout index=\"0\" packa...
[35m[WD Proxy][39m Replacing sessionId 459c561e-c3e0-4376-9a49-36e9f34e8d5a with 028a67bd-8769-4d69-b3c8-d7f6d859bdb3
[35m[HTTP][39m [37m<-- GET /wd/hub/session/028a67bd-8769-4d69-b3c8-d7f6d859bdb3/source [39m[32m200[39m [90m525 ms - 47048[39m
[35m[HTTP][39m [90m[39m
[35m[HTTP][39m [37m-->[39m [37mGET[39m [37m/wd/hub/session/028a67bd-8769-4d69-b3c8-d7f6d859bdb3/screenshot[39m
[35m[HTTP][39m [90m{}[39m
[debug] [35m[W3C (028a67bd)][39m Calling AppiumDriver.getScreenshot() with args: ["028a67bd-8769-4d69-b3c8-d7f6d859bdb3"]
[debug] [35m[WD Proxy][39m Matched '/screenshot' to command name 'getScreenshot'
[debug] [35m[WD Proxy][39m Proxying [GET /screenshot] to [GET http://localhost:8256/wd/hub/session/459c561e-c3e0-4376-9a49-36e9f34e8d5a/screenshot] with no body
[debug] [35m[WD Proxy][39m Got response with status 200: {"sessionId":"459c561e-c3e0-4376-9a49-36e9f34e8d5a","value":"iVBORw0KGgoAAAANSUhEUgAABDgAAAjoCAYAAAA5jhrUAAAABHNCSVQICAgIfAhkiAAAIABJREFU\neJzs3Xd8I3eZP\/DPFPXqJvftNdn0bPomm4T0kIR0whEOODpc6BwcP0LNwQEHBxwcOY4DjkBIAmmk\nknLphGzqZjfbq9ddtnqd0fz+kD2rUbElW7Ys+\/N+vfJ6ZUaa0ddaSTPzzPN9HmH9xms0EBERERER\nERHVMbHWAyAiIiIiIiIimi4GOIiIiIiIiIio7jHAQURERERERER1jwEOIiIiIiIiIqp7DHAQERER\nERERUd1jgIOIiIiIiIiI6h4DHERERERERERU9xjgICIiIiIiIqK6xwAHEREREREREdU9BjiIiIiI\niIiIqO4xwEFEREREREREdY8BDiIiIiIiIiKqewxwEBEREREREVHdY4CDiIiIiIiIiOoeAxxERERE\nREREVPcY4CAiIiIiIiKiuscABxERERERERHVPQY4iIiIiIiIiKjuMcBBRERERERERHWPAQ4iIiIi\nIiIiqnsMcBARERERERFR3ZNrPQAiotmWyagQRWlqG2sa0ukUMhkFgiDCZLJAEBkrJiIiIiKqNQY4\niGhBUJU0YtEgIsFhOFyNcDf4Kt5HODiMoL8PipLS1wmCCLe3BZ7GdojSFIMmREREREQ0bQxwENG8\npWkZJGJhREMjiIRH9PUOV2PF+xodOoTgaD9EUYLb64PJbIWqpLNBj9EBpJIx+DpXQBCYzUFERERE\nVAsMcBDRvHVo75tQlDQAwGpzAgAS8UjF+0nEIwiO9kOSTGjrXgWT2ao\/5vQ0o\/\/gNsRjYUTDo3C6\nm6ozeCIiIiIiqghvNRLRvCUIIhqaO9G5+Ai0da+G1eaa0n5i4VEAgKexzRDcAADZZIa7oRUAkIhV\nHjwhIiIiIqLqYAYHEc1...
[debug] [35m[W3C (028a67bd)][39m Responding to client with driver.getScreenshot() result: "iVBORw0KGgoAAAANSUhEUgAABDgAAAjoCAYAAAA5jhrUAAAABHNCSVQICAgIfAhkiAAAIABJREFU\neJzs3Xd8I3eZP/DPFPXqJvftNdn0bPomm4T0kIR0whEOODpc6BwcP0LNwQEHBxwcOY4DjkBIAmmk\nknLphGzqZjfbq9ddtnqd0fz+kD2rUbElW7Ys+/N+vfJ6ZUaa0ddaSTPzzPN9HmH9xms0EBERERER\nERHVMbHWAyAiIiIiIiIimi4GOIiIiIiIiIio7jHAQURERERERER1jwEOIiIiIiIiIqp7DHAQERER\nERERUd1jgIOIiIiIiIiI6h4DHERERERERERU9xjgICIiIiIiIqK6xwAHEREREREREdU9BjiIiIiI\niIiIqO4xwEFEREREREREdY8BDiIiIiIiIiKqewxwEBEREREREVHdY4CDiIiIiIiIiOoeAxxERERE\nREREVPcY4CAiIiIiIiKiuscABxERERERERHVPQY4iIiIiIiIiKjuMcBBRERERERERHWPAQ4iIiIi\nIiIiqnsMcBARERERERFR3ZNrPQAiotmWyagQRWlqG2sa0ukUMhkFgiDCZLJAEBkrJiIiIiKqNQY4\niGhBUJU0YtEgIsFhOFyNcDf4Kt5HODiMoL8PipLS1wmCCLe3BZ7GdojSFIMmREREREQ0bQxwENG8\npWkZJGJhREMjiIRH9PUOV2PF+xodOoTgaD9EUYLb64PJbIWqpLNBj9EBpJIx+DpXQBCYzUFERERE\nVAsMcBDRvHVo75tQlDQAwGpzAgAS8UjF+0nEIwiO9kOSTGjrXgWT2ao/5vQ0o//gNsRjYUTDo3C6\nm6ozeCIiIiIiqghvNRLRvCUIIhqaO9G5+Ai0da+G1eaa0n5i4VEAgKexzRDcAADZZIa7oRUAkIhV\nHjwhIiIiIqLqYAYHEc1bnUuOBARh2vtR0knIsglmq73o47LJAiA7JYaIiIiIiGqDAY4FrmfPG1CU\nNCxWB9...
[35m[HTTP][39m [37m<-- GET /wd/hub/session/028a67bd-8769-4d69-b3c8-d7f6d859bdb3/screenshot [39m[32m200[39m [90m624 ms - 275066[39m
[35m[HTTP][39m [90m[39m
[35m[HTTP][39m [37m-->[39m [37mGET[39m [37m/wd/hub/session/028a67bd-8769-4d69-b3c8-d7f6d859bdb3/source[39m
[35m[HTTP][39m [90m{}[39m
[35m[W3C (028a67bd)][39m Driver proxy active, passing request on via HTTP proxy
[debug] [35m[WD Proxy][39m Matched '/wd/hub/session/028a67bd-8769-4d69-b3c8-d7f6d859bdb3/source' to command name 'getPageSource'
[debug] [35m[WD Proxy][39m Proxying [GET /wd/hub/session/028a67bd-8769-4d69-b3c8-d7f6d859bdb3/source] to [GET http://localhost:8256/wd/hub/session/459c561e-c3e0-4376-9a49-36e9f34e8d5a/source] with body: {}
[debug] [35m[WD Proxy][39m Got response with status 200: {"sessionId":"459c561e-c3e0-4376-9a49-36e9f34e8d5a","value":"<?xml version='1.0' encoding='UTF-8' standalone='yes' ?>\r\n<hierarchy index=\"0\" class=\"hierarchy\" rotation=\"0\" width=\"1080\" height=\"2190\">\r\n  <android.widget.FrameLayout index=\"0\" package=\"com.goldlokedu.tgoldlokedu\" class=\"android.widget.FrameLayout\" text=\"\" checkable=\"false\" checked=\"false\" clickable=\"false\" enabled=\"true\" focusable=\"false\" focused=\"false\" long-clickable=\"false\" password=\"false\" scrollable=\"false\" selected=\"false\" bounds=\"[0,0][1080,2190]\" displayed=\"true\">\r\n    <android.widget.LinearLayout index=\"0\" package=\"com.goldlokedu.tgoldlokedu\" class=\"android.widget.LinearLayout\" text=\"\" checkable=\"false\" checked=\"false\" clickable=\"false\" enabled=\"true\" focusable=\"false\" focused=\"false\" long-clickable=\"false\" password=\"false\" scrollable=\"false\" selected=\"false\" bounds=\"[0,0][1080,2190]\" displayed=\"true\">\r\n      <android.widget.FrameLayout index=\"0\" packa...
[35m[WD Proxy][39m Replacing sessionId 459c561e-c3e0-4376-9a49-36e9f34e8d5a with 028a67bd-8769-4d69-b3c8-d7f6d859bdb3
[35m[HTTP][39m [37m<-- GET /wd/hub/session/028a67bd-8769-4d69-b3c8-d7f6d859bdb3/source [39m[32m200[39m [90m246 ms - 20931[39m
[35m[HTTP][39m [90m[39m
[35m[HTTP][39m [37m-->[39m [37mGET[39m [37m/wd/hub/session/028a67bd-8769-4d69-b3c8-d7f6d859bdb3/screenshot[39m
[35m[HTTP][39m [90m{}[39m
[debug] [35m[W3C (028a67bd)][39m Calling AppiumDriver.getScreenshot() with args: ["028a67bd-8769-4d69-b3c8-d7f6d859bdb3"]
[debug] [35m[WD Proxy][39m Matched '/screenshot' to command name 'getScreenshot'
[debug] [35m[WD Proxy][39m Proxying [GET /screenshot] to [GET http://localhost:8256/wd/hub/session/459c561e-c3e0-4376-9a49-36e9f34e8d5a/screenshot] with no body
[debug] [35m[WD Proxy][39m Got response with status 200: {"sessionId":"459c561e-c3e0-4376-9a49-36e9f34e8d5a","value":"iVBORw0KGgoAAAANSUhEUgAABDgAAAjoCAYAAAA5jhrUAAAABHNCSVQICAgIfAhkiAAAIABJREFU\neJzs3XecJHWZP\/BPhc5xUk\/eHGHJLHlhAckISBL1xFPPrIdnPD1\/Yj499fQ8T0\/O89QTAwZQBBER\nTkAQWeKysDnOTu6ZzrHC74+eqe3qMNPT0zPTPfN5v168tKu7qr7d29NV9dTzfR5h89abdBARERER\nERERNTBxoQdARERERERERDRbDHAQERERERERUcNjgIOIiIiIiIiIGh4DHERERERERETU8BjgICIi\nIiIiIqKGxwAHERERERERETU8BjiIiIiIiIiIqOExwEFEREREREREDY8BDiIiIiIiIiJqeAxwEBER\nEREREVHDY4CDiIiIiIiIiBoeAxxERERERERE1PAY4CAiIiIiIiKihscABxERERERERE1PAY4iIiI\niIiIiKjhMcBBRERERERERA2PAQ4iIiIiIiIiangMcBARERERERFRw2OAg4iIiIiIiIgaHgMcRERE\nRERERNTwGOAgIiIiIiIiooYnL\/QAiIjmgpLNQFMVCIIA2WKDIFYRz9V1aLoGUZTmfl9ERERERDQr\nDHAQ0aKSSkQRCvYjlYwZy0RRgtcfgLe5vYJgRRrxyBiSiQhSyRgsFju6Vx4\/J\/siIiIiIqLaYYCD\niBaNZDyCoaN7AAAuTxNsDjc0RUE0PIrQ2ADS6QQCXashCELJ9WORIIJDh6HrGgRBhM3mhMXmnJN9\nERERERFRbTHAQUSLg65jbOQIAKC5rQfepnbjKbe\/FYOHdyEZDyMRC8HlaSpaPR4dw+jgQQiCiOZA\nL1yeZkhSmZ\/IWe6LiIiIiIhqjxPFiWhRyGbTyGZSECDA428zPSfLVnibAgCAdN50kkmqkkVw6DAA\noL17Dbz+QPngxiz...
[debug] [35m[W3C (028a67bd)][39m Responding to client with driver.getScreenshot() result: "iVBORw0KGgoAAAANSUhEUgAABDgAAAjoCAYAAAA5jhrUAAAABHNCSVQICAgIfAhkiAAAIABJREFU\neJzs3XecJHWZP/BPhc5xUk/eHGHJLHlhAckISBL1xFPPrIdnPD1/Yj499fQ8T0/O89QTAwZQBBER\nTkAQWeKysDnOTu6ZzrHC74+eqe3qMNPT0zPTPfN5v168tKu7qr7d29NV9dTzfR5h89abdBARERER\nERERNTBxoQdARERERERERDRbDHAQERERERERUcNjgIOIiIiIiIiIGh4DHERERERERETU8BjgICIi\nIiIiIqKGxwAHERERERERETU8BjiIiIiIiIiIqOExwEFEREREREREDY8BDiIiIiIiIiJqeAxwEBER\nEREREVHDY4CDiIiIiIiIiBoeAxxERERERERE1PAY4CAiIiIiIiKihscABxERERERERE1PAY4iIiI\niIiIiKjhMcBBRERERERERA2PAQ4iIiIiIiIiangMcBARERERERFRw2OAg4iIiIiIiIgaHgMcRERE\nRERERNTwGOAgIiIiIiIiooYnL/QAiIjmgpLNQFMVCIIA2WKDIFYRz9V1aLoGUZTmfl9ERERERDQr\nDHAQ0aKSSkQRCvYjlYwZy0RRgtcfgLe5vYJgRRrxyBiSiQhSyRgsFju6Vx4/J/siIiIiIqLaYYCD\niBaNZDyCoaN7AAAuTxNsDjc0RUE0PIrQ2ADS6QQCXashCELJ9WORIIJDh6HrGgRBhM3mhMXmnJN9\nERERERFRbTHAQUSLg65jbOQIAKC5rQfepnbjKbe/FYOHdyEZDyMRC8HlaSpaPR4dw+jgQQiCiOZA\nL1yeZkhSmZ/IWe6LiIiIiIhqjxPFiWhRyGbTyGZSECDA428zPSfLVnibAgCAdN50kkmqkkVw6DAA\noL17Dbz+QPngxiz3RUREREREc4MBDiJaFHRdBwDIFisEofinTZKtAABNU4uei0XGoGkq/C2dsDs9\nc7ovIi...
[35m[HTTP][39m [37m<-- GET /wd/hub/session/028a67bd-8769-4d69-b3c8-d7f6d859bdb3/screenshot [39m[32m200[39m [90m604 ms - 117596[39m
[35m[HTTP][39m [90m[39m
[35m[HTTP][39m [37m-->[39m [37mGET[39m [37m/wd/hub/session/028a67bd-8769-4d69-b3c8-d7f6d859bdb3/source[39m
[35m[HTTP][39m [90m{}[39m
[35m[W3C (028a67bd)][39m Driver proxy active, passing request on via HTTP proxy
[debug] [35m[WD Proxy][39m Matched '/wd/hub/session/028a67bd-8769-4d69-b3c8-d7f6d859bdb3/source' to command name 'getPageSource'
[debug] [35m[WD Proxy][39m Proxying [GET /wd/hub/session/028a67bd-8769-4d69-b3c8-d7f6d859bdb3/source] to [GET http://localhost:8256/wd/hub/session/459c561e-c3e0-4376-9a49-36e9f34e8d5a/source] with body: {}
[debug] [35m[WD Proxy][39m Got response with status 200: {"sessionId":"459c561e-c3e0-4376-9a49-36e9f34e8d5a","value":"<?xml version='1.0' encoding='UTF-8' standalone='yes' ?>\r\n<hierarchy index=\"0\" class=\"hierarchy\" rotation=\"0\" width=\"1080\" height=\"2190\">\r\n  <android.widget.FrameLayout index=\"0\" package=\"com.goldlokedu.tgoldlokedu\" class=\"android.widget.FrameLayout\" text=\"\" checkable=\"false\" checked=\"false\" clickable=\"false\" enabled=\"true\" focusable=\"false\" focused=\"false\" long-clickable=\"false\" password=\"false\" scrollable=\"false\" selected=\"false\" bounds=\"[0,0][1080,2190]\" displayed=\"true\">\r\n    <android.widget.LinearLayout index=\"0\" package=\"com.goldlokedu.tgoldlokedu\" class=\"android.widget.LinearLayout\" text=\"\" checkable=\"false\" checked=\"false\" clickable=\"false\" enabled=\"true\" focusable=\"false\" focused=\"false\" long-clickable=\"false\" password=\"false\" scrollable=\"false\" selected=\"false\" bounds=\"[0,0][1080,2190]\" displayed=\"true\">\r\n      <android.widget.FrameLayout index=\"0\" packa...
[35m[WD Proxy][39m Replacing sessionId 459c561e-c3e0-4376-9a49-36e9f34e8d5a with 028a67bd-8769-4d69-b3c8-d7f6d859bdb3
[35m[HTTP][39m [37m<-- GET /wd/hub/session/028a67bd-8769-4d69-b3c8-d7f6d859bdb3/source [39m[32m200[39m [90m1045 ms - 46590[39m
[35m[HTTP][39m [90m[39m
[35m[HTTP][39m [37m-->[39m [37mGET[39m [37m/wd/hub/session/028a67bd-8769-4d69-b3c8-d7f6d859bdb3/screenshot[39m
[35m[HTTP][39m [90m{}[39m
[debug] [35m[W3C (028a67bd)][39m Calling AppiumDriver.getScreenshot() with args: ["028a67bd-8769-4d69-b3c8-d7f6d859bdb3"]
[debug] [35m[WD Proxy][39m Matched '/screenshot' to command name 'getScreenshot'
[debug] [35m[WD Proxy][39m Proxying [GET /screenshot] to [GET http://localhost:8256/wd/hub/session/459c561e-c3e0-4376-9a49-36e9f34e8d5a/screenshot] with no body
[debug] [35m[WD Proxy][39m Got response with status 200: {"sessionId":"459c561e-c3e0-4376-9a49-36e9f34e8d5a","value":"iVBORw0KGgoAAAANSUhEUgAABDgAAAjoCAYAAAA5jhrUAAAABHNCSVQICAgIfAhkiAAAIABJREFU\neJzs3Xd4ZGd5NvD7lOlVbdS1vbn3btxwN7bBBQPBBAg9BAIhJIQP0wMBAiF8ITh8BAgmYIoBB2Oq\ngw02Bnd77d319tWqz2h6O+37Y6Szc6ZpJI00Gun+XZevy3NmzplXsyOdc573eZ9HOPPiWwwQERER\nEREREbUwsdkDICIiIiIiIiJaLAY4iIiIiIiIiKjlMcBBRERERERERC2PAQ4iIiIiIiIiankMcBAR\nERERERFRy2OAg4iIiIiIiIhaHgMcRERERERERNTyGOAgIiIiIiIiopbHAAcRERERERERtTwGOIiI\niIiIiIio5THAQUREREREREQtjwEOIiIiIiIiImp5DHAQERERERERUctjgIOIiIiIiIiIWh4DHERE\nRERERETU8hjgICIiIiIiIqKWxwAHEREREREREbU8BjiIiIiIiIiIqOUxwEFERERERERELY8BDiIi\nIiIiIiJqeQxwEBEREREREVHLk5s9ACKiRjF0vf4XCwIEQSg5gAFFyUPXVQiCCJvNAUGcOw6sqnno\nqgpBECDbHRAExo6JiIiIiJYbAxxEtCrouobDe5+q+\/VdPRvg8bebjxOxKcTCo1DVvLlNEET4g10I\ntPdClKSyY+SyKUxPHkU2kzC3iaKEQHsP\/G0hBjqIiIiIiJYRAxxEtCoIEOALdM75ulRiGrquQbY5\nzG3Tk0cRmx6DKErwB0Ow2Z3QVKUQ9JgeRz6XRqh\/syVgkcskMTb8IgxDh9ffAYfLC11TkYxNYXrq\nKJRcBp29G5bkZyUiIiIionIMcBDRqiCIIjq619V8jZLPIhGbgsvtg8PlAQBkM0nEpscgSTb0DG6F\nze40X+8NdGLsyC5k0gmkE...
[debug] [35m[W3C (028a67bd)][39m Responding to client with driver.getScreenshot() result: "iVBORw0KGgoAAAANSUhEUgAABDgAAAjoCAYAAAA5jhrUAAAABHNCSVQICAgIfAhkiAAAIABJREFU\neJzs3Xd4ZGd5NvD7lOlVbdS1vbn3btxwN7bBBQPBBAg9BAIhJIQP0wMBAiF8ITh8BAgmYIoBB2Oq\ngw02Bnd77d319tWqz2h6O+37Y6Szc6ZpJI00Gun+XZevy3NmzplXsyOdc573eZ9HOPPiWwwQERER\nEREREbUwsdkDICIiIiIiIiJaLAY4iIiIiIiIiKjlMcBBRERERERERC2PAQ4iIiIiIiIiankMcBAR\nERERERFRy2OAg4iIiIiIiIhaHgMcRERERERERNTyGOAgIiIiIiIiopbHAAcRERERERERtTwGOIiI\niIiIiIio5THAQUREREREREQtjwEOIiIiIiIiImp5DHAQERERERERUctjgIOIiIiIiIiIWh4DHERE\nRERERETU8hjgICIiIiIiIqKWxwAHEREREREREbU8BjiIiIiIiIiIqOUxwEFERERERERELY8BDiIi\nIiIiIiJqeQxwEBEREREREVHLk5s9ACKiRjF0vf4XCwIEQSg5gAFFyUPXVQiCCJvNAUGcOw6sqnno\nqgpBECDbHRAExo6JiIiIiJYbAxxEtCrouobDe5+q+/VdPRvg8bebjxOxKcTCo1DVvLlNEET4g10I\ntPdClKSyY+SyKUxPHkU2kzC3iaKEQHsP/G0hBjqIiIiIiJYRAxxEtCoIEOALdM75ulRiGrquQbY5\nzG3Tk0cRmx6DKErwB0Ow2Z3QVKUQ9JgeRz6XRqh/syVgkcskMTb8IgxDh9ffAYfLC11TkYxNYXrq\nKJRcBp29G5bkZyUiIiIionIMcBDRqiCIIjq619V8jZLPIhGbgsvtg8PlAQBkM0nEpscgSTb0DG6F\nze40X+8NdGLsyC5k0gmkEtPw+jvM5yITR2AYOjpCQ/AFu47t4+/A2JE9SCYi8Pg74PL4G/yTEhER\nERFRJc...
[35m[HTTP][39m [37m<-- GET /wd/hub/session/028a67bd-8769-4d69-b3c8-d7f6d859bdb3/screenshot [39m[32m200[39m [90m622 ms - 276490[39m
[35m[HTTP][39m [90m[39m
[35m[HTTP][39m [37m-->[39m [37mGET[39m [37m/wd/hub/session/028a67bd-8769-4d69-b3c8-d7f6d859bdb3/source[39m
[35m[HTTP][39m [90m{}[39m
[35m[W3C (028a67bd)][39m Driver proxy active, passing request on via HTTP proxy
[debug] [35m[WD Proxy][39m Matched '/wd/hub/session/028a67bd-8769-4d69-b3c8-d7f6d859bdb3/source' to command name 'getPageSource'
[debug] [35m[WD Proxy][39m Proxying [GET /wd/hub/session/028a67bd-8769-4d69-b3c8-d7f6d859bdb3/source] to [GET http://localhost:8256/wd/hub/session/459c561e-c3e0-4376-9a49-36e9f34e8d5a/source] with body: {}
[debug] [35m[WD Proxy][39m Got response with status 200: {"sessionId":"459c561e-c3e0-4376-9a49-36e9f34e8d5a","value":"<?xml version='1.0' encoding='UTF-8' standalone='yes' ?>\r\n<hierarchy index=\"0\" class=\"hierarchy\" rotation=\"0\" width=\"1080\" height=\"2190\">\r\n  <android.widget.FrameLayout index=\"0\" package=\"com.goldlokedu.tgoldlokedu\" class=\"android.widget.FrameLayout\" text=\"\" checkable=\"false\" checked=\"false\" clickable=\"false\" enabled=\"true\" focusable=\"false\" focused=\"false\" long-clickable=\"false\" password=\"false\" scrollable=\"false\" selected=\"false\" bounds=\"[0,0][1080,2190]\" displayed=\"true\">\r\n    <android.widget.LinearLayout index=\"0\" package=\"com.goldlokedu.tgoldlokedu\" class=\"android.widget.LinearLayout\" text=\"\" checkable=\"false\" checked=\"false\" clickable=\"false\" enabled=\"true\" focusable=\"false\" focused=\"false\" long-clickable=\"false\" password=\"false\" scrollable=\"false\" selected=\"false\" bounds=\"[0,0][1080,2190]\" displayed=\"true\">\r\n      <android.widget.FrameLayout index=\"0\" packa...
[35m[WD Proxy][39m Replacing sessionId 459c561e-c3e0-4376-9a49-36e9f34e8d5a with 028a67bd-8769-4d69-b3c8-d7f6d859bdb3
[35m[HTTP][39m [37m<-- GET /wd/hub/session/028a67bd-8769-4d69-b3c8-d7f6d859bdb3/source [39m[32m200[39m [90m227 ms - 20931[39m
[35m[HTTP][39m [90m[39m
[35m[HTTP][39m [37m-->[39m [37mGET[39m [37m/wd/hub/session/028a67bd-8769-4d69-b3c8-d7f6d859bdb3/screenshot[39m
[35m[HTTP][39m [90m{}[39m
[debug] [35m[W3C (028a67bd)][39m Calling AppiumDriver.getScreenshot() with args: ["028a67bd-8769-4d69-b3c8-d7f6d859bdb3"]
[debug] [35m[WD Proxy][39m Matched '/screenshot' to command name 'getScreenshot'
[debug] [35m[WD Proxy][39m Proxying [GET /screenshot] to [GET http://localhost:8256/wd/hub/session/459c561e-c3e0-4376-9a49-36e9f34e8d5a/screenshot] with no body
[debug] [35m[WD Proxy][39m Got response with status 200: {"sessionId":"459c561e-c3e0-4376-9a49-36e9f34e8d5a","value":"iVBORw0KGgoAAAANSUhEUgAABDgAAAjoCAYAAAA5jhrUAAAABHNCSVQICAgIfAhkiAAAIABJREFU\neJzs3XmcJHV5P\/BPHX3fMz099+x9wXIuy72wgCyngNxqwKjxQGMwGmM0\/sQ7GjUa9Rcj8WfUiEFA\nQQiHihABQeTeZWHva2bn7Puu+\/dHT9d29TXdPT3T0zPP+\/Xi9aKqq6q\/09szVfXU830eZvPWGzQQ\nQgghhBBCCCGEtDG21QMghBBCCCGEEEIImS0KcBBCCCGEEEIIIaTtUYCDEEIIIYQQQgghbY8CHIQQ\nQgghhBBCCGl7FOAghBBCCCGEEEJI26MAByGEEEIIIYQQQtoeBTgIIYQQQgghhBDS9ijAQQghhBBC\nCCGEkLZHAQ5CCCGEEEIIIYS0PQpwEEIIIYQQQgghpO1RgIMQQgghhBBCCCFtjwIchBBCCCGEEEII\naXsU4CCEEEIIIYQQQkjbowAHIYQQQgghhBBC2h4FOAghhBBCCCGEENL2KMBBCCGEEEIIIYSQtkcB\nDkIIIYQQQgghhLQ9CnAQQgghhBBCCCGk7VGAgxBCCCGEEEIIIW2PAhyEEEIIIYQQQghpexTgIIQQ\nQgghhBBCSNvjWz0AQghpFk1Va9+YYcAwTPXjaSqgzbytLItQZRkMw4A3W8AwFDsmhBBCCCFkvlGA\ngxCyKKiqgiP7Xq15+66eFXC4Oyq+rsgSRg+\/CUWR4PP3w9PRU7KNkE0hMnUU2UxCX8eyHDwdPXD7\nAhToIIQQQgghZB5RgIMQsigwYODy+GfcLpWIQFUV8CZL1e0iwaNQFKni60ImifGRvdA0FU53Jyw2\nJ1RFRjIWRCR4FJKQgb93Rd0\/ByGEEEIIIaQxFOAghCwKDMuis3tZ1W0kMYtELAib3QWLzVFxu3Qy\nhmQ8BAYMNGhltwlPD...
[debug] [35m[W3C (028a67bd)][39m Responding to client with driver.getScreenshot() result: "iVBORw0KGgoAAAANSUhEUgAABDgAAAjoCAYAAAA5jhrUAAAABHNCSVQICAgIfAhkiAAAIABJREFU\neJzs3XmcJHV5P/BPHX3fMz099+x9wXIuy72wgCyngNxqwKjxQGMwGmM0/sQ7GjUa9Rcj8WfUiEFA\nQQiHihABQeTeZWHva2bn7Puu+/dHT9d29TXdPT3T0zPP+/Xi9aKqq6q/09szVfXU830eZvPWGzQQ\nQgghhBBCCCGEtDG21QMghBBCCCGEEEIImS0KcBBCCCGEEEIIIaTtUYCDEEIIIYQQQgghbY8CHIQQ\nQgghhBBCCGl7FOAghBBCCCGEEEJI26MAByGEEEIIIYQQQtoeBTgIIYQQQgghhBDS9ijAQQghhBBC\nCCGEkLZHAQ5CCCGEEEIIIYS0PQpwEEIIIYQQQgghpO1RgIMQQgghhBBCCCFtjwIchBBCCCGEEEII\naXsU4CCEEEIIIYQQQkjbowAHIYQQQgghhBBC2h4FOAghhBBCCCGEENL2KMBBCCGEEEIIIYSQtkcB\nDkIIIYQQQgghhLQ9CnAQQgghhBBCCCGk7VGAgxBCCCGEEEIIIW2PAhyEEEIIIYQQQghpexTgIIQQ\nQgghhBBCSNvjWz0AQghpFk1Va9+YYcAwTPXjaSqgzbytLItQZRkMw4A3W8AwFDsmhBBCCCFkvlGA\ngxCyKKiqgiP7Xq15+66eFXC4Oyq+rsgSRg+/CUWR4PP3w9PRU7KNkE0hMnUU2UxCX8eyHDwdPXD7\nAhToIIQQQgghZB5RgIMQsigwYODy+GfcLpWIQFUV8CZL1e0iwaNQFKni60ImifGRvdA0FU53Jyw2\nJ1RFRjIWRCR4FJKQgb93Rd0/ByGEEEIIIaQxFOAghCwKDMuis3tZ1W0kMYtELAib3QWLzVFxu3Qy\nhmQ8BAYMNGhltwlPDkPTVHQGhuDydunrne5OjA/vQTIRhsPdCZvD3dgPRAghhBBCCKkL5U8TQpaM\nZCwIAH...
[35m[HTTP][39m [37m<-- GET /wd/hub/session/028a67bd-8769-4d69-b3c8-d7f6d859bdb3/screenshot [39m[32m200[39m [90m589 ms - 118178[39m
[35m[HTTP][39m [90m[39m
[35m[HTTP][39m [37m-->[39m [37mGET[39m [37m/wd/hub/session/028a67bd-8769-4d69-b3c8-d7f6d859bdb3/source[39m
[35m[HTTP][39m [90m{}[39m
[35m[W3C (028a67bd)][39m Driver proxy active, passing request on via HTTP proxy
[debug] [35m[WD Proxy][39m Matched '/wd/hub/session/028a67bd-8769-4d69-b3c8-d7f6d859bdb3/source' to command name 'getPageSource'
[debug] [35m[WD Proxy][39m Proxying [GET /wd/hub/session/028a67bd-8769-4d69-b3c8-d7f6d859bdb3/source] to [GET http://localhost:8256/wd/hub/session/459c561e-c3e0-4376-9a49-36e9f34e8d5a/source] with body: {}
[debug] [35m[WD Proxy][39m Got response with status 200: {"sessionId":"459c561e-c3e0-4376-9a49-36e9f34e8d5a","value":"<?xml version='1.0' encoding='UTF-8' standalone='yes' ?>\r\n<hierarchy index=\"0\" class=\"hierarchy\" rotation=\"0\" width=\"1080\" height=\"2190\">\r\n  <android.widget.FrameLayout index=\"0\" package=\"com.goldlokedu.tgoldlokedu\" class=\"android.widget.FrameLayout\" text=\"\" checkable=\"false\" checked=\"false\" clickable=\"false\" enabled=\"true\" focusable=\"false\" focused=\"false\" long-clickable=\"false\" password=\"false\" scrollable=\"false\" selected=\"false\" bounds=\"[0,0][1080,2190]\" displayed=\"true\">\r\n    <android.widget.LinearLayout index=\"0\" package=\"com.goldlokedu.tgoldlokedu\" class=\"android.widget.LinearLayout\" text=\"\" checkable=\"false\" checked=\"false\" clickable=\"false\" enabled=\"true\" focusable=\"false\" focused=\"false\" long-clickable=\"false\" password=\"false\" scrollable=\"false\" selected=\"false\" bounds=\"[0,0][1080,2190]\" displayed=\"true\">\r\n      <android.widget.FrameLayout index=\"0\" packa...
[35m[WD Proxy][39m Replacing sessionId 459c561e-c3e0-4376-9a49-36e9f34e8d5a with 028a67bd-8769-4d69-b3c8-d7f6d859bdb3
[35m[HTTP][39m [37m<-- GET /wd/hub/session/028a67bd-8769-4d69-b3c8-d7f6d859bdb3/source [39m[32m200[39m [90m702 ms - 38335[39m
[35m[HTTP][39m [90m[39m
[35m[HTTP][39m [37m-->[39m [37mGET[39m [37m/wd/hub/session/028a67bd-8769-4d69-b3c8-d7f6d859bdb3/screenshot[39m
[35m[HTTP][39m [90m{}[39m
[debug] [35m[W3C (028a67bd)][39m Calling AppiumDriver.getScreenshot() with args: ["028a67bd-8769-4d69-b3c8-d7f6d859bdb3"]
[debug] [35m[WD Proxy][39m Matched '/screenshot' to command name 'getScreenshot'
[debug] [35m[WD Proxy][39m Proxying [GET /screenshot] to [GET http://localhost:8256/wd/hub/session/459c561e-c3e0-4376-9a49-36e9f34e8d5a/screenshot] with no body
[debug] [35m[WD Proxy][39m Got response with status 200: {"sessionId":"459c561e-c3e0-4376-9a49-36e9f34e8d5a","value":"iVBORw0KGgoAAAANSUhEUgAABDgAAAjoCAYAAAA5jhrUAAAABHNCSVQICAgIfAhkiAAAIABJREFU\neJzs3Xd8I3eZP\/DPFPXqJre1t7dk07Ppm2wS0kMS0glHOODocKFzcPwI\/eCAgwMOjhzHAUcgJEAa\nKYSUSyewqZvdbG\/2ustWb6PR\/P6QPatRsWVZtiz783699vVajTQzX8myZ+aZ5\/s8wsbN12kgIiIi\nIiIiIqpjYq0HQEREREREREQ0UwxwEBEREREREVHdY4CDiIiIiIiIiOoeAxxEREREREREVPcY4CAi\nIiIiIiKiuscABxERERERERHVPQY4iIiIiIiIiKjuMcBBRERERERERHWPAQ4iIiIiIiIiqnsMcBAR\nERERERFR3WOAg4iIiIiIiIjqHgMcRERERERERFT3GOAgIiIiIiIiorrHAAcRERERERER1T0GOIiI\niIiIiIio7jHAQURERERERER1jwEOIiIiIiIiIqp7DHAQERERERERUd1jgIOIiIiIiIiI6h4DHERE\nRERERERU9xjgICIiIiIiIqK6xwAHES06mYxatW1pWgZaJgNN06q2TSIiIiIimj651gMgIpoLalpB\nLBpEJDgCh6sR7gZfVbbZd\/ANqKqChuZOeBrbqjBSIiIiIiKqBAMcRLRgaVoGiVgY0dAoIuFRfbnD\n1ViV7Y+NHIaqKlXZFhERERERzQwDHES0YB3e\/zrS6WwAwmpzAgAS8UhVth2LBBEJ+SFAgAZOTyEi\nIiIiqjUGOIhowRIEEQ3NnbA7PDBZbAiM9FUlwJFR0xgb7oEsm2F3ehEKDFVhtERERERENBMMcBDR\ngtW57GhAEKq+3YC\/H4qShK9jJZRUourbJyIiIiKi6WOAY5Hr3fca0mkFFqsD7d3rCp5PJWMI+geQ\niEegaRlYrHZ4mzpg...
[debug] [35m[W3C (028a67bd)][39m Responding to client with driver.getScreenshot() result: "iVBORw0KGgoAAAANSUhEUgAABDgAAAjoCAYAAAA5jhrUAAAABHNCSVQICAgIfAhkiAAAIABJREFU\neJzs3Xd8I3eZP/DPFPXqJre1t7dk07Ppm2wS0kMS0glHOODocKFzcPwI/eCAgwMOjhzHAUcgJEAa\nKYSUSyewqZvdbG/2ustWb6PR/P6QPatRsWVZtiz783699vVajTQzX8myZ+aZ5/s8wsbN12kgIiIi\nIiIiIqpjYq0HQEREREREREQ0UwxwEBEREREREVHdY4CDiIiIiIiIiOoeAxxEREREREREVPcY4CAi\nIiIiIiKiuscABxERERERERHVPQY4iIiIiIiIiKjuMcBBRERERERERHWPAQ4iIiIiIiIiqnsMcBAR\nERERERFR3WOAg4iIiIiIiIjqHgMcRERERERERFT3GOAgIiIiIiIiorrHAAcRERERERER1T0GOIiI\niIiIiIio7jHAQURERERERER1jwEOIiIiIiIiIqp7DHAQERERERERUd1jgIOIiIiIiIiI6h4DHERE\nRERERERU9xjgICIiIiIiIqK6xwAHES06mYxatW1pWgZaJgNN06q2TSIiIiIimj651gMgIpoLalpB\nLBpEJDgCh6sR7gZfVbbZd/ANqKqChuZOeBrbqjBSIiIiIiKqBAMcRLRgaVoGiVgY0dAoIuFRfbnD\n1ViV7Y+NHIaqKlXZFhERERERzQwDHES0YB3e/zrS6WwAwmpzAgAS8UhVth2LBBEJ+SFAgAZOTyEi\nIiIiqjUGOIhowRIEEQ3NnbA7PDBZbAiM9FUlwJFR0xgb7oEsm2F3ehEKDFVhtERERERENBMMcBDR\ngtW57GhAEKq+3YC/H4qShK9jJZRUourbJyIiIiKi6WOAY5Hr3fca0mkFFqsD7d3rCp5PJWMI+geQ\niEegaRlYrHZ4mzpgGU/3r5WRgQOIhPwwW+xoblsKs8Ve8bbq9TNIJeNQ0ymIogSTxQZRlGZ9n5qW\nQSoZh5...
[35m[HTTP][39m [37m<-- GET /wd/hub/session/028a67bd-8769-4d69-b3c8-d7f6d859bdb3/screenshot [39m[32m200[39m [90m649 ms - 247334[39m
[35m[HTTP][39m [90m[39m
[35m[HTTP][39m [37m-->[39m [37mGET[39m [37m/wd/hub/session/028a67bd-8769-4d69-b3c8-d7f6d859bdb3/source[39m
[35m[HTTP][39m [90m{}[39m
[35m[W3C (028a67bd)][39m Driver proxy active, passing request on via HTTP proxy
[debug] [35m[WD Proxy][39m Matched '/wd/hub/session/028a67bd-8769-4d69-b3c8-d7f6d859bdb3/source' to command name 'getPageSource'
[debug] [35m[WD Proxy][39m Proxying [GET /wd/hub/session/028a67bd-8769-4d69-b3c8-d7f6d859bdb3/source] to [GET http://localhost:8256/wd/hub/session/459c561e-c3e0-4376-9a49-36e9f34e8d5a/source] with body: {}
[debug] [35m[WD Proxy][39m Got response with status 200: {"sessionId":"459c561e-c3e0-4376-9a49-36e9f34e8d5a","value":"<?xml version='1.0' encoding='UTF-8' standalone='yes' ?>\r\n<hierarchy index=\"0\" class=\"hierarchy\" rotation=\"0\" width=\"1080\" height=\"2190\">\r\n  <android.widget.FrameLayout index=\"0\" package=\"com.goldlokedu.tgoldlokedu\" class=\"android.widget.FrameLayout\" text=\"\" checkable=\"false\" checked=\"false\" clickable=\"false\" enabled=\"true\" focusable=\"false\" focused=\"false\" long-clickable=\"false\" password=\"false\" scrollable=\"false\" selected=\"false\" bounds=\"[0,0][1080,2190]\" displayed=\"true\">\r\n    <android.widget.LinearLayout index=\"0\" package=\"com.goldlokedu.tgoldlokedu\" class=\"android.widget.LinearLayout\" text=\"\" checkable=\"false\" checked=\"false\" clickable=\"false\" enabled=\"true\" focusable=\"false\" focused=\"false\" long-clickable=\"false\" password=\"false\" scrollable=\"false\" selected=\"false\" bounds=\"[0,0][1080,2190]\" displayed=\"true\">\r\n      <android.widget.FrameLayout index=\"0\" packa...
[35m[WD Proxy][39m Replacing sessionId 459c561e-c3e0-4376-9a49-36e9f34e8d5a with 028a67bd-8769-4d69-b3c8-d7f6d859bdb3
[35m[HTTP][39m [37m<-- GET /wd/hub/session/028a67bd-8769-4d69-b3c8-d7f6d859bdb3/source [39m[32m200[39m [90m621 ms - 46590[39m
[35m[HTTP][39m [90m[39m
[35m[HTTP][39m [37m-->[39m [37mGET[39m [37m/wd/hub/session/028a67bd-8769-4d69-b3c8-d7f6d859bdb3/screenshot[39m
[35m[HTTP][39m [90m{}[39m
[debug] [35m[W3C (028a67bd)][39m Calling AppiumDriver.getScreenshot() with args: ["028a67bd-8769-4d69-b3c8-d7f6d859bdb3"]
[debug] [35m[WD Proxy][39m Matched '/screenshot' to command name 'getScreenshot'
[debug] [35m[WD Proxy][39m Proxying [GET /screenshot] to [GET http://localhost:8256/wd/hub/session/459c561e-c3e0-4376-9a49-36e9f34e8d5a/screenshot] with no body
[debug] [35m[WD Proxy][39m Got response with status 200: {"sessionId":"459c561e-c3e0-4376-9a49-36e9f34e8d5a","value":"iVBORw0KGgoAAAANSUhEUgAABDgAAAjoCAYAAAA5jhrUAAAABHNCSVQICAgIfAhkiAAAIABJREFU\neJzs3Xd8HPWZP\/DPlO1Fq94s9wqm2MY2xhgMxqbbphNyQAhppBzpd+HyC+mXXJJLLsmlcEkuyYWE\nGlroLfQYbAzuvVt9pe19dn5\/rDTe2SKtpJVWa33erxevFzs7M\/vVeqSZeeb5Po+weOV1KoiIiIiI\niIiIyphY6gEQEREREREREY0UAxxEREREREREVPYY4CAiIiIiIiKisscABxERERERERGVPQY4iIiI\niIiIiKjsMcBBRERERERERGWPAQ4iIiIiIiIiKnsMcBARERERERFR2WOAg4iIiIiIiIjKHgMcRERE\nRERERFT2GOAgIiIiIiIiorLHAAcRERERERERlT0GOIiIiIiIiIio7DHAQURERERERERljwEOIiIi\nIiIiIip7DHAQERERERERUdljgIOIiIiIiIiIyh4DHERERERERERU9hjgICIiIiIiIqKyxwAHERER\nEREREZU9BjiIiIiIiIiIqOwxwEFElEcyqZR6CEREREREVCC51AMgIhpPlEQcoaAXAW83bI4qOCvr\nSj0kIiIiIiIqAAMcRDThqWoSkZAfQV8PAv4ebbnNUVXCURERERER0VAwwEFEE97xg9uQSMQBAGaL\nHQAQCQdKOSQiIiIiIhoiBjiIaMITBBGVNc2w2ipgMFng6W5lgIOIiIiIqMwwwEFEE17z1FMBQSj1\nMIiIiIiIaAQY4Jjgjh3YgkQiDpPZhsbJc7Pej0VD8LrbEQkHoKpJmMxWuKqbYOpL4y+V7vZDCPjc\nMJqsqGmYAqPJOux98TsonKomEYuGoSaTuuWCIMBgskAUpVEfw6hgcIOIiIiIqOxN2ACHqqpIxCJQ\nlMSofYYkyZCNZgjj9OYpG...
[debug] [35m[W3C (028a67bd)][39m Responding to client with driver.getScreenshot() result: "iVBORw0KGgoAAAANSUhEUgAABDgAAAjoCAYAAAA5jhrUAAAABHNCSVQICAgIfAhkiAAAIABJREFU\neJzs3Xd8HPWZP/DPlO1Fq94s9wqm2MY2xhgMxqbbphNyQAhppBzpd+HyC+mXXJJLLsmlcEkuyYWE\nGlroLfQYbAzuvVt9pe19dn5/rDTe2SKtpJVWa33erxevFzs7M/vVeqSZeeb5Po+weOV1KoiIiIiI\niIiIyphY6gEQEREREREREY0UAxxEREREREREVPYY4CAiIiIiIiKisscABxERERERERGVPQY4iIiI\niIiIiKjsMcBBRERERERERGWPAQ4iIiIiIiIiKnsMcBARERERERFR2WOAg4iIiIiIiIjKHgMcRERE\nRERERFT2GOAgIiIiIiIiorLHAAcRERERERERlT0GOIiIiIiIiIio7DHAQURERERERERljwEOIiIi\nIiIiIip7DHAQERERERERUdljgIOIiIiIiIiIyh4DHERERERERERU9hjgICIiIiIiIqKyxwAHERER\nEREREZU9BjiIiIiIiIiIqOwxwEFElEcyqZR6CEREREREVCC51AMgIhpPlEQcoaAXAW83bI4qOCvr\nSj0kIiIiIiIqAAMcRDThqWoSkZAfQV8PAv4ebbnNUVXCURERERER0VAwwEFEE97xg9uQSMQBAGaL\nHQAQCQdKOSQiIiIiIhoiBjiIaMITBBGVNc2w2ipgMFng6W5lgIOIiIiIqMwwwEFEE17z1FMBQSj1\nMIiIiIiIaAQY4Jjgjh3YgkQiDpPZhsbJc7Pej0VD8LrbEQkHoKpJmMxWuKqbYOpL4y+V7vZDCPjc\nMJqsqGmYAqPJOux98TsonKomEYuGoSaTuuWCIMBgskAUpVEfw6hgcIOIiIiIqOxN2ACHqqpIxCJQ\nlMSofYYkyZCNZgjj9OYpGg5odQcstoqc77cf2wtVPXEzGw75EQ7tRn3zzJzbjAVfbycCPjeAVPCh\np/MYGl...
[35m[HTTP][39m [37m<-- GET /wd/hub/session/028a67bd-8769-4d69-b3c8-d7f6d859bdb3/screenshot [39m[32m200[39m [90m648 ms - 273928[39m
[35m[HTTP][39m [90m[39m
[35m[HTTP][39m [37m-->[39m [37mDELETE[39m [37m/wd/hub/session/028a67bd-8769-4d69-b3c8-d7f6d859bdb3[39m
[35m[HTTP][39m [90m{}[39m
[debug] [35m[W3C (028a67bd)][39m Calling AppiumDriver.deleteSession() with args: ["028a67bd-8769-4d69-b3c8-d7f6d859bdb3"]
[debug] [35m[BaseDriver][39m Event 'quitSessionRequested' logged at 1578125508519 (16:11:48 GMT+0800 (GMT+08:00))
[35m[Appium][39m Removing session 028a67bd-8769-4d69-b3c8-d7f6d859bdb3 from our master session list
[debug] [35m[UiAutomator2][39m Deleting UiAutomator2 session
[debug] [35m[UiAutomator2][39m Deleting UiAutomator2 server session
[debug] [35m[WD Proxy][39m Matched '/' to command name 'deleteSession'
[debug] [35m[WD Proxy][39m Proxying [DELETE /] to [DELETE http://localhost:8256/wd/hub/session/459c561e-c3e0-4376-9a49-36e9f34e8d5a] with no body
[debug] [35m[WD Proxy][39m Got response with status 200: {"sessionId":"459c561e-c3e0-4376-9a49-36e9f34e8d5a","value":null}
[debug] [35m[ADB][39m Running 'C:\Users\Administrator\.katalon\tools\android_sdk\platform-tools\adb.exe -P 5037 -s VBJ4C18519001467 shell am force-stop com.android.settings'
[debug] [35m[Logcat][39m Stopping logcat capture
[debug] [35m[ADB][39m Removing forwarded port socket connection: 8256 
[debug] [35m[ADB][39m Running 'C:\Users\Administrator\.katalon\tools\android_sdk\platform-tools\adb.exe -P 5037 -s VBJ4C18519001467 forward --remove tcp\:8256'
[debug] [35m[Instrumentation][39m .
[35m[UiAutomator2][39m Restoring hidden api policy to the device default configuration
[debug] [35m[ADB][39m Running 'C:\Users\Administrator\.katalon\tools\android_sdk\platform-tools\adb.exe -P 5037 -s VBJ4C18519001467 shell settings delete global hidden_api_policy_pre_p_apps'
[debug] [35m[ADB][39m Running 'C:\Users\Administrator\.katalon\tools\android_sdk\platform-tools\adb.exe -P 5037 -s VBJ4C18519001467 shell settings delete global hidden_api_policy_p_apps'
[debug] [35m[ADB][39m Running 'C:\Users\Administrator\.katalon\tools\android_sdk\platform-tools\adb.exe -P 5037 -s VBJ4C18519001467 shell settings delete global hidden_api_policy'
[debug] [35m[BaseDriver][39m Event 'quitSessionFinished' logged at 1578125509107 (16:11:49 GMT+0800 (GMT+08:00))
[debug] [35m[W3C (028a67bd)][39m Received response: null
[debug] [35m[W3C (028a67bd)][39m But deleting session, so not returning
[debug] [35m[W3C (028a67bd)][39m Responding to client with driver.deleteSession() result: null
[35m[HTTP][39m [37m<-- DELETE /wd/hub/session/028a67bd-8769-4d69-b3c8-d7f6d859bdb3 [39m[32m200[39m [90m589 ms - 14[39m
[35m[HTTP][39m [90m[39m
