[35m[Appium][39m Welcome to Appium v1.16.0
[35m[Appium][39m Non-default server args:
[35m[Appium][39m   port: 60355
[35m[Appium][39m   loglevel: info
[35m[Appium][39m   chromeDriverPort: 60356
[35m[Appium][39m   tmpDir: /var/folders/b4/s2gzh32x1yx566t495h7gvpm0000gn/T//Katalon/Appium/Temp1583205968090
[35m[Appium][39m Appium REST http interface listener started on 0.0.0.0:60355
[35m[HTTP][39m [37m-->[39m [37mGET[39m [37m/wd/hub/status[39m
[35m[HTTP][39m [90m{}[39m
[35m[HTTP][39m [37m<-- GET /wd/hub/status [39m[32m200[39m [90m6 ms - 68[39m
[35m[HTTP][39m [90m[39m
[35m[HTTP][39m [37m-->[39m [37mPOST[39m [37m/wd/hub/session[39m
[35m[HTTP][39m [90m{"desiredCapabilities":{"app":"/Users/faz/git/com.goldlokedu.app/Data Files/Test APK/1.apk","appPackage":"com.goldlokedu.tgoldlokedu","noReset":true,"deviceId":"","deviceName":"HUAWEI COL-AL10 (Android 9)","fullReset":false,"platform":"ANDROID","appActivity":"com.goldlokedu.tgoldlokedu.subject.ui.activity.welcomeActivity.LoginSplashActivity","newCommandTimeout":1800,"platformVersion":"9","automationName":"uiautomator2","autoGrantPermissions":true,"platformName":"Android","udid":"VBJ4C18519001467","systemPort":60354},"capabilities":{"firstMatch":[{"appium:app":"/Users/faz/git/com.goldlokedu.app/Data Files/Test APK/1.apk","appium:appActivity":"com.goldlokedu.tgoldlokedu.subject.ui.activity.welcomeActivity.LoginSplashActivity","appium:appPackage":"com.goldlokedu.tgoldlokedu","appium:autoGrantPermissions":true,"appium:automationName":"uiautomator2","deviceId":"","appium:deviceName":"HUAWEI COL-AL10 (Android 9)","appium:fullReset":false,"appium:newCommandTimeout":1800,"appium:noReset":true,[39m
[35m[BaseDriver][39m The capabilities ["deviceId","platform"] are not standard capabilities and should have an extension prefix
[35m[Appium][39m Appium v1.16.0 creating new AndroidUiautomator2Driver (v1.40.0) session
[35m[BaseDriver][39m The following capabilities were provided, but are not recognized by Appium:
[35m[BaseDriver][39m   deviceId
[35m[BaseDriver][39m   platform
[35m[BaseDriver][39m Session created with session id: e710b4ba-6f5f-4d1e-8514-c24b290443d3
[35m[BaseDriver][39m Using local app '/Users/faz/git/com.goldlokedu.app/Data Files/Test APK/1.apk'
[35m[ADB][39m Found 1 'build-tools' folders under '/Users/faz/.katalon/tools/android_sdk' (newest first):
[35m[ADB][39m     /Users/faz/.katalon/tools/android_sdk/build-tools/29.0.2
[35m[ADB][39m Using 'adb' from '/Users/faz/.katalon/tools/android_sdk/platform-tools/adb'
[35m[AndroidDriver][39m Retrieving device list
[35m[AndroidDriver][39m Using device: VBJ4C18519001467
[35m[ADB][39m Using 'adb' from '/Users/faz/.katalon/tools/android_sdk/platform-tools/adb'
[35m[UiAutomator2][39m Relaxing hidden api policy
[35m[ADB][39m Using 'apksigner' from '/Users/faz/.katalon/tools/android_sdk/build-tools/29.0.2/apksigner'
[35m[UiAutomator2][39m Server packages are not going to be (re)installed
[35m[UiAutomator2][39m Starting UIAutomator2 server 4.5.2
[35m[UiAutomator2][39m Using UIAutomator2 server from '/usr/local/lib/node_modules/appium/node_modules/appium-uiautomator2-server/apks/appium-uiautomator2-server-v4.5.2.apk' and test from '/usr/local/lib/node_modules/appium/node_modules/appium-uiautomator2-server/apks/appium-uiautomator2-server-debug-androidTest.apk'
[35m[UiAutomator2][39m Waiting up to 30000ms for UiAutomator2 to be online...
[35m[WD Proxy][39m Got an unexpected response with status undefined: {"code":"ECONNRESET"}
[35m[WD Proxy][39m Got an unexpected response with status undefined: {"code":"ECONNRESET"}
[35m[WD Proxy][39m Determined the downstream protocol as 'W3C'
[35m[AndroidDriver][39m Screen already unlocked, doing nothing
[35m[UiAutomator2][39m Starting 'com.goldlokedu.tgoldlokedu/com.goldlokedu.tgoldlokedu.subject.ui.activity.welcomeActivity.LoginSplashActivity and waiting for 'com.goldlokedu.tgoldlokedu/com.goldlokedu.tgoldlokedu.subject.ui.activity.welcomeActivity.LoginSplashActivity'
[35m[Appium][39m New AndroidUiautomator2Driver session created successfully, session e710b4ba-6f5f-4d1e-8514-c24b290443d3 added to master session list
[35m[HTTP][39m [37m<-- POST /wd/hub/session [39m[32m200[39m [90m10367 ms - 1509[39m
[35m[HTTP][39m [90m[39m
[35m[HTTP][39m [37m-->[39m [37mGET[39m [37m/wd/hub/session/e710b4ba-6f5f-4d1e-8514-c24b290443d3[39m
[35m[HTTP][39m [90m{}[39m
[35m[HTTP][39m [37m<-- GET /wd/hub/session/e710b4ba-6f5f-4d1e-8514-c24b290443d3 [39m[32m200[39m [90m11 ms - 1441[39m
[35m[HTTP][39m [90m[39m
[35m[HTTP][39m [37m-->[39m [37mGET[39m [37m/wd/hub/session/e710b4ba-6f5f-4d1e-8514-c24b290443d3[39m
[35m[HTTP][39m [90m{}[39m
[35m[HTTP][39m [37m<-- GET /wd/hub/session/e710b4ba-6f5f-4d1e-8514-c24b290443d3 [39m[32m200[39m [90m10 ms - 1441[39m
[35m[HTTP][39m [90m[39m
[35m[HTTP][39m [37m-->[39m [37mGET[39m [37m/wd/hub/status[39m
[35m[HTTP][39m [90m{}[39m
[35m[HTTP][39m [37m<-- GET /wd/hub/status [39m[32m200[39m [90m2 ms - 68[39m
[35m[HTTP][39m [90m[39m
[35m[HTTP][39m [37m-->[39m [37mPOST[39m [37m/wd/hub/session/e710b4ba-6f5f-4d1e-8514-c24b290443d3/timeouts[39m
[35m[HTTP][39m [90m{"implicit":10000}[39m
[35m[HTTP][39m [37m<-- POST /wd/hub/session/e710b4ba-6f5f-4d1e-8514-c24b290443d3/timeouts [39m[32m200[39m [90m4 ms - 14[39m
[35m[HTTP][39m [90m[39m
[35m[HTTP][39m [37m-->[39m [37mPOST[39m [37m/wd/hub/session/e710b4ba-6f5f-4d1e-8514-c24b290443d3/timeouts[39m
[35m[HTTP][39m [90m{"implicit":50}[39m
[35m[HTTP][39m [37m<-- POST /wd/hub/session/e710b4ba-6f5f-4d1e-8514-c24b290443d3/timeouts [39m[32m200[39m [90m3 ms - 14[39m
[35m[HTTP][39m [90m[39m
[35m[HTTP][39m [37m-->[39m [37mGET[39m [37m/wd/hub/session/e710b4ba-6f5f-4d1e-8514-c24b290443d3/window/rect[39m
[35m[HTTP][39m [90m{}[39m
[35m[HTTP][39m [37m<-- GET /wd/hub/session/e710b4ba-6f5f-4d1e-8514-c24b290443d3/window/rect [39m[32m200[39m [90m22 ms - 50[39m
[35m[HTTP][39m [90m[39m
[35m[HTTP][39m [37m-->[39m [37mPOST[39m [37m/wd/hub/session/e710b4ba-6f5f-4d1e-8514-c24b290443d3/elements[39m
[35m[HTTP][39m [90m{"using":"-android uiautomator","value":"new UiSelector().className(\"android.widget.Button\").text(\"同意并继续\").resourceId(\"com.goldlokedu.tgoldlokedu:id/btn_pos\")"}[39m
[35m[HTTP][39m [37m<-- POST /wd/hub/session/e710b4ba-6f5f-4d1e-8514-c24b290443d3/elements [39m[32m200[39m [90m809 ms - 12[39m
[35m[HTTP][39m [90m[39m
[35m[HTTP][39m [37m-->[39m [37mPOST[39m [37m/wd/hub/session/e710b4ba-6f5f-4d1e-8514-c24b290443d3/elements[39m
[35m[HTTP][39m [90m{"using":"-android uiautomator","value":"new UiSelector().className(\"android.widget.Button\").text(\"同意并继续\").resourceId(\"com.goldlokedu.tgoldlokedu:id/btn_pos\")"}[39m
[35m[HTTP][39m [37m<-- POST /wd/hub/session/e710b4ba-6f5f-4d1e-8514-c24b290443d3/elements [39m[32m200[39m [90m586 ms - 12[39m
[35m[HTTP][39m [90m[39m
[35m[HTTP][39m [37m-->[39m [37mPOST[39m [37m/wd/hub/session/e710b4ba-6f5f-4d1e-8514-c24b290443d3/elements[39m
[35m[HTTP][39m [90m{"using":"-android uiautomator","value":"new UiSelector().className(\"android.widget.Button\").text(\"同意并继续\").resourceId(\"com.goldlokedu.tgoldlokedu:id/btn_pos\")"}[39m
[35m[HTTP][39m [37m<-- POST /wd/hub/session/e710b4ba-6f5f-4d1e-8514-c24b290443d3/elements [39m[32m200[39m [90m1080 ms - 12[39m
[35m[HTTP][39m [90m[39m
[35m[HTTP][39m [37m-->[39m [37mPOST[39m [37m/wd/hub/session/e710b4ba-6f5f-4d1e-8514-c24b290443d3/elements[39m
[35m[HTTP][39m [90m{"using":"-android uiautomator","value":"new UiSelector().className(\"android.widget.Button\").text(\"同意并继续\").resourceId(\"com.goldlokedu.tgoldlokedu:id/btn_pos\")"}[39m
[35m[HTTP][39m [37m<-- POST /wd/hub/session/e710b4ba-6f5f-4d1e-8514-c24b290443d3/elements [39m[32m200[39m [90m585 ms - 12[39m
[35m[HTTP][39m [90m[39m
[35m[HTTP][39m [37m-->[39m [37mPOST[39m [37m/wd/hub/session/e710b4ba-6f5f-4d1e-8514-c24b290443d3/elements[39m
[35m[HTTP][39m [90m{"using":"-android uiautomator","value":"new UiSelector().className(\"android.widget.Button\").text(\"同意并继续\").resourceId(\"com.goldlokedu.tgoldlokedu:id/btn_pos\")"}[39m
[35m[HTTP][39m [37m<-- POST /wd/hub/session/e710b4ba-6f5f-4d1e-8514-c24b290443d3/elements [39m[32m200[39m [90m587 ms - 12[39m
[35m[HTTP][39m [90m[39m
[35m[HTTP][39m [37m-->[39m [37mPOST[39m [37m/wd/hub/session/e710b4ba-6f5f-4d1e-8514-c24b290443d3/elements[39m
[35m[HTTP][39m [90m{"using":"-android uiautomator","value":"new UiSelector().className(\"android.widget.Button\").text(\"同意并继续\").resourceId(\"com.goldlokedu.tgoldlokedu:id/btn_pos\")"}[39m
[35m[HTTP][39m [37m<-- POST /wd/hub/session/e710b4ba-6f5f-4d1e-8514-c24b290443d3/elements [39m[32m200[39m [90m594 ms - 12[39m
[35m[HTTP][39m [90m[39m
[35m[HTTP][39m [37m-->[39m [37mPOST[39m [37m/wd/hub/session/e710b4ba-6f5f-4d1e-8514-c24b290443d3/elements[39m
[35m[HTTP][39m [90m{"using":"-android uiautomator","value":"new UiSelector().className(\"android.widget.Button\").text(\"同意并继续\").resourceId(\"com.goldlokedu.tgoldlokedu:id/btn_pos\")"}[39m
[35m[HTTP][39m [37m<-- POST /wd/hub/session/e710b4ba-6f5f-4d1e-8514-c24b290443d3/elements [39m[32m200[39m [90m586 ms - 12[39m
[35m[HTTP][39m [90m[39m
[35m[HTTP][39m [37m-->[39m [37mPOST[39m [37m/wd/hub/session/e710b4ba-6f5f-4d1e-8514-c24b290443d3/elements[39m
[35m[HTTP][39m [90m{"using":"-android uiautomator","value":"new UiSelector().className(\"android.widget.Button\").text(\"同意并继续\").resourceId(\"com.goldlokedu.tgoldlokedu:id/btn_pos\")"}[39m
[35m[HTTP][39m [37m<-- POST /wd/hub/session/e710b4ba-6f5f-4d1e-8514-c24b290443d3/elements [39m[32m200[39m [90m615 ms - 12[39m
[35m[HTTP][39m [90m[39m
[35m[HTTP][39m [37m-->[39m [37mPOST[39m [37m/wd/hub/session/e710b4ba-6f5f-4d1e-8514-c24b290443d3/elements[39m
[35m[HTTP][39m [90m{"using":"-android uiautomator","value":"new UiSelector().className(\"android.widget.Button\").text(\"同意并继续\").resourceId(\"com.goldlokedu.tgoldlokedu:id/btn_pos\")"}[39m
[35m[HTTP][39m [37m<-- POST /wd/hub/session/e710b4ba-6f5f-4d1e-8514-c24b290443d3/elements [39m[32m200[39m [90m645 ms - 12[39m
[35m[HTTP][39m [90m[39m
[35m[HTTP][39m [37m-->[39m [37mPOST[39m [37m/wd/hub/session/e710b4ba-6f5f-4d1e-8514-c24b290443d3/elements[39m
[35m[HTTP][39m [90m{"using":"-android uiautomator","value":"new UiSelector().className(\"android.widget.Button\").text(\"同意并继续\").resourceId(\"com.goldlokedu.tgoldlokedu:id/btn_pos\")"}[39m
[35m[HTTP][39m [37m<-- POST /wd/hub/session/e710b4ba-6f5f-4d1e-8514-c24b290443d3/elements [39m[32m200[39m [90m66 ms - 12[39m
[35m[HTTP][39m [90m[39m
[35m[HTTP][39m [37m-->[39m [37mPOST[39m [37m/wd/hub/session/e710b4ba-6f5f-4d1e-8514-c24b290443d3/elements[39m
[35m[HTTP][39m [90m{"using":"-android uiautomator","value":"new UiSelector().className(\"android.widget.Button\").text(\"同意并继续\").resourceId(\"com.goldlokedu.tgoldlokedu:id/btn_pos\")"}[39m
[35m[HTTP][39m [37m<-- POST /wd/hub/session/e710b4ba-6f5f-4d1e-8514-c24b290443d3/elements [39m[32m200[39m [90m62 ms - 12[39m
[35m[HTTP][39m [90m[39m
[35m[HTTP][39m [37m-->[39m [37mPOST[39m [37m/wd/hub/session/e710b4ba-6f5f-4d1e-8514-c24b290443d3/elements[39m
[35m[HTTP][39m [90m{"using":"-android uiautomator","value":"new UiSelector().className(\"android.widget.Button\").text(\"同意并继续\").resourceId(\"com.goldlokedu.tgoldlokedu:id/btn_pos\")"}[39m
[35m[HTTP][39m [37m<-- POST /wd/hub/session/e710b4ba-6f5f-4d1e-8514-c24b290443d3/elements [39m[32m200[39m [90m59 ms - 12[39m
[35m[HTTP][39m [90m[39m
[35m[HTTP][39m [37m-->[39m [37mPOST[39m [37m/wd/hub/session/e710b4ba-6f5f-4d1e-8514-c24b290443d3/elements[39m
[35m[HTTP][39m [90m{"using":"-android uiautomator","value":"new UiSelector().className(\"android.widget.Button\").text(\"同意并继续\").resourceId(\"com.goldlokedu.tgoldlokedu:id/btn_pos\")"}[39m
[35m[HTTP][39m [37m<-- POST /wd/hub/session/e710b4ba-6f5f-4d1e-8514-c24b290443d3/elements [39m[32m200[39m [90m58 ms - 12[39m
[35m[HTTP][39m [90m[39m
[35m[HTTP][39m [37m-->[39m [37mPOST[39m [37m/wd/hub/session/e710b4ba-6f5f-4d1e-8514-c24b290443d3/elements[39m
[35m[HTTP][39m [90m{"using":"-android uiautomator","value":"new UiSelector().className(\"android.widget.Button\").text(\"同意并继续\").resourceId(\"com.goldlokedu.tgoldlokedu:id/btn_pos\")"}[39m
[35m[HTTP][39m [37m<-- POST /wd/hub/session/e710b4ba-6f5f-4d1e-8514-c24b290443d3/elements [39m[32m200[39m [90m52 ms - 12[39m
[35m[HTTP][39m [90m[39m
[35m[HTTP][39m [37m-->[39m [37mPOST[39m [37m/wd/hub/session/e710b4ba-6f5f-4d1e-8514-c24b290443d3/elements[39m
[35m[HTTP][39m [90m{"using":"-android uiautomator","value":"new UiSelector().className(\"android.widget.Button\").text(\"同意并继续\").resourceId(\"com.goldlokedu.tgoldlokedu:id/btn_pos\")"}[39m
[35m[HTTP][39m [37m<-- POST /wd/hub/session/e710b4ba-6f5f-4d1e-8514-c24b290443d3/elements [39m[32m200[39m [90m55 ms - 12[39m
[35m[HTTP][39m [90m[39m
[35m[HTTP][39m [37m-->[39m [37mPOST[39m [37m/wd/hub/session/e710b4ba-6f5f-4d1e-8514-c24b290443d3/elements[39m
[35m[HTTP][39m [90m{"using":"-android uiautomator","value":"new UiSelector().className(\"android.widget.Button\").text(\"同意并继续\").resourceId(\"com.goldlokedu.tgoldlokedu:id/btn_pos\")"}[39m
[35m[HTTP][39m [37m<-- POST /wd/hub/session/e710b4ba-6f5f-4d1e-8514-c24b290443d3/elements [39m[32m200[39m [90m54 ms - 12[39m
[35m[HTTP][39m [90m[39m
[35m[HTTP][39m [37m-->[39m [37mPOST[39m [37m/wd/hub/session/e710b4ba-6f5f-4d1e-8514-c24b290443d3/elements[39m
[35m[HTTP][39m [90m{"using":"-android uiautomator","value":"new UiSelector().className(\"android.widget.Button\").text(\"同意并继续\").resourceId(\"com.goldlokedu.tgoldlokedu:id/btn_pos\")"}[39m
[35m[HTTP][39m [37m<-- POST /wd/hub/session/e710b4ba-6f5f-4d1e-8514-c24b290443d3/elements [39m[32m200[39m [90m53 ms - 12[39m
[35m[HTTP][39m [90m[39m
[35m[HTTP][39m [37m-->[39m [37mPOST[39m [37m/wd/hub/session/e710b4ba-6f5f-4d1e-8514-c24b290443d3/elements[39m
[35m[HTTP][39m [90m{"using":"-android uiautomator","value":"new UiSelector().className(\"android.widget.Button\").text(\"同意并继续\").resourceId(\"com.goldlokedu.tgoldlokedu:id/btn_pos\")"}[39m
[35m[HTTP][39m [37m<-- POST /wd/hub/session/e710b4ba-6f5f-4d1e-8514-c24b290443d3/elements [39m[32m200[39m [90m64 ms - 12[39m
[35m[HTTP][39m [90m[39m
[35m[HTTP][39m [37m-->[39m [37mPOST[39m [37m/wd/hub/session/e710b4ba-6f5f-4d1e-8514-c24b290443d3/elements[39m
[35m[HTTP][39m [90m{"using":"-android uiautomator","value":"new UiSelector().className(\"android.widget.Button\").text(\"同意并继续\").resourceId(\"com.goldlokedu.tgoldlokedu:id/btn_pos\")"}[39m
[35m[HTTP][39m [37m<-- POST /wd/hub/session/e710b4ba-6f5f-4d1e-8514-c24b290443d3/elements [39m[32m200[39m [90m53 ms - 12[39m
[35m[HTTP][39m [90m[39m
[35m[HTTP][39m [37m-->[39m [37mPOST[39m [37m/wd/hub/session/e710b4ba-6f5f-4d1e-8514-c24b290443d3/elements[39m
[35m[HTTP][39m [90m{"using":"-android uiautomator","value":"new UiSelector().className(\"android.widget.Button\").text(\"同意并继续\").resourceId(\"com.goldlokedu.tgoldlokedu:id/btn_pos\")"}[39m
[35m[HTTP][39m [37m<-- POST /wd/hub/session/e710b4ba-6f5f-4d1e-8514-c24b290443d3/elements [39m[32m200[39m [90m53 ms - 12[39m
[35m[HTTP][39m [90m[39m
[35m[HTTP][39m [37m-->[39m [37mPOST[39m [37m/wd/hub/session/e710b4ba-6f5f-4d1e-8514-c24b290443d3/elements[39m
[35m[HTTP][39m [90m{"using":"-android uiautomator","value":"new UiSelector().className(\"android.widget.Button\").text(\"同意并继续\").resourceId(\"com.goldlokedu.tgoldlokedu:id/btn_pos\")"}[39m
[35m[HTTP][39m [37m<-- POST /wd/hub/session/e710b4ba-6f5f-4d1e-8514-c24b290443d3/elements [39m[32m200[39m [90m54 ms - 12[39m
[35m[HTTP][39m [90m[39m
[35m[HTTP][39m [37m-->[39m [37mPOST[39m [37m/wd/hub/session/e710b4ba-6f5f-4d1e-8514-c24b290443d3/elements[39m
[35m[HTTP][39m [90m{"using":"-android uiautomator","value":"new UiSelector().className(\"android.widget.Button\").text(\"同意并继续\").resourceId(\"com.goldlokedu.tgoldlokedu:id/btn_pos\")"}[39m
[35m[HTTP][39m [37m<-- POST /wd/hub/session/e710b4ba-6f5f-4d1e-8514-c24b290443d3/elements [39m[32m200[39m [90m632 ms - 12[39m
[35m[HTTP][39m [90m[39m
[35m[HTTP][39m [37m-->[39m [37mPOST[39m [37m/wd/hub/session/e710b4ba-6f5f-4d1e-8514-c24b290443d3/elements[39m
[35m[HTTP][39m [90m{"using":"-android uiautomator","value":"new UiSelector().className(\"android.widget.Button\").text(\"同意并继续\").resourceId(\"com.goldlokedu.tgoldlokedu:id/btn_pos\")"}[39m
[35m[HTTP][39m [37m<-- POST /wd/hub/session/e710b4ba-6f5f-4d1e-8514-c24b290443d3/elements [39m[32m200[39m [90m60 ms - 12[39m
[35m[HTTP][39m [90m[39m
[35m[HTTP][39m [37m-->[39m [37mPOST[39m [37m/wd/hub/session/e710b4ba-6f5f-4d1e-8514-c24b290443d3/elements[39m
[35m[HTTP][39m [90m{"using":"-android uiautomator","value":"new UiSelector().className(\"android.widget.Button\").text(\"同意并继续\").resourceId(\"com.goldlokedu.tgoldlokedu:id/btn_pos\")"}[39m
[35m[HTTP][39m [37m<-- POST /wd/hub/session/e710b4ba-6f5f-4d1e-8514-c24b290443d3/elements [39m[32m200[39m [90m52 ms - 12[39m
[35m[HTTP][39m [90m[39m
[35m[HTTP][39m [37m-->[39m [37mPOST[39m [37m/wd/hub/session/e710b4ba-6f5f-4d1e-8514-c24b290443d3/elements[39m
[35m[HTTP][39m [90m{"using":"-android uiautomator","value":"new UiSelector().className(\"android.widget.Button\").text(\"同意并继续\").resourceId(\"com.goldlokedu.tgoldlokedu:id/btn_pos\")"}[39m
[35m[HTTP][39m [37m<-- POST /wd/hub/session/e710b4ba-6f5f-4d1e-8514-c24b290443d3/elements [39m[32m200[39m [90m891 ms - 12[39m
[35m[HTTP][39m [90m[39m
[35m[HTTP][39m [37m-->[39m [37mPOST[39m [37m/wd/hub/session/e710b4ba-6f5f-4d1e-8514-c24b290443d3/elements[39m
[35m[HTTP][39m [90m{"using":"-android uiautomator","value":"new UiSelector().className(\"android.widget.Button\").text(\"同意并继续\").resourceId(\"com.goldlokedu.tgoldlokedu:id/btn_pos\")"}[39m
[35m[HTTP][39m [37m<-- POST /wd/hub/session/e710b4ba-6f5f-4d1e-8514-c24b290443d3/elements [39m[32m200[39m [90m63 ms - 12[39m
[35m[HTTP][39m [90m[39m
[35m[HTTP][39m [37m-->[39m [37mPOST[39m [37m/wd/hub/session/e710b4ba-6f5f-4d1e-8514-c24b290443d3/elements[39m
[35m[HTTP][39m [90m{"using":"-android uiautomator","value":"new UiSelector().className(\"android.widget.Button\").text(\"同意并继续\").resourceId(\"com.goldlokedu.tgoldlokedu:id/btn_pos\")"}[39m
[35m[HTTP][39m [37m<-- POST /wd/hub/session/e710b4ba-6f5f-4d1e-8514-c24b290443d3/elements [39m[32m200[39m [90m59 ms - 12[39m
[35m[HTTP][39m [90m[39m
[35m[HTTP][39m [37m-->[39m [37mPOST[39m [37m/wd/hub/session/e710b4ba-6f5f-4d1e-8514-c24b290443d3/elements[39m
[35m[HTTP][39m [90m{"using":"-android uiautomator","value":"new UiSelector().className(\"android.widget.Button\").text(\"同意并继续\").resourceId(\"com.goldlokedu.tgoldlokedu:id/btn_pos\")"}[39m
[35m[HTTP][39m [37m<-- POST /wd/hub/session/e710b4ba-6f5f-4d1e-8514-c24b290443d3/elements [39m[32m200[39m [90m55 ms - 12[39m
[35m[HTTP][39m [90m[39m
[35m[HTTP][39m [37m-->[39m [37mPOST[39m [37m/wd/hub/session/e710b4ba-6f5f-4d1e-8514-c24b290443d3/elements[39m
[35m[HTTP][39m [90m{"using":"-android uiautomator","value":"new UiSelector().className(\"android.widget.Button\").text(\"同意并继续\").resourceId(\"com.goldlokedu.tgoldlokedu:id/btn_pos\")"}[39m
[35m[HTTP][39m [37m<-- POST /wd/hub/session/e710b4ba-6f5f-4d1e-8514-c24b290443d3/elements [39m[32m200[39m [90m616 ms - 12[39m
[35m[HTTP][39m [90m[39m
[35m[HTTP][39m [37m-->[39m [37mPOST[39m [37m/wd/hub/session/e710b4ba-6f5f-4d1e-8514-c24b290443d3/elements[39m
[35m[HTTP][39m [90m{"using":"-android uiautomator","value":"new UiSelector().className(\"android.widget.Button\").text(\"同意并继续\").resourceId(\"com.goldlokedu.tgoldlokedu:id/btn_pos\")"}[39m
[35m[HTTP][39m [37m<-- POST /wd/hub/session/e710b4ba-6f5f-4d1e-8514-c24b290443d3/elements [39m[32m200[39m [90m1168 ms - 12[39m
[35m[HTTP][39m [90m[39m
[35m[HTTP][39m [37m-->[39m [37mPOST[39m [37m/wd/hub/session/e710b4ba-6f5f-4d1e-8514-c24b290443d3/timeouts[39m
[35m[HTTP][39m [90m{"implicit":10000}[39m
[35m[HTTP][39m [37m<-- POST /wd/hub/session/e710b4ba-6f5f-4d1e-8514-c24b290443d3/timeouts [39m[32m200[39m [90m2 ms - 14[39m
[35m[HTTP][39m [90m[39m
[35m[HTTP][39m [37m-->[39m [37mGET[39m [37m/wd/hub/session/e710b4ba-6f5f-4d1e-8514-c24b290443d3/context[39m
[35m[HTTP][39m [90m{}[39m
[35m[HTTP][39m [37m<-- GET /wd/hub/session/e710b4ba-6f5f-4d1e-8514-c24b290443d3/context [39m[32m200[39m [90m5 ms - 22[39m
[35m[HTTP][39m [90m[39m
[35m[HTTP][39m [37m-->[39m [37mGET[39m [37m/wd/hub/session/e710b4ba-6f5f-4d1e-8514-c24b290443d3/contexts[39m
[35m[HTTP][39m [90m{}[39m
[35m[AndroidDriver][39m Not checking whether webviews have active pages; use the 'ensureWebviewsHavePages' cap to turn this check on
[35m[HTTP][39m [37m<-- GET /wd/hub/session/e710b4ba-6f5f-4d1e-8514-c24b290443d3/contexts [39m[32m200[39m [90m171 ms - 55[39m
[35m[HTTP][39m [90m[39m
[35m[HTTP][39m [37m-->[39m [37mPOST[39m [37m/wd/hub/session/e710b4ba-6f5f-4d1e-8514-c24b290443d3/context[39m
[35m[HTTP][39m [90m{"name":"NATIVE_APP"}[39m
[35m[HTTP][39m [37m<-- POST /wd/hub/session/e710b4ba-6f5f-4d1e-8514-c24b290443d3/context [39m[32m200[39m [90m2 ms - 14[39m
[35m[HTTP][39m [90m[39m
[35m[HTTP][39m [37m-->[39m [37mGET[39m [37m/wd/hub/session/e710b4ba-6f5f-4d1e-8514-c24b290443d3/screenshot[39m
[35m[HTTP][39m [90m{}[39m
[35m[HTTP][39m [37m<-- GET /wd/hub/session/e710b4ba-6f5f-4d1e-8514-c24b290443d3/screenshot [39m[32m200[39m [90m632 ms - 286810[39m
[35m[HTTP][39m [90m[39m
[35m[HTTP][39m [37m-->[39m [37mPOST[39m [37m/wd/hub/session/e710b4ba-6f5f-4d1e-8514-c24b290443d3/context[39m
[35m[HTTP][39m [90m{"name":"NATIVE_APP"}[39m
[35m[HTTP][39m [37m<-- POST /wd/hub/session/e710b4ba-6f5f-4d1e-8514-c24b290443d3/context [39m[32m200[39m [90m2 ms - 14[39m
[35m[HTTP][39m [90m[39m
[35m[HTTP][39m [37m-->[39m [37mGET[39m [37m/wd/hub/session/e710b4ba-6f5f-4d1e-8514-c24b290443d3/context[39m
[35m[HTTP][39m [90m{}[39m
[35m[HTTP][39m [37m<-- GET /wd/hub/session/e710b4ba-6f5f-4d1e-8514-c24b290443d3/context [39m[32m200[39m [90m1 ms - 22[39m
[35m[HTTP][39m [90m[39m
[35m[HTTP][39m [37m-->[39m [37mGET[39m [37m/wd/hub/session/e710b4ba-6f5f-4d1e-8514-c24b290443d3/contexts[39m
[35m[HTTP][39m [90m{}[39m
[35m[AndroidDriver][39m Not checking whether webviews have active pages; use the 'ensureWebviewsHavePages' cap to turn this check on
[35m[HTTP][39m [37m<-- GET /wd/hub/session/e710b4ba-6f5f-4d1e-8514-c24b290443d3/contexts [39m[32m200[39m [90m192 ms - 55[39m
[35m[HTTP][39m [90m[39m
[35m[HTTP][39m [37m-->[39m [37mPOST[39m [37m/wd/hub/session/e710b4ba-6f5f-4d1e-8514-c24b290443d3/context[39m
[35m[HTTP][39m [90m{"name":"NATIVE_APP"}[39m
[35m[HTTP][39m [37m<-- POST /wd/hub/session/e710b4ba-6f5f-4d1e-8514-c24b290443d3/context [39m[32m200[39m [90m2 ms - 14[39m
[35m[HTTP][39m [90m[39m
[35m[HTTP][39m [37m-->[39m [37mGET[39m [37m/wd/hub/session/e710b4ba-6f5f-4d1e-8514-c24b290443d3/window/rect[39m
[35m[HTTP][39m [90m{}[39m
[35m[HTTP][39m [37m<-- GET /wd/hub/session/e710b4ba-6f5f-4d1e-8514-c24b290443d3/window/rect [39m[32m200[39m [90m45 ms - 50[39m
[35m[HTTP][39m [90m[39m
[35m[HTTP][39m [37m-->[39m [37mPOST[39m [37m/wd/hub/session/e710b4ba-6f5f-4d1e-8514-c24b290443d3/context[39m
[35m[HTTP][39m [90m{"name":"NATIVE_APP"}[39m
[35m[HTTP][39m [37m<-- POST /wd/hub/session/e710b4ba-6f5f-4d1e-8514-c24b290443d3/context [39m[32m200[39m [90m2 ms - 14[39m
[35m[HTTP][39m [90m[39m
[35m[HTTP][39m [37m-->[39m [37mGET[39m [37m/wd/hub/session/e710b4ba-6f5f-4d1e-8514-c24b290443d3/context[39m
[35m[HTTP][39m [90m{}[39m
[35m[HTTP][39m [37m<-- GET /wd/hub/session/e710b4ba-6f5f-4d1e-8514-c24b290443d3/context [39m[32m200[39m [90m1 ms - 22[39m
[35m[HTTP][39m [90m[39m
[35m[HTTP][39m [37m-->[39m [37mGET[39m [37m/wd/hub/session/e710b4ba-6f5f-4d1e-8514-c24b290443d3/contexts[39m
[35m[HTTP][39m [90m{}[39m
[35m[AndroidDriver][39m Not checking whether webviews have active pages; use the 'ensureWebviewsHavePages' cap to turn this check on
[35m[HTTP][39m [37m<-- GET /wd/hub/session/e710b4ba-6f5f-4d1e-8514-c24b290443d3/contexts [39m[32m200[39m [90m224 ms - 55[39m
[35m[HTTP][39m [90m[39m
[35m[HTTP][39m [37m-->[39m [37mPOST[39m [37m/wd/hub/session/e710b4ba-6f5f-4d1e-8514-c24b290443d3/context[39m
[35m[HTTP][39m [90m{"name":"NATIVE_APP"}[39m
[35m[HTTP][39m [37m<-- POST /wd/hub/session/e710b4ba-6f5f-4d1e-8514-c24b290443d3/context [39m[32m200[39m [90m2 ms - 14[39m
[35m[HTTP][39m [90m[39m
[35m[HTTP][39m [37m-->[39m [37mGET[39m [37m/wd/hub/session/e710b4ba-6f5f-4d1e-8514-c24b290443d3/window/rect[39m
[35m[HTTP][39m [90m{}[39m
[35m[HTTP][39m [37m<-- GET /wd/hub/session/e710b4ba-6f5f-4d1e-8514-c24b290443d3/window/rect [39m[32m200[39m [90m40 ms - 50[39m
[35m[HTTP][39m [90m[39m
[35m[HTTP][39m [37m-->[39m [37mPOST[39m [37m/wd/hub/session/e710b4ba-6f5f-4d1e-8514-c24b290443d3/context[39m
[35m[HTTP][39m [90m{"name":"NATIVE_APP"}[39m
[35m[HTTP][39m [37m<-- POST /wd/hub/session/e710b4ba-6f5f-4d1e-8514-c24b290443d3/context [39m[32m200[39m [90m1 ms - 14[39m
[35m[HTTP][39m [90m[39m
[35m[HTTP][39m [37m-->[39m [37mGET[39m [37m/wd/hub/session/e710b4ba-6f5f-4d1e-8514-c24b290443d3/context[39m
[35m[HTTP][39m [90m{}[39m
[35m[HTTP][39m [37m<-- GET /wd/hub/session/e710b4ba-6f5f-4d1e-8514-c24b290443d3/context [39m[32m200[39m [90m2 ms - 22[39m
[35m[HTTP][39m [90m[39m
[35m[HTTP][39m [37m-->[39m [37mGET[39m [37m/wd/hub/session/e710b4ba-6f5f-4d1e-8514-c24b290443d3/contexts[39m
[35m[HTTP][39m [90m{}[39m
[35m[AndroidDriver][39m Not checking whether webviews have active pages; use the 'ensureWebviewsHavePages' cap to turn this check on
[35m[HTTP][39m [37m<-- GET /wd/hub/session/e710b4ba-6f5f-4d1e-8514-c24b290443d3/contexts [39m[32m200[39m [90m219 ms - 55[39m
[35m[HTTP][39m [90m[39m
[35m[HTTP][39m [37m-->[39m [37mPOST[39m [37m/wd/hub/session/e710b4ba-6f5f-4d1e-8514-c24b290443d3/context[39m
[35m[HTTP][39m [90m{"name":"NATIVE_APP"}[39m
[35m[HTTP][39m [37m<-- POST /wd/hub/session/e710b4ba-6f5f-4d1e-8514-c24b290443d3/context [39m[32m200[39m [90m7 ms - 14[39m
[35m[HTTP][39m [90m[39m
[35m[HTTP][39m [37m-->[39m [37mPOST[39m [37m/wd/hub/session/e710b4ba-6f5f-4d1e-8514-c24b290443d3/touch/perform[39m
[35m[HTTP][39m [90m{"actions":[{"action":"press","options":{"x":1000,"y":900}},{"action":"wait","options":{"ms":500}},{"action":"moveTo","options":{"x":0,"y":0}},{"action":"release","options":{}}]}[39m
[35m[HTTP][39m [37m<-- POST /wd/hub/session/e710b4ba-6f5f-4d1e-8514-c24b290443d3/touch/perform [39m[32m200[39m [90m1160 ms - 14[39m
[35m[HTTP][39m [90m[39m
[35m[HTTP][39m [37m-->[39m [37mPOST[39m [37m/wd/hub/session/e710b4ba-6f5f-4d1e-8514-c24b290443d3/context[39m
[35m[HTTP][39m [90m{"name":"NATIVE_APP"}[39m
[35m[HTTP][39m [37m<-- POST /wd/hub/session/e710b4ba-6f5f-4d1e-8514-c24b290443d3/context [39m[32m200[39m [90m2 ms - 14[39m
[35m[HTTP][39m [90m[39m
[35m[HTTP][39m [37m-->[39m [37mGET[39m [37m/wd/hub/session/e710b4ba-6f5f-4d1e-8514-c24b290443d3/context[39m
[35m[HTTP][39m [90m{}[39m
[35m[HTTP][39m [37m<-- GET /wd/hub/session/e710b4ba-6f5f-4d1e-8514-c24b290443d3/context [39m[32m200[39m [90m4 ms - 22[39m
[35m[HTTP][39m [90m[39m
[35m[HTTP][39m [37m-->[39m [37mGET[39m [37m/wd/hub/session/e710b4ba-6f5f-4d1e-8514-c24b290443d3/contexts[39m
[35m[HTTP][39m [90m{}[39m
[35m[AndroidDriver][39m Not checking whether webviews have active pages; use the 'ensureWebviewsHavePages' cap to turn this check on
[35m[HTTP][39m [37m<-- GET /wd/hub/session/e710b4ba-6f5f-4d1e-8514-c24b290443d3/contexts [39m[32m200[39m [90m236 ms - 55[39m
[35m[HTTP][39m [90m[39m
[35m[HTTP][39m [37m-->[39m [37mPOST[39m [37m/wd/hub/session/e710b4ba-6f5f-4d1e-8514-c24b290443d3/context[39m
[35m[HTTP][39m [90m{"name":"NATIVE_APP"}[39m
[35m[HTTP][39m [37m<-- POST /wd/hub/session/e710b4ba-6f5f-4d1e-8514-c24b290443d3/context [39m[32m200[39m [90m2 ms - 14[39m
[35m[HTTP][39m [90m[39m
[35m[HTTP][39m [37m-->[39m [37mGET[39m [37m/wd/hub/session/e710b4ba-6f5f-4d1e-8514-c24b290443d3/window/rect[39m
[35m[HTTP][39m [90m{}[39m
[35m[HTTP][39m [37m<-- GET /wd/hub/session/e710b4ba-6f5f-4d1e-8514-c24b290443d3/window/rect [39m[32m200[39m [90m25 ms - 50[39m
[35m[HTTP][39m [90m[39m
[35m[HTTP][39m [37m-->[39m [37mPOST[39m [37m/wd/hub/session/e710b4ba-6f5f-4d1e-8514-c24b290443d3/context[39m
[35m[HTTP][39m [90m{"name":"NATIVE_APP"}[39m
[35m[HTTP][39m [37m<-- POST /wd/hub/session/e710b4ba-6f5f-4d1e-8514-c24b290443d3/context [39m[32m200[39m [90m1 ms - 14[39m
[35m[HTTP][39m [90m[39m
[35m[HTTP][39m [37m-->[39m [37mGET[39m [37m/wd/hub/session/e710b4ba-6f5f-4d1e-8514-c24b290443d3/context[39m
[35m[HTTP][39m [90m{}[39m
[35m[HTTP][39m [37m<-- GET /wd/hub/session/e710b4ba-6f5f-4d1e-8514-c24b290443d3/context [39m[32m200[39m [90m1 ms - 22[39m
[35m[HTTP][39m [90m[39m
[35m[HTTP][39m [37m-->[39m [37mGET[39m [37m/wd/hub/session/e710b4ba-6f5f-4d1e-8514-c24b290443d3/contexts[39m
[35m[HTTP][39m [90m{}[39m
[35m[AndroidDriver][39m Not checking whether webviews have active pages; use the 'ensureWebviewsHavePages' cap to turn this check on
[35m[HTTP][39m [37m<-- GET /wd/hub/session/e710b4ba-6f5f-4d1e-8514-c24b290443d3/contexts [39m[32m200[39m [90m235 ms - 55[39m
[35m[HTTP][39m [90m[39m
[35m[HTTP][39m [37m-->[39m [37mPOST[39m [37m/wd/hub/session/e710b4ba-6f5f-4d1e-8514-c24b290443d3/context[39m
[35m[HTTP][39m [90m{"name":"NATIVE_APP"}[39m
[35m[HTTP][39m [37m<-- POST /wd/hub/session/e710b4ba-6f5f-4d1e-8514-c24b290443d3/context [39m[32m200[39m [90m1 ms - 14[39m
[35m[HTTP][39m [90m[39m
[35m[HTTP][39m [37m-->[39m [37mGET[39m [37m/wd/hub/session/e710b4ba-6f5f-4d1e-8514-c24b290443d3/window/rect[39m
[35m[HTTP][39m [90m{}[39m
[35m[HTTP][39m [37m<-- GET /wd/hub/session/e710b4ba-6f5f-4d1e-8514-c24b290443d3/window/rect [39m[32m200[39m [90m27 ms - 50[39m
[35m[HTTP][39m [90m[39m
[35m[HTTP][39m [37m-->[39m [37mPOST[39m [37m/wd/hub/session/e710b4ba-6f5f-4d1e-8514-c24b290443d3/context[39m
[35m[HTTP][39m [90m{"name":"NATIVE_APP"}[39m
[35m[HTTP][39m [37m<-- POST /wd/hub/session/e710b4ba-6f5f-4d1e-8514-c24b290443d3/context [39m[32m200[39m [90m1 ms - 14[39m
[35m[HTTP][39m [90m[39m
[35m[HTTP][39m [37m-->[39m [37mGET[39m [37m/wd/hub/session/e710b4ba-6f5f-4d1e-8514-c24b290443d3/context[39m
[35m[HTTP][39m [90m{}[39m
[35m[HTTP][39m [37m<-- GET /wd/hub/session/e710b4ba-6f5f-4d1e-8514-c24b290443d3/context [39m[32m200[39m [90m1 ms - 22[39m
[35m[HTTP][39m [90m[39m
[35m[HTTP][39m [37m-->[39m [37mGET[39m [37m/wd/hub/session/e710b4ba-6f5f-4d1e-8514-c24b290443d3/contexts[39m
[35m[HTTP][39m [90m{}[39m
[35m[AndroidDriver][39m Not checking whether webviews have active pages; use the 'ensureWebviewsHavePages' cap to turn this check on
[35m[HTTP][39m [37m<-- GET /wd/hub/session/e710b4ba-6f5f-4d1e-8514-c24b290443d3/contexts [39m[32m200[39m [90m220 ms - 55[39m
[35m[HTTP][39m [90m[39m
[35m[HTTP][39m [37m-->[39m [37mPOST[39m [37m/wd/hub/session/e710b4ba-6f5f-4d1e-8514-c24b290443d3/context[39m
[35m[HTTP][39m [90m{"name":"NATIVE_APP"}[39m
[35m[HTTP][39m [37m<-- POST /wd/hub/session/e710b4ba-6f5f-4d1e-8514-c24b290443d3/context [39m[32m200[39m [90m1 ms - 14[39m
[35m[HTTP][39m [90m[39m
[35m[HTTP][39m [37m-->[39m [37mPOST[39m [37m/wd/hub/session/e710b4ba-6f5f-4d1e-8514-c24b290443d3/touch/perform[39m
[35m[HTTP][39m [90m{"actions":[{"action":"press","options":{"x":1000,"y":900}},{"action":"wait","options":{"ms":500}},{"action":"moveTo","options":{"x":0,"y":0}},{"action":"release","options":{}}]}[39m
[35m[HTTP][39m [37m<-- POST /wd/hub/session/e710b4ba-6f5f-4d1e-8514-c24b290443d3/touch/perform [39m[32m200[39m [90m1046 ms - 14[39m
[35m[HTTP][39m [90m[39m
[35m[HTTP][39m [37m-->[39m [37mPOST[39m [37m/wd/hub/session/e710b4ba-6f5f-4d1e-8514-c24b290443d3/context[39m
[35m[HTTP][39m [90m{"name":"NATIVE_APP"}[39m
[35m[HTTP][39m [37m<-- POST /wd/hub/session/e710b4ba-6f5f-4d1e-8514-c24b290443d3/context [39m[32m200[39m [90m1 ms - 14[39m
[35m[HTTP][39m [90m[39m
[35m[HTTP][39m [37m-->[39m [37mPOST[39m [37m/wd/hub/session/e710b4ba-6f5f-4d1e-8514-c24b290443d3/timeouts[39m
[35m[HTTP][39m [90m{"implicit":50}[39m
[35m[HTTP][39m [37m<-- POST /wd/hub/session/e710b4ba-6f5f-4d1e-8514-c24b290443d3/timeouts [39m[32m200[39m [90m2 ms - 14[39m
[35m[HTTP][39m [90m[39m
[35m[HTTP][39m [37m-->[39m [37mGET[39m [37m/wd/hub/session/e710b4ba-6f5f-4d1e-8514-c24b290443d3/window/rect[39m
[35m[HTTP][39m [90m{}[39m
[35m[HTTP][39m [37m<-- GET /wd/hub/session/e710b4ba-6f5f-4d1e-8514-c24b290443d3/window/rect [39m[32m200[39m [90m31 ms - 50[39m
[35m[HTTP][39m [90m[39m
[35m[HTTP][39m [37m-->[39m [37mPOST[39m [37m/wd/hub/session/e710b4ba-6f5f-4d1e-8514-c24b290443d3/elements[39m
[35m[HTTP][39m [90m{"using":"-android uiautomator","value":"new UiSelector().className(\"android.widget.TextView\").text(\"立即体验\").packageName(\"com.goldlokedu.tgoldlokedu\")"}[39m
[35m[HTTP][39m [37m<-- POST /wd/hub/session/e710b4ba-6f5f-4d1e-8514-c24b290443d3/elements [39m[32m200[39m [90m234 ms - 139[39m
[35m[HTTP][39m [90m[39m
[35m[HTTP][39m [37m-->[39m [37mGET[39m [37m/wd/hub/session/e710b4ba-6f5f-4d1e-8514-c24b290443d3/element/061de4a2-9262-48ab-897b-89cfa3ef4038/location[39m
[35m[HTTP][39m [90m{}[39m
[35m[W3C (e710b4ba)][39m Driver proxy active, passing request on via HTTP proxy
[35m[WD Proxy][39m Replacing sessionId 3f6b3ee4-50e1-4d26-922d-98080d112104 with e710b4ba-6f5f-4d1e-8514-c24b290443d3
[35m[HTTP][39m [37m<-- GET /wd/hub/session/e710b4ba-6f5f-4d1e-8514-c24b290443d3/element/061de4a2-9262-48ab-897b-89cfa3ef4038/location [39m[32m200[39m [90m60 ms - 79[39m
[35m[HTTP][39m [90m[39m
[35m[HTTP][39m [37m-->[39m [37mPOST[39m [37m/wd/hub/session/e710b4ba-6f5f-4d1e-8514-c24b290443d3/timeouts[39m
[35m[HTTP][39m [90m{"implicit":10000}[39m
[35m[HTTP][39m [37m<-- POST /wd/hub/session/e710b4ba-6f5f-4d1e-8514-c24b290443d3/timeouts [39m[32m200[39m [90m1 ms - 14[39m
[35m[HTTP][39m [90m[39m
[35m[HTTP][39m [37m-->[39m [37mPOST[39m [37m/wd/hub/session/e710b4ba-6f5f-4d1e-8514-c24b290443d3/touch/perform[39m
[35m[HTTP][39m [90m{"actions":[{"action":"tap","options":{"x":1,"y":1,"element":"061de4a2-9262-48ab-897b-89cfa3ef4038"}},{"action":"release","options":{}}]}[39m
[35m[UiAutomator2][39m calling get location: 061de4a2-9262-48ab-897b-89cfa3ef4038
[35m[HTTP][39m [37m<-- POST /wd/hub/session/e710b4ba-6f5f-4d1e-8514-c24b290443d3/touch/perform [39m[32m200[39m [90m1426 ms - 14[39m
[35m[HTTP][39m [90m[39m
[35m[HTTP][39m [37m-->[39m [37mPOST[39m [37m/wd/hub/session/e710b4ba-6f5f-4d1e-8514-c24b290443d3/timeouts[39m
[35m[HTTP][39m [90m{"implicit":50}[39m
[35m[HTTP][39m [37m<-- POST /wd/hub/session/e710b4ba-6f5f-4d1e-8514-c24b290443d3/timeouts [39m[32m200[39m [90m2 ms - 14[39m
[35m[HTTP][39m [90m[39m
[35m[HTTP][39m [37m-->[39m [37mGET[39m [37m/wd/hub/session/e710b4ba-6f5f-4d1e-8514-c24b290443d3/window/rect[39m
[35m[HTTP][39m [90m{}[39m
[35m[HTTP][39m [37m<-- GET /wd/hub/session/e710b4ba-6f5f-4d1e-8514-c24b290443d3/window/rect [39m[32m200[39m [90m43 ms - 50[39m
[35m[HTTP][39m [90m[39m
[35m[HTTP][39m [37m-->[39m [37mPOST[39m [37m/wd/hub/session/e710b4ba-6f5f-4d1e-8514-c24b290443d3/elements[39m
[35m[HTTP][39m [90m{"using":"-android uiautomator","value":"new UiSelector().className(\"android.widget.TextView\").text(\"普宁\").resourceId(\"com.goldlokedu.tgoldlokedu:id/area_name\")"}[39m
[35m[HTTP][39m [37m<-- POST /wd/hub/session/e710b4ba-6f5f-4d1e-8514-c24b290443d3/elements [39m[32m200[39m [90m103 ms - 139[39m
[35m[HTTP][39m [90m[39m
[35m[HTTP][39m [37m-->[39m [37mGET[39m [37m/wd/hub/session/e710b4ba-6f5f-4d1e-8514-c24b290443d3/element/b848753a-40dc-4210-bdf1-ea97ba6f09a2/location[39m
[35m[HTTP][39m [90m{}[39m
[35m[W3C (e710b4ba)][39m Driver proxy active, passing request on via HTTP proxy
[35m[WD Proxy][39m Replacing sessionId 3f6b3ee4-50e1-4d26-922d-98080d112104 with e710b4ba-6f5f-4d1e-8514-c24b290443d3
[35m[HTTP][39m [37m<-- GET /wd/hub/session/e710b4ba-6f5f-4d1e-8514-c24b290443d3/element/b848753a-40dc-4210-bdf1-ea97ba6f09a2/location [39m[32m200[39m [90m51 ms - 78[39m
[35m[HTTP][39m [90m[39m
[35m[HTTP][39m [37m-->[39m [37mPOST[39m [37m/wd/hub/session/e710b4ba-6f5f-4d1e-8514-c24b290443d3/timeouts[39m
[35m[HTTP][39m [90m{"implicit":10000}[39m
[35m[HTTP][39m [37m<-- POST /wd/hub/session/e710b4ba-6f5f-4d1e-8514-c24b290443d3/timeouts [39m[32m200[39m [90m2 ms - 14[39m
[35m[HTTP][39m [90m[39m
[35m[HTTP][39m [37m-->[39m [37mPOST[39m [37m/wd/hub/session/e710b4ba-6f5f-4d1e-8514-c24b290443d3/touch/perform[39m
[35m[HTTP][39m [90m{"actions":[{"action":"tap","options":{"x":1,"y":1,"element":"b848753a-40dc-4210-bdf1-ea97ba6f09a2"}},{"action":"release","options":{}}]}[39m
[35m[UiAutomator2][39m calling get location: b848753a-40dc-4210-bdf1-ea97ba6f09a2
[35m[HTTP][39m [37m<-- POST /wd/hub/session/e710b4ba-6f5f-4d1e-8514-c24b290443d3/touch/perform [39m[32m200[39m [90m1062 ms - 14[39m
[35m[HTTP][39m [90m[39m
[35m[HTTP][39m [37m-->[39m [37mDELETE[39m [37m/wd/hub/session/e710b4ba-6f5f-4d1e-8514-c24b290443d3[39m
[35m[HTTP][39m [90m{}[39m
[35m[Appium][39m Removing session e710b4ba-6f5f-4d1e-8514-c24b290443d3 from our master session list
[35m[UiAutomator2][39m Restoring hidden api policy to the device default configuration
[35m[HTTP][39m [37m<-- DELETE /wd/hub/session/e710b4ba-6f5f-4d1e-8514-c24b290443d3 [39m[32m200[39m [90m359 ms - 14[39m
[35m[HTTP][39m [90m[39m
