<?xml version="1.0" encoding="UTF-8" standalone="no"?>
<!DOCTYPE log SYSTEM "logger.dtd">
<log>
<record>
  <date>2020-03-03T11:25:10</date>
  <millis>1583205910598</millis>
  <sequence>0</sequence>
  <level>START</level>
  <class>com.kms.katalon.core.logging.XmlKeywordLogger</class>
  <method>startSuite</method>
  <thread>1</thread>
  <message>Start Test Suite : Test Suites/Android/Login Before/transition_page</message>
  <nestedLevel>0</nestedLevel>
  <property name="name">transition_page</property>
  <property name="description"></property>
  <property name="id">Test Suites/Android/Login Before/transition_page</property>
</record>
<record>
  <date>2020-03-03T11:25:10</date>
  <millis>1583205910624</millis>
  <sequence>1</sequence>
  <level>RUN_DATA</level>
  <class>com.kms.katalon.core.logging.XmlKeywordLogger</class>
  <method>logMessage</method>
  <thread>1</thread>
  <message>hostName = faz - 192.168.2.21</message>
  <nestedLevel>0</nestedLevel>
  <property name="hostName">faz - 192.168.2.21</property>
</record>
<record>
  <date>2020-03-03T11:25:10</date>
  <millis>1583205910626</millis>
  <sequence>2</sequence>
  <level>RUN_DATA</level>
  <class>com.kms.katalon.core.logging.XmlKeywordLogger</class>
  <method>logMessage</method>
  <thread>1</thread>
  <message>os = Mac OS X 64bit</message>
  <nestedLevel>0</nestedLevel>
  <property name="os">Mac OS X 64bit</property>
</record>
<record>
  <date>2020-03-03T11:25:10</date>
  <millis>1583205910632</millis>
  <sequence>3</sequence>
  <level>RUN_DATA</level>
  <class>com.kms.katalon.core.logging.XmlKeywordLogger</class>
  <method>logMessage</method>
  <thread>1</thread>
  <message>hostAddress = 192.168.2.21</message>
  <nestedLevel>0</nestedLevel>
  <property name="hostAddress">192.168.2.21</property>
</record>
<record>
  <date>2020-03-03T11:25:10</date>
  <millis>1583205910634</millis>
  <sequence>4</sequence>
  <level>RUN_DATA</level>
  <class>com.kms.katalon.core.logging.XmlKeywordLogger</class>
  <method>logMessage</method>
  <thread>1</thread>
  <message>katalonVersion = 7.2.2.1</message>
  <nestedLevel>0</nestedLevel>
  <property name="katalonVersion">7.2.2.1</property>
</record>
<record>
  <date>2020-03-03T11:25:10</date>
  <millis>1583205910996</millis>
  <sequence>5</sequence>
  <level>START</level>
  <class>com.kms.katalon.core.logging.XmlKeywordLogger</class>
  <method>startTest</method>
  <thread>1</thread>
  <message>Start Test Case : Test Cases/Android/Login Module/Transition Page Module/page_one_skip</message>
  <nestedLevel>1</nestedLevel>
  <property name="name">Test Cases/Android/Login Module/Transition Page Module/page_one_skip</property>
  <property name="description">\u8FC7\u6E21\u9875\u7B2C\u4E00\u9875\u8DF3\u8FC7</property>
  <property name="id">Test Cases/Android/Login Module/Transition Page Module/page_one_skip</property>
  <property name="source">\\Users\\faz\\git\\com.goldlokedu.app\\Test Cases\\Android\\Login Module\\Transition Page Module\\page_one_skip.tc</property>
  <property name="tag"></property>
  <property name="isOptional">false</property>
</record>
<record>
  <date>2020-03-03T11:25:11</date>
  <millis>1583205911030</millis>
  <sequence>7</sequence>
  <level>START</level>
  <class>com.kms.katalon.core.logging.XmlKeywordLogger</class>
  <method>startKeyword</method>
  <thread>1</thread>
  <message>Start setup action : setupTestCase</message>
  <nestedLevel>1</nestedLevel>
  <property name="isIgnoredIfFailed">false</property>
</record>
<record>
  <date>2020-03-03T11:25:11</date>
  <millis>1583205911409</millis>
  <sequence>8</sequence>
  <level>START</level>
  <class>com.kms.katalon.core.logging.XmlKeywordLogger</class>
  <method>startKeyword</method>
  <thread>1</thread>
  <message>Start action : callTestCase(findTestCase(\&amp;quot;Test Cases/Android/Precondition/Privacy Policy/skip_privacy_policy\&amp;quot;), [:], STOP_ON_FAILURE)</message>
  <nestedLevel>1</nestedLevel>
  <property name="startLine">54</property>
  <property name="stepIndex">1</property>
  <property name="description">\u767B\u5F55\u6A21\u5757\u7528\u4F8B\u524D\u7F6E\u6761\u4EF6----\u5B89\u88C5\u5E76\u6253\u5F00app\u5E76\u8DF3\u8FC7\u9690\u79C1\u653F\u7B56</property>
</record>
<record>
  <date>2020-03-03T11:25:11</date>
  <millis>1583205911610</millis>
  <sequence>11</sequence>
  <level>START</level>
  <class>com.kms.katalon.core.logging.XmlKeywordLogger</class>
  <method>startTest</method>
  <thread>1</thread>
  <message>Start Test Case : Test Cases/Android/Precondition/Privacy Policy/skip_privacy_policy</message>
  <nestedLevel>2</nestedLevel>
  <property name="name">Test Cases/Android/Precondition/Privacy Policy/skip_privacy_policy</property>
  <property name="description">\u524D\u7F6E\u6761\u4EF6:\u8DF3\u8FC7\u9690\u79C1\u653F\u7B56</property>
  <property name="id">Test Cases/Android/Precondition/Privacy Policy/skip_privacy_policy</property>
  <property name="source">\\Users\\faz\\git\\com.goldlokedu.app\\Test Cases\\Android\\Precondition\\Privacy Policy\\skip_privacy_policy.tc</property>
  <property name="tag"></property>
  <property name="isOptional">false</property>
</record>
<record>
  <date>2020-03-03T11:25:12</date>
  <millis>1583205912011</millis>
  <sequence>13</sequence>
  <level>START</level>
  <class>com.kms.katalon.core.logging.XmlKeywordLogger</class>
  <method>startKeyword</method>
  <thread>1</thread>
  <message>Start action : callTestCase(findTestCase(\&amp;quot;Test Cases/Android/Precondition/Start App/start_app\&amp;quot;), [:], STOP_ON_FAILURE)</message>
  <nestedLevel>1</nestedLevel>
  <property name="startLine">19</property>
  <property name="stepIndex">1</property>
  <property name="description">\u767B\u5F55\u6A21\u5757\u7528\u4F8B\u524D\u7F6E\u6761\u4EF6----\u5B89\u88C5\u5E76\u6253\u5F00app</property>
</record>
<record>
  <date>2020-03-03T11:25:12</date>
  <millis>1583205912099</millis>
  <sequence>16</sequence>
  <level>START</level>
  <class>com.kms.katalon.core.logging.XmlKeywordLogger</class>
  <method>startTest</method>
  <thread>1</thread>
  <message>Start Test Case : Test Cases/Android/Precondition/Start App/start_app</message>
  <nestedLevel>3</nestedLevel>
  <property name="name">Test Cases/Android/Precondition/Start App/start_app</property>
  <property name="description">\u5F00\u542Fapp</property>
  <property name="id">Test Cases/Android/Precondition/Start App/start_app</property>
  <property name="source">\\Users\\faz\\git\\com.goldlokedu.app\\Test Cases\\Android\\Precondition\\Start App\\start_app.tc</property>
  <property name="tag"></property>
  <property name="isOptional">false</property>
</record>
<record>
  <date>2020-03-03T11:25:12</date>
  <millis>1583205912285</millis>
  <sequence>18</sequence>
  <level>START</level>
  <class>com.kms.katalon.core.logging.XmlKeywordLogger</class>
  <method>startKeyword</method>
  <thread>1</thread>
  <message>Start action : startApplication(G_App_Path, false, CONTINUE_ON_FAILURE)</message>
  <nestedLevel>1</nestedLevel>
  <property name="startLine">16</property>
  <property name="stepIndex">1</property>
  <property name="description">\u5F00\u542Fapp</property>
</record>
<record>
  <date>2020-03-03T11:25:12</date>
  <millis>1583205912730</millis>
  <sequence>20</sequence>
  <level>INFO</level>
  <class>com.kms.katalon.core.logging.XmlKeywordLogger</class>
  <method>logMessage</method>
  <thread>1</thread>
  <message>User set preference: [&amp;apos;appActivity&amp;apos;, &amp;apos;com.goldlokedu.tgoldlokedu.subject.ui.activity.welcomeActivity.LoginSplashActivity&amp;apos;]</message>
  <nestedLevel>3</nestedLevel>
</record>
<record>
  <date>2020-03-03T11:25:12</date>
  <millis>1583205912731</millis>
  <sequence>21</sequence>
  <level>INFO</level>
  <class>com.kms.katalon.core.logging.XmlKeywordLogger</class>
  <method>logMessage</method>
  <thread>1</thread>
  <message>User set preference: [&amp;apos;appPackage&amp;apos;, &amp;apos;com.goldlokedu.tgoldlokedu&amp;apos;]</message>
  <nestedLevel>3</nestedLevel>
</record>
<record>
  <date>2020-03-03T11:25:12</date>
  <millis>1583205912732</millis>
  <sequence>22</sequence>
  <level>INFO</level>
  <class>com.kms.katalon.core.logging.XmlKeywordLogger</class>
  <method>logMessage</method>
  <thread>1</thread>
  <message>User set preference: [&amp;apos;deviceId&amp;apos;, &amp;apos;&amp;apos;]</message>
  <nestedLevel>3</nestedLevel>
</record>
<record>
  <date>2020-03-03T11:25:15</date>
  <millis>1583205915554</millis>
  <sequence>23</sequence>
  <level>INFO</level>
  <class>com.kms.katalon.core.logging.XmlKeywordLogger</class>
  <method>logMessage</method>
  <thread>1</thread>
  <message>Appium server started on port 59,854</message>
  <nestedLevel>3</nestedLevel>
</record>
<record>
  <date>2020-03-03T11:25:33</date>
  <millis>1583205933933</millis>
  <sequence>25</sequence>
  <level>RUN_DATA</level>
  <class>com.kms.katalon.core.logging.XmlKeywordLogger</class>
  <method>logMessage</method>
  <thread>1</thread>
  <message>appiumVersion = 1.16.0</message>
  <nestedLevel>3</nestedLevel>
  <property name="appiumVersion">1.16.0</property>
</record>
<record>
  <date>2020-03-03T11:25:33</date>
  <millis>1583205933938</millis>
  <sequence>26</sequence>
  <level>RUN_DATA</level>
  <class>com.kms.katalon.core.logging.XmlKeywordLogger</class>
  <method>logMessage</method>
  <thread>1</thread>
  <message>appiumServerStatus = {\&amp;quot;value\&amp;quot;:{\&amp;quot;build\&amp;quot;:{\&amp;quot;version\&amp;quot;:\&amp;quot;1.16.0\&amp;quot;}},\&amp;quot;sessionId\&amp;quot;:null,\&amp;quot;status\&amp;quot;:0}</message>
  <nestedLevel>3</nestedLevel>
  <property name="appiumServerStatus">{\&quot;value\&quot;:{\&quot;build\&quot;:{\&quot;version\&quot;:\&quot;1.16.0\&quot;}},\&quot;sessionId\&quot;:null,\&quot;status\&quot;:0}</property>
</record>
<record>
  <date>2020-03-03T11:25:33</date>
  <millis>1583205933971</millis>
  <sequence>27</sequence>
  <level>RUN_DATA</level>
  <class>com.kms.katalon.core.logging.XmlKeywordLogger</class>
  <method>logMessage</method>
  <thread>1</thread>
  <message>deviceId = VBJ4C18519001467</message>
  <nestedLevel>3</nestedLevel>
  <property name="deviceId">VBJ4C18519001467</property>
</record>
<record>
  <date>2020-03-03T11:25:33</date>
  <millis>1583205933972</millis>
  <sequence>28</sequence>
  <level>RUN_DATA</level>
  <class>com.kms.katalon.core.logging.XmlKeywordLogger</class>
  <method>logMessage</method>
  <thread>1</thread>
  <message>deviceName = HUAWEI COL-AL10 (Android 9)</message>
  <nestedLevel>3</nestedLevel>
  <property name="deviceName">HUAWEI COL-AL10 (Android 9)</property>
</record>
<record>
  <date>2020-03-03T11:25:33</date>
  <millis>1583205933981</millis>
  <sequence>29</sequence>
  <level>RUN_DATA</level>
  <class>com.kms.katalon.core.logging.XmlKeywordLogger</class>
  <method>logMessage</method>
  <thread>1</thread>
  <message>deviceModel = COL-AL10</message>
  <nestedLevel>3</nestedLevel>
  <property name="deviceModel">COL-AL10</property>
</record>
<record>
  <date>2020-03-03T11:25:33</date>
  <millis>1583205933987</millis>
  <sequence>30</sequence>
  <level>RUN_DATA</level>
  <class>com.kms.katalon.core.logging.XmlKeywordLogger</class>
  <method>logMessage</method>
  <thread>1</thread>
  <message>deviceManufacturer = HUAWEI</message>
  <nestedLevel>3</nestedLevel>
  <property name="deviceManufacturer">HUAWEI</property>
</record>
<record>
  <date>2020-03-03T11:25:33</date>
  <millis>1583205933988</millis>
  <sequence>31</sequence>
  <level>RUN_DATA</level>
  <class>com.kms.katalon.core.logging.XmlKeywordLogger</class>
  <method>logMessage</method>
  <thread>1</thread>
  <message>deviceOS = Android</message>
  <nestedLevel>3</nestedLevel>
  <property name="deviceOS">Android</property>
</record>
<record>
  <date>2020-03-03T11:25:34</date>
  <millis>1583205934006</millis>
  <sequence>32</sequence>
  <level>RUN_DATA</level>
  <class>com.kms.katalon.core.logging.XmlKeywordLogger</class>
  <method>logMessage</method>
  <thread>1</thread>
  <message>deviceOSVersion = 9</message>
  <nestedLevel>3</nestedLevel>
  <property name="deviceOSVersion">9</property>
</record>
<record>
  <date>2020-03-03T11:25:34</date>
  <millis>1583205934089</millis>
  <sequence>33</sequence>
  <level>PASSED</level>
  <class>com.kms.katalon.core.logging.XmlKeywordLogger</class>
  <method>logMessage</method>
  <thread>1</thread>
  <message>Started app at: &amp;apos;/Users/faz/git/com.goldlokedu.app/Data Files/Test APK/1.apk&amp;apos;</message>
  <nestedLevel>3</nestedLevel>
</record>
<record>
  <date>2020-03-03T11:25:34</date>
  <millis>1583205934090</millis>
  <sequence>34</sequence>
  <level>END</level>
  <class>com.kms.katalon.core.logging.XmlKeywordLogger</class>
  <method>endKeyword</method>
  <thread>1</thread>
  <message>End action : startApplication(G_App_Path, false, CONTINUE_ON_FAILURE)</message>
  <nestedLevel>1</nestedLevel>
</record>
<record>
  <date>2020-03-03T11:25:34</date>
  <millis>1583205934090</millis>
  <sequence>35</sequence>
  <level>PASSED</level>
  <class>com.kms.katalon.core.logging.XmlKeywordLogger</class>
  <method>logMessage</method>
  <thread>1</thread>
  <message>Test Cases/Android/Precondition/Start App/start_app</message>
  <nestedLevel>3</nestedLevel>
</record>
<record>
  <date>2020-03-03T11:25:34</date>
  <millis>1583205934093</millis>
  <sequence>36</sequence>
  <level>END</level>
  <class>com.kms.katalon.core.logging.XmlKeywordLogger</class>
  <method>endTest</method>
  <thread>1</thread>
  <message>End Test Case : Test Cases/Android/Precondition/Start App/start_app</message>
  <nestedLevel>2</nestedLevel>
</record>
<record>
  <date>2020-03-03T11:25:34</date>
  <millis>1583205934101</millis>
  <sequence>37</sequence>
  <level>PASSED</level>
  <class>com.kms.katalon.core.logging.XmlKeywordLogger</class>
  <method>logMessage</method>
  <thread>1</thread>
  <message>Call Test Case &amp;apos;Test Cases/Android/Precondition/Start App/start_app&amp;apos; successfully</message>
  <nestedLevel>2</nestedLevel>
</record>
<record>
  <date>2020-03-03T11:25:34</date>
  <millis>1583205934106</millis>
  <sequence>38</sequence>
  <level>END</level>
  <class>com.kms.katalon.core.logging.XmlKeywordLogger</class>
  <method>endKeyword</method>
  <thread>1</thread>
  <message>End action : callTestCase(findTestCase(\&amp;quot;Test Cases/Android/Precondition/Start App/start_app\&amp;quot;), [:], STOP_ON_FAILURE)</message>
  <nestedLevel>1</nestedLevel>
</record>
<record>
  <date>2020-03-03T11:25:34</date>
  <millis>1583205934106</millis>
  <sequence>39</sequence>
  <level>START</level>
  <class>com.kms.katalon.core.logging.XmlKeywordLogger</class>
  <method>startKeyword</method>
  <thread>1</thread>
  <message>Start action : tap(findTestObject(\&amp;quot;Object Repository/Android/Privacy Policy/privacy_policy_agree_btn\&amp;quot;), G_Timeout, OPTIONAL)</message>
  <nestedLevel>1</nestedLevel>
  <property name="startLine">22</property>
  <property name="stepIndex">2</property>
  <property name="description">\u70B9\u51FB\u540C\u610F\u9690\u79C1\u653F\u7B56\u6309\u94AE</property>
</record>
<record>
  <date>2020-03-03T11:25:35</date>
  <millis>1583205935543</millis>
  <sequence>43</sequence>
  <level>PASSED</level>
  <class>com.kms.katalon.core.logging.XmlKeywordLogger</class>
  <method>logMessage</method>
  <thread>1</thread>
  <message>Tapped on element &amp;apos;Object Repository/Android/Privacy Policy/privacy_policy_agree_btn&amp;apos;</message>
  <nestedLevel>2</nestedLevel>
</record>
<record>
  <date>2020-03-03T11:25:35</date>
  <millis>1583205935544</millis>
  <sequence>44</sequence>
  <level>END</level>
  <class>com.kms.katalon.core.logging.XmlKeywordLogger</class>
  <method>endKeyword</method>
  <thread>1</thread>
  <message>End action : tap(findTestObject(\&amp;quot;Object Repository/Android/Privacy Policy/privacy_policy_agree_btn\&amp;quot;), G_Timeout, OPTIONAL)</message>
  <nestedLevel>1</nestedLevel>
</record>
<record>
  <date>2020-03-03T11:25:35</date>
  <millis>1583205935545</millis>
  <sequence>45</sequence>
  <level>PASSED</level>
  <class>com.kms.katalon.core.logging.XmlKeywordLogger</class>
  <method>logMessage</method>
  <thread>1</thread>
  <message>Test Cases/Android/Precondition/Privacy Policy/skip_privacy_policy</message>
  <nestedLevel>2</nestedLevel>
</record>
<record>
  <date>2020-03-03T11:25:35</date>
  <millis>1583205935545</millis>
  <sequence>46</sequence>
  <level>END</level>
  <class>com.kms.katalon.core.logging.XmlKeywordLogger</class>
  <method>endTest</method>
  <thread>1</thread>
  <message>End Test Case : Test Cases/Android/Precondition/Privacy Policy/skip_privacy_policy</message>
  <nestedLevel>1</nestedLevel>
</record>
<record>
  <date>2020-03-03T11:25:35</date>
  <millis>1583205935546</millis>
  <sequence>47</sequence>
  <level>PASSED</level>
  <class>com.kms.katalon.core.logging.XmlKeywordLogger</class>
  <method>logMessage</method>
  <thread>1</thread>
  <message>Call Test Case &amp;apos;Test Cases/Android/Precondition/Privacy Policy/skip_privacy_policy&amp;apos; successfully</message>
  <nestedLevel>1</nestedLevel>
</record>
<record>
  <date>2020-03-03T11:25:35</date>
  <millis>1583205935546</millis>
  <sequence>48</sequence>
  <level>END</level>
  <class>com.kms.katalon.core.logging.XmlKeywordLogger</class>
  <method>endKeyword</method>
  <thread>1</thread>
  <message>End action : callTestCase(findTestCase(\&amp;quot;Test Cases/Android/Precondition/Privacy Policy/skip_privacy_policy\&amp;quot;), [:], STOP_ON_FAILURE)</message>
  <nestedLevel>1</nestedLevel>
</record>
<record>
  <date>2020-03-03T11:25:35</date>
  <millis>1583205935548</millis>
  <sequence>49</sequence>
  <level>PASSED</level>
  <class>com.kms.katalon.core.logging.XmlKeywordLogger</class>
  <method>logMessage</method>
  <thread>1</thread>
  <message>Method &amp;apos;setupTestCase&amp;apos; complete successfully</message>
  <nestedLevel>1</nestedLevel>
</record>
<record>
  <date>2020-03-03T11:25:35</date>
  <millis>1583205935548</millis>
  <sequence>50</sequence>
  <level>END</level>
  <class>com.kms.katalon.core.logging.XmlKeywordLogger</class>
  <method>endKeyword</method>
  <thread>1</thread>
  <message>End End action : setupTestCase</message>
  <nestedLevel>1</nestedLevel>
</record>
<record>
  <date>2020-03-03T11:25:35</date>
  <millis>1583205935958</millis>
  <sequence>51</sequence>
  <level>START</level>
  <class>com.kms.katalon.core.logging.XmlKeywordLogger</class>
  <method>startKeyword</method>
  <thread>1</thread>
  <message>Start action : tap(findTestObject(\&amp;quot;Object Repository/Android/Transition Page Element/transition_page_one_skip_btn\&amp;quot;), G_Timeout, CONTINUE_ON_FAILURE)</message>
  <nestedLevel>1</nestedLevel>
  <property name="startLine">20</property>
  <property name="stepIndex">1</property>
  <property name="description">\u70B9\u51FB\u8FC7\u5EA6\u9875\u7B2C\u4E00\u9875\u8DF3\u8FC7\u6309\u94AE</property>
</record>
<record>
  <date>2020-03-03T11:25:37</date>
  <millis>1583205937596</millis>
  <sequence>55</sequence>
  <level>PASSED</level>
  <class>com.kms.katalon.core.logging.XmlKeywordLogger</class>
  <method>logMessage</method>
  <thread>1</thread>
  <message>Tapped on element &amp;apos;Object Repository/Android/Transition Page Element/transition_page_one_skip_btn&amp;apos;</message>
  <nestedLevel>1</nestedLevel>
</record>
<record>
  <date>2020-03-03T11:25:37</date>
  <millis>1583205937596</millis>
  <sequence>56</sequence>
  <level>END</level>
  <class>com.kms.katalon.core.logging.XmlKeywordLogger</class>
  <method>endKeyword</method>
  <thread>1</thread>
  <message>End action : tap(findTestObject(\&amp;quot;Object Repository/Android/Transition Page Element/transition_page_one_skip_btn\&amp;quot;), G_Timeout, CONTINUE_ON_FAILURE)</message>
  <nestedLevel>1</nestedLevel>
</record>
<record>
  <date>2020-03-03T11:25:37</date>
  <millis>1583205937596</millis>
  <sequence>57</sequence>
  <level>PASSED</level>
  <class>com.kms.katalon.core.logging.XmlKeywordLogger</class>
  <method>logMessage</method>
  <thread>1</thread>
  <message>Test Cases/Android/Login Module/Transition Page Module/page_one_skip</message>
  <nestedLevel>1</nestedLevel>
</record>
<record>
  <date>2020-03-03T11:25:37</date>
  <millis>1583205937597</millis>
  <sequence>58</sequence>
  <level>START</level>
  <class>com.kms.katalon.core.logging.XmlKeywordLogger</class>
  <method>startKeyword</method>
  <thread>1</thread>
  <message>Start tear down : tearDownTestCase</message>
  <nestedLevel>1</nestedLevel>
  <property name="isIgnoredIfFailed">true</property>
</record>
<record>
  <date>2020-03-03T11:25:37</date>
  <millis>1583205937597</millis>
  <sequence>59</sequence>
  <level>START</level>
  <class>com.kms.katalon.core.logging.XmlKeywordLogger</class>
  <method>startKeyword</method>
  <thread>1</thread>
  <message>Start action : closeApplication(STOP_ON_FAILURE)</message>
  <nestedLevel>1</nestedLevel>
  <property name="startLine">64</property>
  <property name="stepIndex">1</property>
  <property name="description">\u767B\u5F55\u6A21\u5757\u7528\u4F8B\u573A\u666F\u8FD8\u539F----\u5173\u95EDapp</property>
</record>
<record>
  <date>2020-03-03T11:25:38</date>
  <millis>1583205938028</millis>
  <sequence>60</sequence>
  <level>PASSED</level>
  <class>com.kms.katalon.core.logging.XmlKeywordLogger</class>
  <method>logMessage</method>
  <thread>1</thread>
  <message>Close app successfully</message>
  <nestedLevel>1</nestedLevel>
</record>
<record>
  <date>2020-03-03T11:25:38</date>
  <millis>1583205938028</millis>
  <sequence>61</sequence>
  <level>END</level>
  <class>com.kms.katalon.core.logging.XmlKeywordLogger</class>
  <method>endKeyword</method>
  <thread>1</thread>
  <message>End action : closeApplication(STOP_ON_FAILURE)</message>
  <nestedLevel>1</nestedLevel>
</record>
<record>
  <date>2020-03-03T11:25:38</date>
  <millis>1583205938028</millis>
  <sequence>62</sequence>
  <level>PASSED</level>
  <class>com.kms.katalon.core.logging.XmlKeywordLogger</class>
  <method>logMessage</method>
  <thread>1</thread>
  <message>Method &amp;apos;tearDownTestCase&amp;apos; complete successfully</message>
  <nestedLevel>1</nestedLevel>
</record>
<record>
  <date>2020-03-03T11:25:38</date>
  <millis>1583205938029</millis>
  <sequence>63</sequence>
  <level>END</level>
  <class>com.kms.katalon.core.logging.XmlKeywordLogger</class>
  <method>endKeyword</method>
  <thread>1</thread>
  <message>End End action : tearDownTestCase</message>
  <nestedLevel>1</nestedLevel>
</record>
<record>
  <date>2020-03-03T11:25:38</date>
  <millis>1583205938030</millis>
  <sequence>64</sequence>
  <level>END</level>
  <class>com.kms.katalon.core.logging.XmlKeywordLogger</class>
  <method>endTest</method>
  <thread>1</thread>
  <message>End Test Case : Test Cases/Android/Login Module/Transition Page Module/page_one_skip</message>
  <nestedLevel>0</nestedLevel>
</record>
<record>
  <date>2020-03-03T11:25:38</date>
  <millis>1583205938037</millis>
  <sequence>65</sequence>
  <level>START</level>
  <class>com.kms.katalon.core.logging.XmlKeywordLogger</class>
  <method>startTest</method>
  <thread>1</thread>
  <message>Start Test Case : Test Cases/Android/Login Module/Transition Page Module/page_two_skip</message>
  <nestedLevel>1</nestedLevel>
  <property name="name">Test Cases/Android/Login Module/Transition Page Module/page_two_skip</property>
  <property name="description">\u8FC7\u6E21\u9875\u7B2C\u4E8C\u9875\u8DF3\u8FC7</property>
  <property name="id">Test Cases/Android/Login Module/Transition Page Module/page_two_skip</property>
  <property name="source">\\Users\\faz\\git\\com.goldlokedu.app\\Test Cases\\Android\\Login Module\\Transition Page Module\\page_two_skip.tc</property>
  <property name="tag"></property>
  <property name="isOptional">false</property>
</record>
<record>
  <date>2020-03-03T11:25:38</date>
  <millis>1583205938049</millis>
  <sequence>67</sequence>
  <level>START</level>
  <class>com.kms.katalon.core.logging.XmlKeywordLogger</class>
  <method>startKeyword</method>
  <thread>1</thread>
  <message>Start setup action : setupTestCase</message>
  <nestedLevel>1</nestedLevel>
  <property name="isIgnoredIfFailed">false</property>
</record>
<record>
  <date>2020-03-03T11:25:38</date>
  <millis>1583205938050</millis>
  <sequence>68</sequence>
  <level>START</level>
  <class>com.kms.katalon.core.logging.XmlKeywordLogger</class>
  <method>startKeyword</method>
  <thread>1</thread>
  <message>Start action : callTestCase(findTestCase(\&amp;quot;Test Cases/Android/Precondition/Privacy Policy/skip_privacy_policy\&amp;quot;), [:], STOP_ON_FAILURE)</message>
  <nestedLevel>1</nestedLevel>
  <property name="startLine">54</property>
  <property name="stepIndex">1</property>
  <property name="description">\u767B\u5F55\u6A21\u5757\u7528\u4F8B\u524D\u7F6E\u6761\u4EF6----\u5B89\u88C5\u5E76\u6253\u5F00app\u5E76\u8DF3\u8FC7\u9690\u79C1\u653F\u7B56</property>
</record>
<record>
  <date>2020-03-03T11:25:38</date>
  <millis>1583205938110</millis>
  <sequence>71</sequence>
  <level>START</level>
  <class>com.kms.katalon.core.logging.XmlKeywordLogger</class>
  <method>startTest</method>
  <thread>1</thread>
  <message>Start Test Case : Test Cases/Android/Precondition/Privacy Policy/skip_privacy_policy</message>
  <nestedLevel>2</nestedLevel>
  <property name="name">Test Cases/Android/Precondition/Privacy Policy/skip_privacy_policy</property>
  <property name="description">\u524D\u7F6E\u6761\u4EF6:\u8DF3\u8FC7\u9690\u79C1\u653F\u7B56</property>
  <property name="id">Test Cases/Android/Precondition/Privacy Policy/skip_privacy_policy</property>
  <property name="source">\\Users\\faz\\git\\com.goldlokedu.app\\Test Cases\\Android\\Precondition\\Privacy Policy\\skip_privacy_policy.tc</property>
  <property name="tag"></property>
  <property name="isOptional">false</property>
</record>
<record>
  <date>2020-03-03T11:25:38</date>
  <millis>1583205938122</millis>
  <sequence>73</sequence>
  <level>START</level>
  <class>com.kms.katalon.core.logging.XmlKeywordLogger</class>
  <method>startKeyword</method>
  <thread>1</thread>
  <message>Start action : callTestCase(findTestCase(\&amp;quot;Test Cases/Android/Precondition/Start App/start_app\&amp;quot;), [:], STOP_ON_FAILURE)</message>
  <nestedLevel>1</nestedLevel>
  <property name="startLine">19</property>
  <property name="stepIndex">1</property>
  <property name="description">\u767B\u5F55\u6A21\u5757\u7528\u4F8B\u524D\u7F6E\u6761\u4EF6----\u5B89\u88C5\u5E76\u6253\u5F00app</property>
</record>
<record>
  <date>2020-03-03T11:25:38</date>
  <millis>1583205938182</millis>
  <sequence>76</sequence>
  <level>START</level>
  <class>com.kms.katalon.core.logging.XmlKeywordLogger</class>
  <method>startTest</method>
  <thread>1</thread>
  <message>Start Test Case : Test Cases/Android/Precondition/Start App/start_app</message>
  <nestedLevel>3</nestedLevel>
  <property name="name">Test Cases/Android/Precondition/Start App/start_app</property>
  <property name="description">\u5F00\u542Fapp</property>
  <property name="id">Test Cases/Android/Precondition/Start App/start_app</property>
  <property name="source">\\Users\\faz\\git\\com.goldlokedu.app\\Test Cases\\Android\\Precondition\\Start App\\start_app.tc</property>
  <property name="tag"></property>
  <property name="isOptional">false</property>
</record>
<record>
  <date>2020-03-03T11:25:38</date>
  <millis>1583205938188</millis>
  <sequence>78</sequence>
  <level>START</level>
  <class>com.kms.katalon.core.logging.XmlKeywordLogger</class>
  <method>startKeyword</method>
  <thread>1</thread>
  <message>Start action : startApplication(G_App_Path, false, CONTINUE_ON_FAILURE)</message>
  <nestedLevel>1</nestedLevel>
  <property name="startLine">16</property>
  <property name="stepIndex">1</property>
  <property name="description">\u5F00\u542Fapp</property>
</record>
<record>
  <date>2020-03-03T11:25:38</date>
  <millis>1583205938200</millis>
  <sequence>80</sequence>
  <level>INFO</level>
  <class>com.kms.katalon.core.logging.XmlKeywordLogger</class>
  <method>logMessage</method>
  <thread>1</thread>
  <message>User set preference: [&amp;apos;appActivity&amp;apos;, &amp;apos;com.goldlokedu.tgoldlokedu.subject.ui.activity.welcomeActivity.LoginSplashActivity&amp;apos;]</message>
  <nestedLevel>3</nestedLevel>
</record>
<record>
  <date>2020-03-03T11:25:38</date>
  <millis>1583205938201</millis>
  <sequence>81</sequence>
  <level>INFO</level>
  <class>com.kms.katalon.core.logging.XmlKeywordLogger</class>
  <method>logMessage</method>
  <thread>1</thread>
  <message>User set preference: [&amp;apos;appPackage&amp;apos;, &amp;apos;com.goldlokedu.tgoldlokedu&amp;apos;]</message>
  <nestedLevel>3</nestedLevel>
</record>
<record>
  <date>2020-03-03T11:25:38</date>
  <millis>1583205938201</millis>
  <sequence>82</sequence>
  <level>INFO</level>
  <class>com.kms.katalon.core.logging.XmlKeywordLogger</class>
  <method>logMessage</method>
  <thread>1</thread>
  <message>User set preference: [&amp;apos;deviceId&amp;apos;, &amp;apos;&amp;apos;]</message>
  <nestedLevel>3</nestedLevel>
</record>
<record>
  <date>2020-03-03T11:25:39</date>
  <millis>1583205939954</millis>
  <sequence>83</sequence>
  <level>INFO</level>
  <class>com.kms.katalon.core.logging.XmlKeywordLogger</class>
  <method>logMessage</method>
  <thread>1</thread>
  <message>Appium server started on port 60,089</message>
  <nestedLevel>3</nestedLevel>
</record>
<record>
  <date>2020-03-03T11:25:51</date>
  <millis>1583205951271</millis>
  <sequence>85</sequence>
  <level>RUN_DATA</level>
  <class>com.kms.katalon.core.logging.XmlKeywordLogger</class>
  <method>logMessage</method>
  <thread>1</thread>
  <message>appiumVersion = 1.16.0</message>
  <nestedLevel>3</nestedLevel>
  <property name="appiumVersion">1.16.0</property>
</record>
<record>
  <date>2020-03-03T11:25:51</date>
  <millis>1583205951272</millis>
  <sequence>86</sequence>
  <level>RUN_DATA</level>
  <class>com.kms.katalon.core.logging.XmlKeywordLogger</class>
  <method>logMessage</method>
  <thread>1</thread>
  <message>appiumServerStatus = {\&amp;quot;value\&amp;quot;:{\&amp;quot;build\&amp;quot;:{\&amp;quot;version\&amp;quot;:\&amp;quot;1.16.0\&amp;quot;}},\&amp;quot;sessionId\&amp;quot;:null,\&amp;quot;status\&amp;quot;:0}</message>
  <nestedLevel>3</nestedLevel>
  <property name="appiumServerStatus">{\&quot;value\&quot;:{\&quot;build\&quot;:{\&quot;version\&quot;:\&quot;1.16.0\&quot;}},\&quot;sessionId\&quot;:null,\&quot;status\&quot;:0}</property>
</record>
<record>
  <date>2020-03-03T11:25:51</date>
  <millis>1583205951288</millis>
  <sequence>87</sequence>
  <level>RUN_DATA</level>
  <class>com.kms.katalon.core.logging.XmlKeywordLogger</class>
  <method>logMessage</method>
  <thread>1</thread>
  <message>deviceId = VBJ4C18519001467</message>
  <nestedLevel>3</nestedLevel>
  <property name="deviceId">VBJ4C18519001467</property>
</record>
<record>
  <date>2020-03-03T11:25:51</date>
  <millis>1583205951289</millis>
  <sequence>88</sequence>
  <level>RUN_DATA</level>
  <class>com.kms.katalon.core.logging.XmlKeywordLogger</class>
  <method>logMessage</method>
  <thread>1</thread>
  <message>deviceName = HUAWEI COL-AL10 (Android 9)</message>
  <nestedLevel>3</nestedLevel>
  <property name="deviceName">HUAWEI COL-AL10 (Android 9)</property>
</record>
<record>
  <date>2020-03-03T11:25:51</date>
  <millis>1583205951291</millis>
  <sequence>89</sequence>
  <level>RUN_DATA</level>
  <class>com.kms.katalon.core.logging.XmlKeywordLogger</class>
  <method>logMessage</method>
  <thread>1</thread>
  <message>deviceModel = COL-AL10</message>
  <nestedLevel>3</nestedLevel>
  <property name="deviceModel">COL-AL10</property>
</record>
<record>
  <date>2020-03-03T11:25:51</date>
  <millis>1583205951292</millis>
  <sequence>90</sequence>
  <level>RUN_DATA</level>
  <class>com.kms.katalon.core.logging.XmlKeywordLogger</class>
  <method>logMessage</method>
  <thread>1</thread>
  <message>deviceManufacturer = HUAWEI</message>
  <nestedLevel>3</nestedLevel>
  <property name="deviceManufacturer">HUAWEI</property>
</record>
<record>
  <date>2020-03-03T11:25:51</date>
  <millis>1583205951292</millis>
  <sequence>91</sequence>
  <level>RUN_DATA</level>
  <class>com.kms.katalon.core.logging.XmlKeywordLogger</class>
  <method>logMessage</method>
  <thread>1</thread>
  <message>deviceOS = Android</message>
  <nestedLevel>3</nestedLevel>
  <property name="deviceOS">Android</property>
</record>
<record>
  <date>2020-03-03T11:25:51</date>
  <millis>1583205951293</millis>
  <sequence>92</sequence>
  <level>RUN_DATA</level>
  <class>com.kms.katalon.core.logging.XmlKeywordLogger</class>
  <method>logMessage</method>
  <thread>1</thread>
  <message>deviceOSVersion = 9</message>
  <nestedLevel>3</nestedLevel>
  <property name="deviceOSVersion">9</property>
</record>
<record>
  <date>2020-03-03T11:25:51</date>
  <millis>1583205951298</millis>
  <sequence>93</sequence>
  <level>PASSED</level>
  <class>com.kms.katalon.core.logging.XmlKeywordLogger</class>
  <method>logMessage</method>
  <thread>1</thread>
  <message>Started app at: &amp;apos;/Users/faz/git/com.goldlokedu.app/Data Files/Test APK/1.apk&amp;apos;</message>
  <nestedLevel>3</nestedLevel>
</record>
<record>
  <date>2020-03-03T11:25:51</date>
  <millis>1583205951298</millis>
  <sequence>94</sequence>
  <level>END</level>
  <class>com.kms.katalon.core.logging.XmlKeywordLogger</class>
  <method>endKeyword</method>
  <thread>1</thread>
  <message>End action : startApplication(G_App_Path, false, CONTINUE_ON_FAILURE)</message>
  <nestedLevel>1</nestedLevel>
</record>
<record>
  <date>2020-03-03T11:25:51</date>
  <millis>1583205951298</millis>
  <sequence>95</sequence>
  <level>PASSED</level>
  <class>com.kms.katalon.core.logging.XmlKeywordLogger</class>
  <method>logMessage</method>
  <thread>1</thread>
  <message>Test Cases/Android/Precondition/Start App/start_app</message>
  <nestedLevel>3</nestedLevel>
</record>
<record>
  <date>2020-03-03T11:25:51</date>
  <millis>1583205951299</millis>
  <sequence>96</sequence>
  <level>END</level>
  <class>com.kms.katalon.core.logging.XmlKeywordLogger</class>
  <method>endTest</method>
  <thread>1</thread>
  <message>End Test Case : Test Cases/Android/Precondition/Start App/start_app</message>
  <nestedLevel>2</nestedLevel>
</record>
<record>
  <date>2020-03-03T11:25:51</date>
  <millis>1583205951299</millis>
  <sequence>97</sequence>
  <level>PASSED</level>
  <class>com.kms.katalon.core.logging.XmlKeywordLogger</class>
  <method>logMessage</method>
  <thread>1</thread>
  <message>Call Test Case &amp;apos;Test Cases/Android/Precondition/Start App/start_app&amp;apos; successfully</message>
  <nestedLevel>2</nestedLevel>
</record>
<record>
  <date>2020-03-03T11:25:51</date>
  <millis>1583205951300</millis>
  <sequence>98</sequence>
  <level>END</level>
  <class>com.kms.katalon.core.logging.XmlKeywordLogger</class>
  <method>endKeyword</method>
  <thread>1</thread>
  <message>End action : callTestCase(findTestCase(\&amp;quot;Test Cases/Android/Precondition/Start App/start_app\&amp;quot;), [:], STOP_ON_FAILURE)</message>
  <nestedLevel>1</nestedLevel>
</record>
<record>
  <date>2020-03-03T11:25:51</date>
  <millis>1583205951300</millis>
  <sequence>99</sequence>
  <level>START</level>
  <class>com.kms.katalon.core.logging.XmlKeywordLogger</class>
  <method>startKeyword</method>
  <thread>1</thread>
  <message>Start action : tap(findTestObject(\&amp;quot;Object Repository/Android/Privacy Policy/privacy_policy_agree_btn\&amp;quot;), G_Timeout, OPTIONAL)</message>
  <nestedLevel>1</nestedLevel>
  <property name="startLine">22</property>
  <property name="stepIndex">2</property>
  <property name="description">\u70B9\u51FB\u540C\u610F\u9690\u79C1\u653F\u7B56\u6309\u94AE</property>
</record>
<record>
  <date>2020-03-03T11:26:02</date>
  <millis>1583205962862</millis>
  <sequence>103</sequence>
  <level>WARNING</level>
  <class>com.kms.katalon.core.logging.XmlKeywordLogger</class>
  <method>logMessage</method>
  <thread>1</thread>
  <message>Object Object Repository/Android/Privacy Policy/privacy_policy_agree_btn not found</message>
  <nestedLevel>2</nestedLevel>
  <property name="attachment">1583205961973.png</property>
</record>
<record>
  <date>2020-03-03T11:26:02</date>
  <millis>1583205962862</millis>
  <sequence>104</sequence>
  <level>END</level>
  <class>com.kms.katalon.core.logging.XmlKeywordLogger</class>
  <method>endKeyword</method>
  <thread>1</thread>
  <message>End action : tap(findTestObject(\&amp;quot;Object Repository/Android/Privacy Policy/privacy_policy_agree_btn\&amp;quot;), G_Timeout, OPTIONAL)</message>
  <nestedLevel>1</nestedLevel>
</record>
<record>
  <date>2020-03-03T11:26:02</date>
  <millis>1583205962863</millis>
  <sequence>105</sequence>
  <level>PASSED</level>
  <class>com.kms.katalon.core.logging.XmlKeywordLogger</class>
  <method>logMessage</method>
  <thread>1</thread>
  <message>Test Cases/Android/Precondition/Privacy Policy/skip_privacy_policy</message>
  <nestedLevel>2</nestedLevel>
</record>
<record>
  <date>2020-03-03T11:26:02</date>
  <millis>1583205962863</millis>
  <sequence>106</sequence>
  <level>END</level>
  <class>com.kms.katalon.core.logging.XmlKeywordLogger</class>
  <method>endTest</method>
  <thread>1</thread>
  <message>End Test Case : Test Cases/Android/Precondition/Privacy Policy/skip_privacy_policy</message>
  <nestedLevel>1</nestedLevel>
</record>
<record>
  <date>2020-03-03T11:26:02</date>
  <millis>1583205962863</millis>
  <sequence>107</sequence>
  <level>PASSED</level>
  <class>com.kms.katalon.core.logging.XmlKeywordLogger</class>
  <method>logMessage</method>
  <thread>1</thread>
  <message>Call Test Case &amp;apos;Test Cases/Android/Precondition/Privacy Policy/skip_privacy_policy&amp;apos; successfully</message>
  <nestedLevel>1</nestedLevel>
</record>
<record>
  <date>2020-03-03T11:26:02</date>
  <millis>1583205962864</millis>
  <sequence>108</sequence>
  <level>END</level>
  <class>com.kms.katalon.core.logging.XmlKeywordLogger</class>
  <method>endKeyword</method>
  <thread>1</thread>
  <message>End action : callTestCase(findTestCase(\&amp;quot;Test Cases/Android/Precondition/Privacy Policy/skip_privacy_policy\&amp;quot;), [:], STOP_ON_FAILURE)</message>
  <nestedLevel>1</nestedLevel>
</record>
<record>
  <date>2020-03-03T11:26:02</date>
  <millis>1583205962864</millis>
  <sequence>109</sequence>
  <level>PASSED</level>
  <class>com.kms.katalon.core.logging.XmlKeywordLogger</class>
  <method>logMessage</method>
  <thread>1</thread>
  <message>Method &amp;apos;setupTestCase&amp;apos; complete successfully</message>
  <nestedLevel>1</nestedLevel>
</record>
<record>
  <date>2020-03-03T11:26:02</date>
  <millis>1583205962864</millis>
  <sequence>110</sequence>
  <level>END</level>
  <class>com.kms.katalon.core.logging.XmlKeywordLogger</class>
  <method>endKeyword</method>
  <thread>1</thread>
  <message>End End action : setupTestCase</message>
  <nestedLevel>1</nestedLevel>
</record>
<record>
  <date>2020-03-03T11:26:02</date>
  <millis>1583205962977</millis>
  <sequence>111</sequence>
  <level>START</level>
  <class>com.kms.katalon.core.logging.XmlKeywordLogger</class>
  <method>startKeyword</method>
  <thread>1</thread>
  <message>Start action : callTestCase(findTestCase(\&amp;quot;Test Cases/Android/Pubilc Action/left_slide_screen\&amp;quot;), [:], CONTINUE_ON_FAILURE)</message>
  <nestedLevel>1</nestedLevel>
  <property name="startLine">19</property>
  <property name="stepIndex">1</property>
  <property name="description">\u5DE6\u6ED1\u9875\u9762\u5230\u7B2C\u4E8C\u4E2A\u8FC7\u6E21\u9875</property>
</record>
<record>
  <date>2020-03-03T11:26:03</date>
  <millis>1583205963038</millis>
  <sequence>114</sequence>
  <level>START</level>
  <class>com.kms.katalon.core.logging.XmlKeywordLogger</class>
  <method>startTest</method>
  <thread>1</thread>
  <message>Start Test Case : Test Cases/Android/Pubilc Action/left_slide_screen</message>
  <nestedLevel>2</nestedLevel>
  <property name="name">Test Cases/Android/Pubilc Action/left_slide_screen</property>
  <property name="description">\u5DE6\u6ED1\u5C4F\u5E55</property>
  <property name="id">Test Cases/Android/Pubilc Action/left_slide_screen</property>
  <property name="source">\\Users\\faz\\git\\com.goldlokedu.app\\Test Cases\\Android\\Pubilc Action\\left_slide_screen.tc</property>
  <property name="tag"></property>
  <property name="isOptional">false</property>
</record>
<record>
  <date>2020-03-03T11:26:03</date>
  <millis>1583205963194</millis>
  <sequence>116</sequence>
  <level>START</level>
  <class>com.kms.katalon.core.logging.XmlKeywordLogger</class>
  <method>startKeyword</method>
  <thread>1</thread>
  <message>Start action : y = getDeviceHeight()</message>
  <nestedLevel>1</nestedLevel>
  <property name="startLine">18</property>
  <property name="stepIndex">1</property>
  <property name="description">\u83B7\u53D6\u5C4F\u5E55\u9AD8\u5EA6</property>
</record>
<record>
  <date>2020-03-03T11:26:03</date>
  <millis>1583205963435</millis>
  <sequence>117</sequence>
  <level>PASSED</level>
  <class>com.kms.katalon.core.logging.XmlKeywordLogger</class>
  <method>logMessage</method>
  <thread>1</thread>
  <message>Current device physical height is 2190</message>
  <nestedLevel>2</nestedLevel>
</record>
<record>
  <date>2020-03-03T11:26:03</date>
  <millis>1583205963440</millis>
  <sequence>118</sequence>
  <level>END</level>
  <class>com.kms.katalon.core.logging.XmlKeywordLogger</class>
  <method>endKeyword</method>
  <thread>1</thread>
  <message>End action : y = getDeviceHeight()</message>
  <nestedLevel>1</nestedLevel>
</record>
<record>
  <date>2020-03-03T11:26:03</date>
  <millis>1583205963441</millis>
  <sequence>119</sequence>
  <level>START</level>
  <class>com.kms.katalon.core.logging.XmlKeywordLogger</class>
  <method>startKeyword</method>
  <thread>1</thread>
  <message>Start action : x = getDeviceWidth()</message>
  <nestedLevel>1</nestedLevel>
  <property name="startLine">22</property>
  <property name="stepIndex">2</property>
  <property name="description">\u83B7\u53D6\u5C4F\u5E55\u5BBD\u5EA6</property>
</record>
<record>
  <date>2020-03-03T11:26:03</date>
  <millis>1583205963680</millis>
  <sequence>120</sequence>
  <level>PASSED</level>
  <class>com.kms.katalon.core.logging.XmlKeywordLogger</class>
  <method>logMessage</method>
  <thread>1</thread>
  <message>Current device physical width is 1080</message>
  <nestedLevel>2</nestedLevel>
</record>
<record>
  <date>2020-03-03T11:26:03</date>
  <millis>1583205963685</millis>
  <sequence>121</sequence>
  <level>END</level>
  <class>com.kms.katalon.core.logging.XmlKeywordLogger</class>
  <method>endKeyword</method>
  <thread>1</thread>
  <message>End action : x = getDeviceWidth()</message>
  <nestedLevel>1</nestedLevel>
</record>
<record>
  <date>2020-03-03T11:26:03</date>
  <millis>1583205963686</millis>
  <sequence>122</sequence>
  <level>START</level>
  <class>com.kms.katalon.core.logging.XmlKeywordLogger</class>
  <method>startKeyword</method>
  <thread>1</thread>
  <message>Start action : swipe(x - 80, 900, 0, 0, CONTINUE_ON_FAILURE)</message>
  <nestedLevel>1</nestedLevel>
  <property name="startLine">26</property>
  <property name="stepIndex">3</property>
  <property name="description">\u5DE6\u6ED1\u5230\u7B2C\u4E8C\u9875</property>
</record>
<record>
  <date>2020-03-03T11:26:05</date>
  <millis>1583205965104</millis>
  <sequence>123</sequence>
  <level>PASSED</level>
  <class>com.kms.katalon.core.logging.XmlKeywordLogger</class>
  <method>logMessage</method>
  <thread>1</thread>
  <message>Swiped from 1,000,900 to 0,0</message>
  <nestedLevel>2</nestedLevel>
</record>
<record>
  <date>2020-03-03T11:26:05</date>
  <millis>1583205965110</millis>
  <sequence>124</sequence>
  <level>END</level>
  <class>com.kms.katalon.core.logging.XmlKeywordLogger</class>
  <method>endKeyword</method>
  <thread>1</thread>
  <message>End action : swipe(x - 80, 900, 0, 0, CONTINUE_ON_FAILURE)</message>
  <nestedLevel>1</nestedLevel>
</record>
<record>
  <date>2020-03-03T11:26:05</date>
  <millis>1583205965110</millis>
  <sequence>125</sequence>
  <level>PASSED</level>
  <class>com.kms.katalon.core.logging.XmlKeywordLogger</class>
  <method>logMessage</method>
  <thread>1</thread>
  <message>Test Cases/Android/Pubilc Action/left_slide_screen</message>
  <nestedLevel>2</nestedLevel>
</record>
<record>
  <date>2020-03-03T11:26:05</date>
  <millis>1583205965111</millis>
  <sequence>126</sequence>
  <level>END</level>
  <class>com.kms.katalon.core.logging.XmlKeywordLogger</class>
  <method>endTest</method>
  <thread>1</thread>
  <message>End Test Case : Test Cases/Android/Pubilc Action/left_slide_screen</message>
  <nestedLevel>1</nestedLevel>
</record>
<record>
  <date>2020-03-03T11:26:05</date>
  <millis>1583205965112</millis>
  <sequence>127</sequence>
  <level>PASSED</level>
  <class>com.kms.katalon.core.logging.XmlKeywordLogger</class>
  <method>logMessage</method>
  <thread>1</thread>
  <message>Call Test Case &amp;apos;Test Cases/Android/Pubilc Action/left_slide_screen&amp;apos; successfully</message>
  <nestedLevel>1</nestedLevel>
</record>
<record>
  <date>2020-03-03T11:26:05</date>
  <millis>1583205965113</millis>
  <sequence>128</sequence>
  <level>END</level>
  <class>com.kms.katalon.core.logging.XmlKeywordLogger</class>
  <method>endKeyword</method>
  <thread>1</thread>
  <message>End action : callTestCase(findTestCase(\&amp;quot;Test Cases/Android/Pubilc Action/left_slide_screen\&amp;quot;), [:], CONTINUE_ON_FAILURE)</message>
  <nestedLevel>1</nestedLevel>
</record>
<record>
  <date>2020-03-03T11:26:05</date>
  <millis>1583205965113</millis>
  <sequence>129</sequence>
  <level>START</level>
  <class>com.kms.katalon.core.logging.XmlKeywordLogger</class>
  <method>startKeyword</method>
  <thread>1</thread>
  <message>Start action : tap(findTestObject(\&amp;quot;Object Repository/Android/Transition Page Element/transition_page_two_skip\&amp;quot;), G_Timeout, CONTINUE_ON_FAILURE)</message>
  <nestedLevel>1</nestedLevel>
  <property name="startLine">23</property>
  <property name="stepIndex">2</property>
  <property name="description">\u70B9\u51FB\u7B2C\u4E8C\u9875\u8DF3\u8F6C</property>
</record>
<record>
  <date>2020-03-03T11:26:07</date>
  <millis>1583205967508</millis>
  <sequence>133</sequence>
  <level>PASSED</level>
  <class>com.kms.katalon.core.logging.XmlKeywordLogger</class>
  <method>logMessage</method>
  <thread>1</thread>
  <message>Tapped on element &amp;apos;Object Repository/Android/Transition Page Element/transition_page_two_skip&amp;apos;</message>
  <nestedLevel>1</nestedLevel>
</record>
<record>
  <date>2020-03-03T11:26:07</date>
  <millis>1583205967509</millis>
  <sequence>134</sequence>
  <level>END</level>
  <class>com.kms.katalon.core.logging.XmlKeywordLogger</class>
  <method>endKeyword</method>
  <thread>1</thread>
  <message>End action : tap(findTestObject(\&amp;quot;Object Repository/Android/Transition Page Element/transition_page_two_skip\&amp;quot;), G_Timeout, CONTINUE_ON_FAILURE)</message>
  <nestedLevel>1</nestedLevel>
</record>
<record>
  <date>2020-03-03T11:26:07</date>
  <millis>1583205967509</millis>
  <sequence>135</sequence>
  <level>PASSED</level>
  <class>com.kms.katalon.core.logging.XmlKeywordLogger</class>
  <method>logMessage</method>
  <thread>1</thread>
  <message>Test Cases/Android/Login Module/Transition Page Module/page_two_skip</message>
  <nestedLevel>1</nestedLevel>
</record>
<record>
  <date>2020-03-03T11:26:07</date>
  <millis>1583205967509</millis>
  <sequence>136</sequence>
  <level>START</level>
  <class>com.kms.katalon.core.logging.XmlKeywordLogger</class>
  <method>startKeyword</method>
  <thread>1</thread>
  <message>Start tear down : tearDownTestCase</message>
  <nestedLevel>1</nestedLevel>
  <property name="isIgnoredIfFailed">true</property>
</record>
<record>
  <date>2020-03-03T11:26:07</date>
  <millis>1583205967510</millis>
  <sequence>137</sequence>
  <level>START</level>
  <class>com.kms.katalon.core.logging.XmlKeywordLogger</class>
  <method>startKeyword</method>
  <thread>1</thread>
  <message>Start action : closeApplication(STOP_ON_FAILURE)</message>
  <nestedLevel>1</nestedLevel>
  <property name="startLine">64</property>
  <property name="stepIndex">1</property>
  <property name="description">\u767B\u5F55\u6A21\u5757\u7528\u4F8B\u573A\u666F\u8FD8\u539F----\u5173\u95EDapp</property>
</record>
<record>
  <date>2020-03-03T11:26:07</date>
  <millis>1583205967918</millis>
  <sequence>138</sequence>
  <level>PASSED</level>
  <class>com.kms.katalon.core.logging.XmlKeywordLogger</class>
  <method>logMessage</method>
  <thread>1</thread>
  <message>Close app successfully</message>
  <nestedLevel>1</nestedLevel>
</record>
<record>
  <date>2020-03-03T11:26:07</date>
  <millis>1583205967918</millis>
  <sequence>139</sequence>
  <level>END</level>
  <class>com.kms.katalon.core.logging.XmlKeywordLogger</class>
  <method>endKeyword</method>
  <thread>1</thread>
  <message>End action : closeApplication(STOP_ON_FAILURE)</message>
  <nestedLevel>1</nestedLevel>
</record>
<record>
  <date>2020-03-03T11:26:07</date>
  <millis>1583205967919</millis>
  <sequence>140</sequence>
  <level>PASSED</level>
  <class>com.kms.katalon.core.logging.XmlKeywordLogger</class>
  <method>logMessage</method>
  <thread>1</thread>
  <message>Method &amp;apos;tearDownTestCase&amp;apos; complete successfully</message>
  <nestedLevel>1</nestedLevel>
</record>
<record>
  <date>2020-03-03T11:26:07</date>
  <millis>1583205967919</millis>
  <sequence>141</sequence>
  <level>END</level>
  <class>com.kms.katalon.core.logging.XmlKeywordLogger</class>
  <method>endKeyword</method>
  <thread>1</thread>
  <message>End End action : tearDownTestCase</message>
  <nestedLevel>1</nestedLevel>
</record>
<record>
  <date>2020-03-03T11:26:07</date>
  <millis>1583205967919</millis>
  <sequence>142</sequence>
  <level>END</level>
  <class>com.kms.katalon.core.logging.XmlKeywordLogger</class>
  <method>endTest</method>
  <thread>1</thread>
  <message>End Test Case : Test Cases/Android/Login Module/Transition Page Module/page_two_skip</message>
  <nestedLevel>0</nestedLevel>
</record>
<record>
  <date>2020-03-03T11:26:07</date>
  <millis>1583205967924</millis>
  <sequence>143</sequence>
  <level>START</level>
  <class>com.kms.katalon.core.logging.XmlKeywordLogger</class>
  <method>startTest</method>
  <thread>1</thread>
  <message>Start Test Case : Test Cases/Android/Login Module/Transition Page Module/page_three_experience</message>
  <nestedLevel>1</nestedLevel>
  <property name="name">Test Cases/Android/Login Module/Transition Page Module/page_three_experience</property>
  <property name="description">\u8FC7\u6E21\u9875\u7B2C\u4E09\u9875\u70B9\u51FB\u4F53\u9A8C</property>
  <property name="id">Test Cases/Android/Login Module/Transition Page Module/page_three_experience</property>
  <property name="source">\\Users\\faz\\git\\com.goldlokedu.app\\Test Cases\\Android\\Login Module\\Transition Page Module\\page_three_experience.tc</property>
  <property name="tag"></property>
  <property name="isOptional">false</property>
</record>
<record>
  <date>2020-03-03T11:26:07</date>
  <millis>1583205967938</millis>
  <sequence>145</sequence>
  <level>START</level>
  <class>com.kms.katalon.core.logging.XmlKeywordLogger</class>
  <method>startKeyword</method>
  <thread>1</thread>
  <message>Start setup action : setupTestCase</message>
  <nestedLevel>1</nestedLevel>
  <property name="isIgnoredIfFailed">false</property>
</record>
<record>
  <date>2020-03-03T11:26:07</date>
  <millis>1583205967939</millis>
  <sequence>146</sequence>
  <level>START</level>
  <class>com.kms.katalon.core.logging.XmlKeywordLogger</class>
  <method>startKeyword</method>
  <thread>1</thread>
  <message>Start action : callTestCase(findTestCase(\&amp;quot;Test Cases/Android/Precondition/Privacy Policy/skip_privacy_policy\&amp;quot;), [:], STOP_ON_FAILURE)</message>
  <nestedLevel>1</nestedLevel>
  <property name="startLine">54</property>
  <property name="stepIndex">1</property>
  <property name="description">\u767B\u5F55\u6A21\u5757\u7528\u4F8B\u524D\u7F6E\u6761\u4EF6----\u5B89\u88C5\u5E76\u6253\u5F00app\u5E76\u8DF3\u8FC7\u9690\u79C1\u653F\u7B56</property>
</record>
<record>
  <date>2020-03-03T11:26:07</date>
  <millis>1583205967999</millis>
  <sequence>149</sequence>
  <level>START</level>
  <class>com.kms.katalon.core.logging.XmlKeywordLogger</class>
  <method>startTest</method>
  <thread>1</thread>
  <message>Start Test Case : Test Cases/Android/Precondition/Privacy Policy/skip_privacy_policy</message>
  <nestedLevel>2</nestedLevel>
  <property name="name">Test Cases/Android/Precondition/Privacy Policy/skip_privacy_policy</property>
  <property name="description">\u524D\u7F6E\u6761\u4EF6:\u8DF3\u8FC7\u9690\u79C1\u653F\u7B56</property>
  <property name="id">Test Cases/Android/Precondition/Privacy Policy/skip_privacy_policy</property>
  <property name="source">\\Users\\faz\\git\\com.goldlokedu.app\\Test Cases\\Android\\Precondition\\Privacy Policy\\skip_privacy_policy.tc</property>
  <property name="tag"></property>
  <property name="isOptional">false</property>
</record>
<record>
  <date>2020-03-03T11:26:08</date>
  <millis>1583205968006</millis>
  <sequence>151</sequence>
  <level>START</level>
  <class>com.kms.katalon.core.logging.XmlKeywordLogger</class>
  <method>startKeyword</method>
  <thread>1</thread>
  <message>Start action : callTestCase(findTestCase(\&amp;quot;Test Cases/Android/Precondition/Start App/start_app\&amp;quot;), [:], STOP_ON_FAILURE)</message>
  <nestedLevel>1</nestedLevel>
  <property name="startLine">19</property>
  <property name="stepIndex">1</property>
  <property name="description">\u767B\u5F55\u6A21\u5757\u7528\u4F8B\u524D\u7F6E\u6761\u4EF6----\u5B89\u88C5\u5E76\u6253\u5F00app</property>
</record>
<record>
  <date>2020-03-03T11:26:08</date>
  <millis>1583205968067</millis>
  <sequence>154</sequence>
  <level>START</level>
  <class>com.kms.katalon.core.logging.XmlKeywordLogger</class>
  <method>startTest</method>
  <thread>1</thread>
  <message>Start Test Case : Test Cases/Android/Precondition/Start App/start_app</message>
  <nestedLevel>3</nestedLevel>
  <property name="name">Test Cases/Android/Precondition/Start App/start_app</property>
  <property name="description">\u5F00\u542Fapp</property>
  <property name="id">Test Cases/Android/Precondition/Start App/start_app</property>
  <property name="source">\\Users\\faz\\git\\com.goldlokedu.app\\Test Cases\\Android\\Precondition\\Start App\\start_app.tc</property>
  <property name="tag"></property>
  <property name="isOptional">false</property>
</record>
<record>
  <date>2020-03-03T11:26:08</date>
  <millis>1583205968085</millis>
  <sequence>156</sequence>
  <level>START</level>
  <class>com.kms.katalon.core.logging.XmlKeywordLogger</class>
  <method>startKeyword</method>
  <thread>1</thread>
  <message>Start action : startApplication(G_App_Path, false, CONTINUE_ON_FAILURE)</message>
  <nestedLevel>1</nestedLevel>
  <property name="startLine">16</property>
  <property name="stepIndex">1</property>
  <property name="description">\u5F00\u542Fapp</property>
</record>
<record>
  <date>2020-03-03T11:26:08</date>
  <millis>1583205968088</millis>
  <sequence>158</sequence>
  <level>INFO</level>
  <class>com.kms.katalon.core.logging.XmlKeywordLogger</class>
  <method>logMessage</method>
  <thread>1</thread>
  <message>User set preference: [&amp;apos;appActivity&amp;apos;, &amp;apos;com.goldlokedu.tgoldlokedu.subject.ui.activity.welcomeActivity.LoginSplashActivity&amp;apos;]</message>
  <nestedLevel>3</nestedLevel>
</record>
<record>
  <date>2020-03-03T11:26:08</date>
  <millis>1583205968089</millis>
  <sequence>159</sequence>
  <level>INFO</level>
  <class>com.kms.katalon.core.logging.XmlKeywordLogger</class>
  <method>logMessage</method>
  <thread>1</thread>
  <message>User set preference: [&amp;apos;appPackage&amp;apos;, &amp;apos;com.goldlokedu.tgoldlokedu&amp;apos;]</message>
  <nestedLevel>3</nestedLevel>
</record>
<record>
  <date>2020-03-03T11:26:08</date>
  <millis>1583205968089</millis>
  <sequence>160</sequence>
  <level>INFO</level>
  <class>com.kms.katalon.core.logging.XmlKeywordLogger</class>
  <method>logMessage</method>
  <thread>1</thread>
  <message>User set preference: [&amp;apos;deviceId&amp;apos;, &amp;apos;&amp;apos;]</message>
  <nestedLevel>3</nestedLevel>
</record>
<record>
  <date>2020-03-03T11:26:09</date>
  <millis>1583205969511</millis>
  <sequence>161</sequence>
  <level>INFO</level>
  <class>com.kms.katalon.core.logging.XmlKeywordLogger</class>
  <method>logMessage</method>
  <thread>1</thread>
  <message>Appium server started on port 60,355</message>
  <nestedLevel>3</nestedLevel>
</record>
<record>
  <date>2020-03-03T11:26:19</date>
  <millis>1583205979946</millis>
  <sequence>163</sequence>
  <level>RUN_DATA</level>
  <class>com.kms.katalon.core.logging.XmlKeywordLogger</class>
  <method>logMessage</method>
  <thread>1</thread>
  <message>appiumVersion = 1.16.0</message>
  <nestedLevel>3</nestedLevel>
  <property name="appiumVersion">1.16.0</property>
</record>
<record>
  <date>2020-03-03T11:26:19</date>
  <millis>1583205979948</millis>
  <sequence>164</sequence>
  <level>RUN_DATA</level>
  <class>com.kms.katalon.core.logging.XmlKeywordLogger</class>
  <method>logMessage</method>
  <thread>1</thread>
  <message>appiumServerStatus = {\&amp;quot;value\&amp;quot;:{\&amp;quot;build\&amp;quot;:{\&amp;quot;version\&amp;quot;:\&amp;quot;1.16.0\&amp;quot;}},\&amp;quot;sessionId\&amp;quot;:null,\&amp;quot;status\&amp;quot;:0}</message>
  <nestedLevel>3</nestedLevel>
  <property name="appiumServerStatus">{\&quot;value\&quot;:{\&quot;build\&quot;:{\&quot;version\&quot;:\&quot;1.16.0\&quot;}},\&quot;sessionId\&quot;:null,\&quot;status\&quot;:0}</property>
</record>
<record>
  <date>2020-03-03T11:26:19</date>
  <millis>1583205979958</millis>
  <sequence>165</sequence>
  <level>RUN_DATA</level>
  <class>com.kms.katalon.core.logging.XmlKeywordLogger</class>
  <method>logMessage</method>
  <thread>1</thread>
  <message>deviceId = VBJ4C18519001467</message>
  <nestedLevel>3</nestedLevel>
  <property name="deviceId">VBJ4C18519001467</property>
</record>
<record>
  <date>2020-03-03T11:26:19</date>
  <millis>1583205979959</millis>
  <sequence>166</sequence>
  <level>RUN_DATA</level>
  <class>com.kms.katalon.core.logging.XmlKeywordLogger</class>
  <method>logMessage</method>
  <thread>1</thread>
  <message>deviceName = HUAWEI COL-AL10 (Android 9)</message>
  <nestedLevel>3</nestedLevel>
  <property name="deviceName">HUAWEI COL-AL10 (Android 9)</property>
</record>
<record>
  <date>2020-03-03T11:26:19</date>
  <millis>1583205979959</millis>
  <sequence>167</sequence>
  <level>RUN_DATA</level>
  <class>com.kms.katalon.core.logging.XmlKeywordLogger</class>
  <method>logMessage</method>
  <thread>1</thread>
  <message>deviceModel = COL-AL10</message>
  <nestedLevel>3</nestedLevel>
  <property name="deviceModel">COL-AL10</property>
</record>
<record>
  <date>2020-03-03T11:26:19</date>
  <millis>1583205979960</millis>
  <sequence>168</sequence>
  <level>RUN_DATA</level>
  <class>com.kms.katalon.core.logging.XmlKeywordLogger</class>
  <method>logMessage</method>
  <thread>1</thread>
  <message>deviceManufacturer = HUAWEI</message>
  <nestedLevel>3</nestedLevel>
  <property name="deviceManufacturer">HUAWEI</property>
</record>
<record>
  <date>2020-03-03T11:26:19</date>
  <millis>1583205979960</millis>
  <sequence>169</sequence>
  <level>RUN_DATA</level>
  <class>com.kms.katalon.core.logging.XmlKeywordLogger</class>
  <method>logMessage</method>
  <thread>1</thread>
  <message>deviceOS = Android</message>
  <nestedLevel>3</nestedLevel>
  <property name="deviceOS">Android</property>
</record>
<record>
  <date>2020-03-03T11:26:19</date>
  <millis>1583205979961</millis>
  <sequence>170</sequence>
  <level>RUN_DATA</level>
  <class>com.kms.katalon.core.logging.XmlKeywordLogger</class>
  <method>logMessage</method>
  <thread>1</thread>
  <message>deviceOSVersion = 9</message>
  <nestedLevel>3</nestedLevel>
  <property name="deviceOSVersion">9</property>
</record>
<record>
  <date>2020-03-03T11:26:19</date>
  <millis>1583205979964</millis>
  <sequence>171</sequence>
  <level>PASSED</level>
  <class>com.kms.katalon.core.logging.XmlKeywordLogger</class>
  <method>logMessage</method>
  <thread>1</thread>
  <message>Started app at: &amp;apos;/Users/faz/git/com.goldlokedu.app/Data Files/Test APK/1.apk&amp;apos;</message>
  <nestedLevel>3</nestedLevel>
</record>
<record>
  <date>2020-03-03T11:26:19</date>
  <millis>1583205979965</millis>
  <sequence>172</sequence>
  <level>END</level>
  <class>com.kms.katalon.core.logging.XmlKeywordLogger</class>
  <method>endKeyword</method>
  <thread>1</thread>
  <message>End action : startApplication(G_App_Path, false, CONTINUE_ON_FAILURE)</message>
  <nestedLevel>1</nestedLevel>
</record>
<record>
  <date>2020-03-03T11:26:19</date>
  <millis>1583205979965</millis>
  <sequence>173</sequence>
  <level>PASSED</level>
  <class>com.kms.katalon.core.logging.XmlKeywordLogger</class>
  <method>logMessage</method>
  <thread>1</thread>
  <message>Test Cases/Android/Precondition/Start App/start_app</message>
  <nestedLevel>3</nestedLevel>
</record>
<record>
  <date>2020-03-03T11:26:19</date>
  <millis>1583205979965</millis>
  <sequence>174</sequence>
  <level>END</level>
  <class>com.kms.katalon.core.logging.XmlKeywordLogger</class>
  <method>endTest</method>
  <thread>1</thread>
  <message>End Test Case : Test Cases/Android/Precondition/Start App/start_app</message>
  <nestedLevel>2</nestedLevel>
</record>
<record>
  <date>2020-03-03T11:26:19</date>
  <millis>1583205979966</millis>
  <sequence>175</sequence>
  <level>PASSED</level>
  <class>com.kms.katalon.core.logging.XmlKeywordLogger</class>
  <method>logMessage</method>
  <thread>1</thread>
  <message>Call Test Case &amp;apos;Test Cases/Android/Precondition/Start App/start_app&amp;apos; successfully</message>
  <nestedLevel>2</nestedLevel>
</record>
<record>
  <date>2020-03-03T11:26:19</date>
  <millis>1583205979968</millis>
  <sequence>176</sequence>
  <level>END</level>
  <class>com.kms.katalon.core.logging.XmlKeywordLogger</class>
  <method>endKeyword</method>
  <thread>1</thread>
  <message>End action : callTestCase(findTestCase(\&amp;quot;Test Cases/Android/Precondition/Start App/start_app\&amp;quot;), [:], STOP_ON_FAILURE)</message>
  <nestedLevel>1</nestedLevel>
</record>
<record>
  <date>2020-03-03T11:26:19</date>
  <millis>1583205979968</millis>
  <sequence>177</sequence>
  <level>START</level>
  <class>com.kms.katalon.core.logging.XmlKeywordLogger</class>
  <method>startKeyword</method>
  <thread>1</thread>
  <message>Start action : tap(findTestObject(\&amp;quot;Object Repository/Android/Privacy Policy/privacy_policy_agree_btn\&amp;quot;), G_Timeout, OPTIONAL)</message>
  <nestedLevel>1</nestedLevel>
  <property name="startLine">22</property>
  <property name="stepIndex">2</property>
  <property name="description">\u70B9\u51FB\u540C\u610F\u9690\u79C1\u653F\u7B56\u6309\u94AE</property>
</record>
<record>
  <date>2020-03-03T11:26:31</date>
  <millis>1583205991417</millis>
  <sequence>181</sequence>
  <level>WARNING</level>
  <class>com.kms.katalon.core.logging.XmlKeywordLogger</class>
  <method>logMessage</method>
  <thread>1</thread>
  <message>Object Object Repository/Android/Privacy Policy/privacy_policy_agree_btn not found</message>
  <nestedLevel>2</nestedLevel>
  <property name="attachment">1583205990572.png</property>
</record>
<record>
  <date>2020-03-03T11:26:31</date>
  <millis>1583205991418</millis>
  <sequence>182</sequence>
  <level>END</level>
  <class>com.kms.katalon.core.logging.XmlKeywordLogger</class>
  <method>endKeyword</method>
  <thread>1</thread>
  <message>End action : tap(findTestObject(\&amp;quot;Object Repository/Android/Privacy Policy/privacy_policy_agree_btn\&amp;quot;), G_Timeout, OPTIONAL)</message>
  <nestedLevel>1</nestedLevel>
</record>
<record>
  <date>2020-03-03T11:26:31</date>
  <millis>1583205991418</millis>
  <sequence>183</sequence>
  <level>PASSED</level>
  <class>com.kms.katalon.core.logging.XmlKeywordLogger</class>
  <method>logMessage</method>
  <thread>1</thread>
  <message>Test Cases/Android/Precondition/Privacy Policy/skip_privacy_policy</message>
  <nestedLevel>2</nestedLevel>
</record>
<record>
  <date>2020-03-03T11:26:31</date>
  <millis>1583205991418</millis>
  <sequence>184</sequence>
  <level>END</level>
  <class>com.kms.katalon.core.logging.XmlKeywordLogger</class>
  <method>endTest</method>
  <thread>1</thread>
  <message>End Test Case : Test Cases/Android/Precondition/Privacy Policy/skip_privacy_policy</message>
  <nestedLevel>1</nestedLevel>
</record>
<record>
  <date>2020-03-03T11:26:31</date>
  <millis>1583205991418</millis>
  <sequence>185</sequence>
  <level>PASSED</level>
  <class>com.kms.katalon.core.logging.XmlKeywordLogger</class>
  <method>logMessage</method>
  <thread>1</thread>
  <message>Call Test Case &amp;apos;Test Cases/Android/Precondition/Privacy Policy/skip_privacy_policy&amp;apos; successfully</message>
  <nestedLevel>1</nestedLevel>
</record>
<record>
  <date>2020-03-03T11:26:31</date>
  <millis>1583205991419</millis>
  <sequence>186</sequence>
  <level>END</level>
  <class>com.kms.katalon.core.logging.XmlKeywordLogger</class>
  <method>endKeyword</method>
  <thread>1</thread>
  <message>End action : callTestCase(findTestCase(\&amp;quot;Test Cases/Android/Precondition/Privacy Policy/skip_privacy_policy\&amp;quot;), [:], STOP_ON_FAILURE)</message>
  <nestedLevel>1</nestedLevel>
</record>
<record>
  <date>2020-03-03T11:26:31</date>
  <millis>1583205991419</millis>
  <sequence>187</sequence>
  <level>PASSED</level>
  <class>com.kms.katalon.core.logging.XmlKeywordLogger</class>
  <method>logMessage</method>
  <thread>1</thread>
  <message>Method &amp;apos;setupTestCase&amp;apos; complete successfully</message>
  <nestedLevel>1</nestedLevel>
</record>
<record>
  <date>2020-03-03T11:26:31</date>
  <millis>1583205991419</millis>
  <sequence>188</sequence>
  <level>END</level>
  <class>com.kms.katalon.core.logging.XmlKeywordLogger</class>
  <method>endKeyword</method>
  <thread>1</thread>
  <message>End End action : setupTestCase</message>
  <nestedLevel>1</nestedLevel>
</record>
<record>
  <date>2020-03-03T11:26:31</date>
  <millis>1583205991659</millis>
  <sequence>189</sequence>
  <level>START</level>
  <class>com.kms.katalon.core.logging.XmlKeywordLogger</class>
  <method>startKeyword</method>
  <thread>1</thread>
  <message>Start action : callTestCase(findTestCase(\&amp;quot;Test Cases/Android/Pubilc Action/left_slide_screen\&amp;quot;), [:], CONTINUE_ON_FAILURE)</message>
  <nestedLevel>1</nestedLevel>
  <property name="startLine">19</property>
  <property name="stepIndex">1</property>
  <property name="description">\u5DE6\u6ED1\u9875\u9762\u5230\u7B2C\u4E8C\u4E2A\u8FC7\u6E21\u9875</property>
</record>
<record>
  <date>2020-03-03T11:26:31</date>
  <millis>1583205991727</millis>
  <sequence>192</sequence>
  <level>START</level>
  <class>com.kms.katalon.core.logging.XmlKeywordLogger</class>
  <method>startTest</method>
  <thread>1</thread>
  <message>Start Test Case : Test Cases/Android/Pubilc Action/left_slide_screen</message>
  <nestedLevel>2</nestedLevel>
  <property name="name">Test Cases/Android/Pubilc Action/left_slide_screen</property>
  <property name="description">\u5DE6\u6ED1\u5C4F\u5E55</property>
  <property name="id">Test Cases/Android/Pubilc Action/left_slide_screen</property>
  <property name="source">\\Users\\faz\\git\\com.goldlokedu.app\\Test Cases\\Android\\Pubilc Action\\left_slide_screen.tc</property>
  <property name="tag"></property>
  <property name="isOptional">false</property>
</record>
<record>
  <date>2020-03-03T11:26:31</date>
  <millis>1583205991738</millis>
  <sequence>194</sequence>
  <level>START</level>
  <class>com.kms.katalon.core.logging.XmlKeywordLogger</class>
  <method>startKeyword</method>
  <thread>1</thread>
  <message>Start action : y = getDeviceHeight()</message>
  <nestedLevel>1</nestedLevel>
  <property name="startLine">18</property>
  <property name="stepIndex">1</property>
  <property name="description">\u83B7\u53D6\u5C4F\u5E55\u9AD8\u5EA6</property>
</record>
<record>
  <date>2020-03-03T11:26:32</date>
  <millis>1583205992002</millis>
  <sequence>195</sequence>
  <level>PASSED</level>
  <class>com.kms.katalon.core.logging.XmlKeywordLogger</class>
  <method>logMessage</method>
  <thread>1</thread>
  <message>Current device physical height is 2190</message>
  <nestedLevel>2</nestedLevel>
</record>
<record>
  <date>2020-03-03T11:26:32</date>
  <millis>1583205992012</millis>
  <sequence>196</sequence>
  <level>END</level>
  <class>com.kms.katalon.core.logging.XmlKeywordLogger</class>
  <method>endKeyword</method>
  <thread>1</thread>
  <message>End action : y = getDeviceHeight()</message>
  <nestedLevel>1</nestedLevel>
</record>
<record>
  <date>2020-03-03T11:26:32</date>
  <millis>1583205992013</millis>
  <sequence>197</sequence>
  <level>START</level>
  <class>com.kms.katalon.core.logging.XmlKeywordLogger</class>
  <method>startKeyword</method>
  <thread>1</thread>
  <message>Start action : x = getDeviceWidth()</message>
  <nestedLevel>1</nestedLevel>
  <property name="startLine">22</property>
  <property name="stepIndex">2</property>
  <property name="description">\u83B7\u53D6\u5C4F\u5E55\u5BBD\u5EA6</property>
</record>
<record>
  <date>2020-03-03T11:26:32</date>
  <millis>1583205992306</millis>
  <sequence>198</sequence>
  <level>PASSED</level>
  <class>com.kms.katalon.core.logging.XmlKeywordLogger</class>
  <method>logMessage</method>
  <thread>1</thread>
  <message>Current device physical width is 1080</message>
  <nestedLevel>2</nestedLevel>
</record>
<record>
  <date>2020-03-03T11:26:32</date>
  <millis>1583205992314</millis>
  <sequence>199</sequence>
  <level>END</level>
  <class>com.kms.katalon.core.logging.XmlKeywordLogger</class>
  <method>endKeyword</method>
  <thread>1</thread>
  <message>End action : x = getDeviceWidth()</message>
  <nestedLevel>1</nestedLevel>
</record>
<record>
  <date>2020-03-03T11:26:32</date>
  <millis>1583205992315</millis>
  <sequence>200</sequence>
  <level>START</level>
  <class>com.kms.katalon.core.logging.XmlKeywordLogger</class>
  <method>startKeyword</method>
  <thread>1</thread>
  <message>Start action : swipe(x - 80, 900, 0, 0, CONTINUE_ON_FAILURE)</message>
  <nestedLevel>1</nestedLevel>
  <property name="startLine">26</property>
  <property name="stepIndex">3</property>
  <property name="description">\u5DE6\u6ED1\u5230\u7B2C\u4E8C\u9875</property>
</record>
<record>
  <date>2020-03-03T11:26:33</date>
  <millis>1583205993737</millis>
  <sequence>201</sequence>
  <level>PASSED</level>
  <class>com.kms.katalon.core.logging.XmlKeywordLogger</class>
  <method>logMessage</method>
  <thread>1</thread>
  <message>Swiped from 1,000,900 to 0,0</message>
  <nestedLevel>2</nestedLevel>
</record>
<record>
  <date>2020-03-03T11:26:33</date>
  <millis>1583205993745</millis>
  <sequence>202</sequence>
  <level>END</level>
  <class>com.kms.katalon.core.logging.XmlKeywordLogger</class>
  <method>endKeyword</method>
  <thread>1</thread>
  <message>End action : swipe(x - 80, 900, 0, 0, CONTINUE_ON_FAILURE)</message>
  <nestedLevel>1</nestedLevel>
</record>
<record>
  <date>2020-03-03T11:26:33</date>
  <millis>1583205993745</millis>
  <sequence>203</sequence>
  <level>PASSED</level>
  <class>com.kms.katalon.core.logging.XmlKeywordLogger</class>
  <method>logMessage</method>
  <thread>1</thread>
  <message>Test Cases/Android/Pubilc Action/left_slide_screen</message>
  <nestedLevel>2</nestedLevel>
</record>
<record>
  <date>2020-03-03T11:26:33</date>
  <millis>1583205993746</millis>
  <sequence>204</sequence>
  <level>END</level>
  <class>com.kms.katalon.core.logging.XmlKeywordLogger</class>
  <method>endTest</method>
  <thread>1</thread>
  <message>End Test Case : Test Cases/Android/Pubilc Action/left_slide_screen</message>
  <nestedLevel>1</nestedLevel>
</record>
<record>
  <date>2020-03-03T11:26:33</date>
  <millis>1583205993746</millis>
  <sequence>205</sequence>
  <level>PASSED</level>
  <class>com.kms.katalon.core.logging.XmlKeywordLogger</class>
  <method>logMessage</method>
  <thread>1</thread>
  <message>Call Test Case &amp;apos;Test Cases/Android/Pubilc Action/left_slide_screen&amp;apos; successfully</message>
  <nestedLevel>1</nestedLevel>
</record>
<record>
  <date>2020-03-03T11:26:33</date>
  <millis>1583205993747</millis>
  <sequence>206</sequence>
  <level>END</level>
  <class>com.kms.katalon.core.logging.XmlKeywordLogger</class>
  <method>endKeyword</method>
  <thread>1</thread>
  <message>End action : callTestCase(findTestCase(\&amp;quot;Test Cases/Android/Pubilc Action/left_slide_screen\&amp;quot;), [:], CONTINUE_ON_FAILURE)</message>
  <nestedLevel>1</nestedLevel>
</record>
<record>
  <date>2020-03-03T11:26:33</date>
  <millis>1583205993747</millis>
  <sequence>207</sequence>
  <level>START</level>
  <class>com.kms.katalon.core.logging.XmlKeywordLogger</class>
  <method>startKeyword</method>
  <thread>1</thread>
  <message>Start action : callTestCase(findTestCase(\&amp;quot;Test Cases/Android/Pubilc Action/left_slide_screen\&amp;quot;), [:], CONTINUE_ON_FAILURE)</message>
  <nestedLevel>1</nestedLevel>
  <property name="startLine">22</property>
  <property name="stepIndex">2</property>
  <property name="description">\u5DE6\u6ED1\u9875\u9762\u5230\u7B2C\u4E09\u4E2A\u8FC7\u6E21\u9875</property>
</record>
<record>
  <date>2020-03-03T11:26:33</date>
  <millis>1583205993808</millis>
  <sequence>210</sequence>
  <level>START</level>
  <class>com.kms.katalon.core.logging.XmlKeywordLogger</class>
  <method>startTest</method>
  <thread>1</thread>
  <message>Start Test Case : Test Cases/Android/Pubilc Action/left_slide_screen</message>
  <nestedLevel>2</nestedLevel>
  <property name="name">Test Cases/Android/Pubilc Action/left_slide_screen</property>
  <property name="description">\u5DE6\u6ED1\u5C4F\u5E55</property>
  <property name="id">Test Cases/Android/Pubilc Action/left_slide_screen</property>
  <property name="source">\\Users\\faz\\git\\com.goldlokedu.app\\Test Cases\\Android\\Pubilc Action\\left_slide_screen.tc</property>
  <property name="tag"></property>
  <property name="isOptional">false</property>
</record>
<record>
  <date>2020-03-03T11:26:33</date>
  <millis>1583205993816</millis>
  <sequence>212</sequence>
  <level>START</level>
  <class>com.kms.katalon.core.logging.XmlKeywordLogger</class>
  <method>startKeyword</method>
  <thread>1</thread>
  <message>Start action : y = getDeviceHeight()</message>
  <nestedLevel>1</nestedLevel>
  <property name="startLine">18</property>
  <property name="stepIndex">1</property>
  <property name="description">\u83B7\u53D6\u5C4F\u5E55\u9AD8\u5EA6</property>
</record>
<record>
  <date>2020-03-03T11:26:34</date>
  <millis>1583205994108</millis>
  <sequence>213</sequence>
  <level>PASSED</level>
  <class>com.kms.katalon.core.logging.XmlKeywordLogger</class>
  <method>logMessage</method>
  <thread>1</thread>
  <message>Current device physical height is 2190</message>
  <nestedLevel>2</nestedLevel>
</record>
<record>
  <date>2020-03-03T11:26:34</date>
  <millis>1583205994114</millis>
  <sequence>214</sequence>
  <level>END</level>
  <class>com.kms.katalon.core.logging.XmlKeywordLogger</class>
  <method>endKeyword</method>
  <thread>1</thread>
  <message>End action : y = getDeviceHeight()</message>
  <nestedLevel>1</nestedLevel>
</record>
<record>
  <date>2020-03-03T11:26:34</date>
  <millis>1583205994115</millis>
  <sequence>215</sequence>
  <level>START</level>
  <class>com.kms.katalon.core.logging.XmlKeywordLogger</class>
  <method>startKeyword</method>
  <thread>1</thread>
  <message>Start action : x = getDeviceWidth()</message>
  <nestedLevel>1</nestedLevel>
  <property name="startLine">22</property>
  <property name="stepIndex">2</property>
  <property name="description">\u83B7\u53D6\u5C4F\u5E55\u5BBD\u5EA6</property>
</record>
<record>
  <date>2020-03-03T11:26:34</date>
  <millis>1583205994407</millis>
  <sequence>216</sequence>
  <level>PASSED</level>
  <class>com.kms.katalon.core.logging.XmlKeywordLogger</class>
  <method>logMessage</method>
  <thread>1</thread>
  <message>Current device physical width is 1080</message>
  <nestedLevel>2</nestedLevel>
</record>
<record>
  <date>2020-03-03T11:26:34</date>
  <millis>1583205994412</millis>
  <sequence>217</sequence>
  <level>END</level>
  <class>com.kms.katalon.core.logging.XmlKeywordLogger</class>
  <method>endKeyword</method>
  <thread>1</thread>
  <message>End action : x = getDeviceWidth()</message>
  <nestedLevel>1</nestedLevel>
</record>
<record>
  <date>2020-03-03T11:26:34</date>
  <millis>1583205994412</millis>
  <sequence>218</sequence>
  <level>START</level>
  <class>com.kms.katalon.core.logging.XmlKeywordLogger</class>
  <method>startKeyword</method>
  <thread>1</thread>
  <message>Start action : swipe(x - 80, 900, 0, 0, CONTINUE_ON_FAILURE)</message>
  <nestedLevel>1</nestedLevel>
  <property name="startLine">26</property>
  <property name="stepIndex">3</property>
  <property name="description">\u5DE6\u6ED1\u5230\u7B2C\u4E8C\u9875</property>
</record>
<record>
  <date>2020-03-03T11:26:35</date>
  <millis>1583205995697</millis>
  <sequence>219</sequence>
  <level>PASSED</level>
  <class>com.kms.katalon.core.logging.XmlKeywordLogger</class>
  <method>logMessage</method>
  <thread>1</thread>
  <message>Swiped from 1,000,900 to 0,0</message>
  <nestedLevel>2</nestedLevel>
</record>
<record>
  <date>2020-03-03T11:26:35</date>
  <millis>1583205995704</millis>
  <sequence>220</sequence>
  <level>END</level>
  <class>com.kms.katalon.core.logging.XmlKeywordLogger</class>
  <method>endKeyword</method>
  <thread>1</thread>
  <message>End action : swipe(x - 80, 900, 0, 0, CONTINUE_ON_FAILURE)</message>
  <nestedLevel>1</nestedLevel>
</record>
<record>
  <date>2020-03-03T11:26:35</date>
  <millis>1583205995705</millis>
  <sequence>221</sequence>
  <level>PASSED</level>
  <class>com.kms.katalon.core.logging.XmlKeywordLogger</class>
  <method>logMessage</method>
  <thread>1</thread>
  <message>Test Cases/Android/Pubilc Action/left_slide_screen</message>
  <nestedLevel>2</nestedLevel>
</record>
<record>
  <date>2020-03-03T11:26:35</date>
  <millis>1583205995705</millis>
  <sequence>222</sequence>
  <level>END</level>
  <class>com.kms.katalon.core.logging.XmlKeywordLogger</class>
  <method>endTest</method>
  <thread>1</thread>
  <message>End Test Case : Test Cases/Android/Pubilc Action/left_slide_screen</message>
  <nestedLevel>1</nestedLevel>
</record>
<record>
  <date>2020-03-03T11:26:35</date>
  <millis>1583205995705</millis>
  <sequence>223</sequence>
  <level>PASSED</level>
  <class>com.kms.katalon.core.logging.XmlKeywordLogger</class>
  <method>logMessage</method>
  <thread>1</thread>
  <message>Call Test Case &amp;apos;Test Cases/Android/Pubilc Action/left_slide_screen&amp;apos; successfully</message>
  <nestedLevel>1</nestedLevel>
</record>
<record>
  <date>2020-03-03T11:26:35</date>
  <millis>1583205995706</millis>
  <sequence>224</sequence>
  <level>END</level>
  <class>com.kms.katalon.core.logging.XmlKeywordLogger</class>
  <method>endKeyword</method>
  <thread>1</thread>
  <message>End action : callTestCase(findTestCase(\&amp;quot;Test Cases/Android/Pubilc Action/left_slide_screen\&amp;quot;), [:], CONTINUE_ON_FAILURE)</message>
  <nestedLevel>1</nestedLevel>
</record>
<record>
  <date>2020-03-03T11:26:35</date>
  <millis>1583205995707</millis>
  <sequence>225</sequence>
  <level>START</level>
  <class>com.kms.katalon.core.logging.XmlKeywordLogger</class>
  <method>startKeyword</method>
  <thread>1</thread>
  <message>Start action : tap(findTestObject(\&amp;quot;Object Repository/Android/Transition Page Element/tarnsition_page_three_experience_tv\&amp;quot;), G_Timeout, CONTINUE_ON_FAILURE)</message>
  <nestedLevel>1</nestedLevel>
  <property name="startLine">26</property>
  <property name="stepIndex">3</property>
  <property name="description">\u70B9\u51FB\u8FC7\u6E21\u9875\u6309\u94AE-\u7ACB\u5373\u4F53\u9A8C</property>
</record>
<record>
  <date>2020-03-03T11:26:37</date>
  <millis>1583205997553</millis>
  <sequence>229</sequence>
  <level>PASSED</level>
  <class>com.kms.katalon.core.logging.XmlKeywordLogger</class>
  <method>logMessage</method>
  <thread>1</thread>
  <message>Tapped on element &amp;apos;Object Repository/Android/Transition Page Element/tarnsition_page_three_experience_tv&amp;apos;</message>
  <nestedLevel>1</nestedLevel>
</record>
<record>
  <date>2020-03-03T11:26:37</date>
  <millis>1583205997554</millis>
  <sequence>230</sequence>
  <level>END</level>
  <class>com.kms.katalon.core.logging.XmlKeywordLogger</class>
  <method>endKeyword</method>
  <thread>1</thread>
  <message>End action : tap(findTestObject(\&amp;quot;Object Repository/Android/Transition Page Element/tarnsition_page_three_experience_tv\&amp;quot;), G_Timeout, CONTINUE_ON_FAILURE)</message>
  <nestedLevel>1</nestedLevel>
</record>
<record>
  <date>2020-03-03T11:26:37</date>
  <millis>1583205997554</millis>
  <sequence>231</sequence>
  <level>START</level>
  <class>com.kms.katalon.core.logging.XmlKeywordLogger</class>
  <method>startKeyword</method>
  <thread>1</thread>
  <message>Start action : tap(findTestObject(\&amp;quot;Android/City Element/city_puning_text\&amp;quot;), G_Timeout)</message>
  <nestedLevel>1</nestedLevel>
  <property name="startLine">31</property>
  <property name="stepIndex">4</property>
  <property name="description">\u9009\u62E9\u666E\u5B81\u5730\u533A</property>
</record>
<record>
  <date>2020-03-03T11:26:38</date>
  <millis>1583205998871</millis>
  <sequence>235</sequence>
  <level>PASSED</level>
  <class>com.kms.katalon.core.logging.XmlKeywordLogger</class>
  <method>logMessage</method>
  <thread>1</thread>
  <message>Tapped on element &amp;apos;Object Repository/Android/City Element/city_puning_text&amp;apos;</message>
  <nestedLevel>1</nestedLevel>
</record>
<record>
  <date>2020-03-03T11:26:38</date>
  <millis>1583205998871</millis>
  <sequence>236</sequence>
  <level>END</level>
  <class>com.kms.katalon.core.logging.XmlKeywordLogger</class>
  <method>endKeyword</method>
  <thread>1</thread>
  <message>End action : tap(findTestObject(\&amp;quot;Android/City Element/city_puning_text\&amp;quot;), G_Timeout)</message>
  <nestedLevel>1</nestedLevel>
</record>
<record>
  <date>2020-03-03T11:26:38</date>
  <millis>1583205998871</millis>
  <sequence>237</sequence>
  <level>PASSED</level>
  <class>com.kms.katalon.core.logging.XmlKeywordLogger</class>
  <method>logMessage</method>
  <thread>1</thread>
  <message>Test Cases/Android/Login Module/Transition Page Module/page_three_experience</message>
  <nestedLevel>1</nestedLevel>
</record>
<record>
  <date>2020-03-03T11:26:38</date>
  <millis>1583205998872</millis>
  <sequence>238</sequence>
  <level>START</level>
  <class>com.kms.katalon.core.logging.XmlKeywordLogger</class>
  <method>startKeyword</method>
  <thread>1</thread>
  <message>Start tear down : tearDownTestCase</message>
  <nestedLevel>1</nestedLevel>
  <property name="isIgnoredIfFailed">true</property>
</record>
<record>
  <date>2020-03-03T11:26:38</date>
  <millis>1583205998872</millis>
  <sequence>239</sequence>
  <level>START</level>
  <class>com.kms.katalon.core.logging.XmlKeywordLogger</class>
  <method>startKeyword</method>
  <thread>1</thread>
  <message>Start action : closeApplication(STOP_ON_FAILURE)</message>
  <nestedLevel>1</nestedLevel>
  <property name="startLine">64</property>
  <property name="stepIndex">1</property>
  <property name="description">\u767B\u5F55\u6A21\u5757\u7528\u4F8B\u573A\u666F\u8FD8\u539F----\u5173\u95EDapp</property>
</record>
<record>
  <date>2020-03-03T11:26:39</date>
  <millis>1583205999244</millis>
  <sequence>240</sequence>
  <level>PASSED</level>
  <class>com.kms.katalon.core.logging.XmlKeywordLogger</class>
  <method>logMessage</method>
  <thread>1</thread>
  <message>Close app successfully</message>
  <nestedLevel>1</nestedLevel>
</record>
<record>
  <date>2020-03-03T11:26:39</date>
  <millis>1583205999244</millis>
  <sequence>241</sequence>
  <level>END</level>
  <class>com.kms.katalon.core.logging.XmlKeywordLogger</class>
  <method>endKeyword</method>
  <thread>1</thread>
  <message>End action : closeApplication(STOP_ON_FAILURE)</message>
  <nestedLevel>1</nestedLevel>
</record>
<record>
  <date>2020-03-03T11:26:39</date>
  <millis>1583205999244</millis>
  <sequence>242</sequence>
  <level>PASSED</level>
  <class>com.kms.katalon.core.logging.XmlKeywordLogger</class>
  <method>logMessage</method>
  <thread>1</thread>
  <message>Method &amp;apos;tearDownTestCase&amp;apos; complete successfully</message>
  <nestedLevel>1</nestedLevel>
</record>
<record>
  <date>2020-03-03T11:26:39</date>
  <millis>1583205999245</millis>
  <sequence>243</sequence>
  <level>END</level>
  <class>com.kms.katalon.core.logging.XmlKeywordLogger</class>
  <method>endKeyword</method>
  <thread>1</thread>
  <message>End End action : tearDownTestCase</message>
  <nestedLevel>1</nestedLevel>
</record>
<record>
  <date>2020-03-03T11:26:39</date>
  <millis>1583205999245</millis>
  <sequence>244</sequence>
  <level>END</level>
  <class>com.kms.katalon.core.logging.XmlKeywordLogger</class>
  <method>endTest</method>
  <thread>1</thread>
  <message>End Test Case : Test Cases/Android/Login Module/Transition Page Module/page_three_experience</message>
  <nestedLevel>0</nestedLevel>
</record>
<record>
  <date>2020-03-03T11:26:39</date>
  <millis>1583205999246</millis>
  <sequence>245</sequence>
  <level>START</level>
  <class>com.kms.katalon.core.logging.XmlKeywordLogger</class>
  <method>startKeyword</method>
  <thread>1</thread>
  <message>Start listener action : exportKatalonReports</message>
  <nestedLevel>0</nestedLevel>
</record>
<record>
  <date>2020-03-03T11:26:39</date>
  <millis>1583205999260</millis>
  <sequence>248</sequence>
  <level>END</level>
  <class>com.kms.katalon.core.logging.XmlKeywordLogger</class>
  <method>endKeyword</method>
  <thread>1</thread>
  <message>End listener action : exportKatalonReports</message>
  <nestedLevel>0</nestedLevel>
</record>
<record>
  <date>2020-03-03T11:26:39</date>
  <millis>1583205999266</millis>
  <sequence>249</sequence>
  <level>END</level>
  <class>com.kms.katalon.core.logging.XmlKeywordLogger</class>
  <method>endSuite</method>
  <thread>1</thread>
  <message>End Test Suite : Test Suites/Android/Login Before/transition_page</message>
  <nestedLevel>0</nestedLevel>
</record>
</log>
