[35m[Appium][39m Welcome to Appium v1.16.0
[35m[Appium][39m Non-default server args:
[35m[Appium][39m   port: 54380
[35m[Appium][39m   loglevel: info
[35m[Appium][39m   chromeDriverPort: 54383
[35m[Appium][39m   tmpDir: C:\Users\ADMINI~1\AppData\Local\Temp\\Katalon\Appium\Temp1590416840371
[35m[Appium][39m Appium REST http interface listener started on 0.0.0.0:54380
[35m[HTTP][39m [37m-->[39m [37mGET[39m [37m/wd/hub/status[39m
[35m[HTTP][39m [90m{}[39m
[35m[HTTP][39m [37m<-- GET /wd/hub/status [39m[32m200[39m [90m5 ms - 68[39m
[35m[HTTP][39m [90m[39m
[35m[HTTP][39m [37m-->[39m [37mPOST[39m [37m/wd/hub/session[39m
[35m[HTTP][39m [90m{"desiredCapabilities":{"appPackage":"com.goldlokedu.tgoldlokedu","deviceId":"","deviceName":"HUAWEI COL-AL10 (Android 10)","platform":"ANDROID","appActivity":"com.goldlokedu.tgoldlokedu.subject.ui.activity.welcomeActivity.LoginSplashActivity","newCommandTimeout":1800,"platformVersion":"10","automationName":"uiautomator2","autoGrantPermissions":true,"platformName":"Android","udid":"VBJ4C18519001467","systemPort":8234},"capabilities":{"firstMatch":[{"appium:appActivity":"com.goldlokedu.tgoldlokedu.subject.ui.activity.welcomeActivity.LoginSplashActivity","appium:appPackage":"com.goldlokedu.tgoldlokedu","appium:autoGrantPermissions":true,"appium:automationName":"uiautomator2","deviceId":"","appium:deviceName":"HUAWEI COL-AL10 (Android 10)","appium:newCommandTimeout":1800,"platform":"ANDROID","platformName":"android","appium:platformVersion":"10","appium:systemPort":8234,"appium:udid":"VBJ4C18519001467"}]}}[39m
[35m[BaseDriver][39m The capabilities ["deviceId","platform"] are not standard capabilities and should have an extension prefix
[35m[Appium][39m Appium v1.16.0 creating new AndroidUiautomator2Driver (v1.40.0) session
[35m[BaseDriver][39m The following capabilities were provided, but are not recognized by Appium:
[35m[BaseDriver][39m   deviceId
[35m[BaseDriver][39m   platform
[35m[BaseDriver][39m Session created with session id: 2289c645-cab3-46cc-b522-fe4df1009798
[35m[UiAutomator2][39m Starting 'com.goldlokedu.tgoldlokedu' directly on the device
[35m[ADB][39m Found 3 'build-tools' folders under 'C:\Users\Administrator\.katalon\tools\android_sdk' (newest first):
[35m[ADB][39m     C:/Users/Administrator/.katalon/tools/android_sdk/build-tools/29.0.2
[35m[ADB][39m     C:/Users/Administrator/.katalon/tools/android_sdk/build-tools/29.0.0
[35m[ADB][39m     C:/Users/Administrator/.katalon/tools/android_sdk/build-tools/28.0.3
[35m[ADB][39m Using 'adb.exe' from 'C:\Users\Administrator\.katalon\tools\android_sdk\platform-tools\adb.exe'
[35m[AndroidDriver][39m Retrieving device list
[35m[AndroidDriver][39m Using device: VBJ4C18519001467
[35m[ADB][39m Using 'adb.exe' from 'C:\Users\Administrator\.katalon\tools\android_sdk\platform-tools\adb.exe'
[35m[UiAutomator2][39m Relaxing hidden api policy
[35m[AndroidDriver][39m No app sent in, not parsing package/activity
[35m[ADB][39m Using 'apksigner.bat' from 'C:\Users\Administrator\.katalon\tools\android_sdk\platform-tools\apksigner.bat'
[35m[ADB][39m Got an error during apksigner execution: Command 'apksigner.bat verify --print-certs C:\\Users\\Administrator\\AppData\\Roaming\\npm\\node_modules\\appium\\node_modules\\appium-uiautomator2-server\\apks\\appium-uiautomator2-server-v4.5.2.apk' exited with code 1
[35m[ADB][39m apksigner stderr: Error: Unable to access jarfile C:\Users\Administrator\.katalon\tools\android_sdk\platform-tools\..\framework\apksigner.jar
[35m[ADB][39m 
[35m[ADB][39m Cannot use apksigner tool for signature verification. Original error: Command 'apksigner.bat verify --print-certs C:\\Users\\Administrator\\AppData\\Roaming\\npm\\node_modules\\appium\\node_modules\\appium-uiautomator2-server\\apks\\appium-uiautomator2-server-v4.5.2.apk' exited with code 1
[35m[ADB][39m Got an error during apksigner execution: Command 'apksigner.bat verify --print-certs C:\\Users\\Administrator\\AppData\\Roaming\\npm\\node_modules\\appium\\node_modules\\appium-uiautomator2-server\\apks\\appium-uiautomator2-server-debug-androidTest.apk' exited with code 1
[35m[ADB][39m apksigner stderr: Error: Unable to access jarfile C:\Users\Administrator\.katalon\tools\android_sdk\platform-tools\..\framework\apksigner.jar
[35m[ADB][39m 
[35m[ADB][39m Cannot use apksigner tool for signature verification. Original error: Command 'apksigner.bat verify --print-certs C:\\Users\\Administrator\\AppData\\Roaming\\npm\\node_modules\\appium\\node_modules\\appium-uiautomator2-server\\apks\\appium-uiautomator2-server-debug-androidTest.apk' exited with code 1
[35m[UiAutomator2][39m Server packages are not going to be (re)installed
[35m[UiAutomator2][39m Starting UIAutomator2 server 4.5.2
[35m[UiAutomator2][39m Using UIAutomator2 server from 'C:\Users\Administrator\AppData\Roaming\npm\node_modules\appium\node_modules\appium-uiautomator2-server\apks\appium-uiautomator2-server-v4.5.2.apk' and test from 'C:\Users\Administrator\AppData\Roaming\npm\node_modules\appium\node_modules\appium-uiautomator2-server\apks\appium-uiautomator2-server-debug-androidTest.apk'
[35m[UiAutomator2][39m Waiting up to 30000ms for UiAutomator2 to be online...
[35m[WD Proxy][39m Got an unexpected response with status undefined: {"code":"ECONNRESET"}
[35m[WD Proxy][39m Got an unexpected response with status undefined: {"code":"ECONNRESET"}
[35m[WD Proxy][39m Determined the downstream protocol as 'W3C'
[35m[AndroidDriver][39m Screen already unlocked, doing nothing
[35m[UiAutomator2][39m Starting 'com.goldlokedu.tgoldlokedu/com.goldlokedu.tgoldlokedu.subject.ui.activity.welcomeActivity.LoginSplashActivity and waiting for 'com.goldlokedu.tgoldlokedu/com.goldlokedu.tgoldlokedu.subject.ui.activity.welcomeActivity.LoginSplashActivity'
[35m[Appium][39m New AndroidUiautomator2Driver session created successfully, session 2289c645-cab3-46cc-b522-fe4df1009798 added to master session list
[35m[HTTP][39m [37m<-- POST /wd/hub/session [39m[32m200[39m [90m12785 ms - 1308[39m
[35m[HTTP][39m [90m[39m
[35m[HTTP][39m [37m-->[39m [37mGET[39m [37m/wd/hub/session/2289c645-cab3-46cc-b522-fe4df1009798[39m
[35m[HTTP][39m [90m{}[39m
[35m[HTTP][39m [37m<-- GET /wd/hub/session/2289c645-cab3-46cc-b522-fe4df1009798 [39m[32m200[39m [90m11 ms - 1240[39m
[35m[HTTP][39m [90m[39m
[35m[HTTP][39m [37m-->[39m [37mGET[39m [37m/wd/hub/session/2289c645-cab3-46cc-b522-fe4df1009798[39m
[35m[HTTP][39m [90m{}[39m
[35m[HTTP][39m [37m<-- GET /wd/hub/session/2289c645-cab3-46cc-b522-fe4df1009798 [39m[32m200[39m [90m9 ms - 1240[39m
[35m[HTTP][39m [90m[39m
[35m[HTTP][39m [37m-->[39m [37mGET[39m [37m/wd/hub/status[39m
[35m[HTTP][39m [90m{}[39m
[35m[HTTP][39m [37m<-- GET /wd/hub/status [39m[32m200[39m [90m1 ms - 68[39m
[35m[HTTP][39m [90m[39m
[35m[HTTP][39m [37m-->[39m [37mPOST[39m [37m/wd/hub/session/2289c645-cab3-46cc-b522-fe4df1009798/timeouts[39m
[35m[HTTP][39m [90m{"implicit":5000}[39m
[35m[HTTP][39m [37m<-- POST /wd/hub/session/2289c645-cab3-46cc-b522-fe4df1009798/timeouts [39m[32m200[39m [90m4 ms - 14[39m
[35m[HTTP][39m [90m[39m
[35m[HTTP][39m [37m-->[39m [37mPOST[39m [37m/wd/hub/session/2289c645-cab3-46cc-b522-fe4df1009798/appium/device/activate_app[39m
[35m[HTTP][39m [90m{"bundleId":"com.goldlokedu.tgoldlokedu "}[39m
[35m[HTTP][39m [37m<-- POST /wd/hub/session/2289c645-cab3-46cc-b522-fe4df1009798/appium/device/activate_app [39m[32m200[39m [90m730 ms - 14[39m
[35m[HTTP][39m [90m[39m
[35m[HTTP][39m [37m-->[39m [37mPOST[39m [37m/wd/hub/session/2289c645-cab3-46cc-b522-fe4df1009798/timeouts[39m
[35m[HTTP][39m [90m{"implicit":50}[39m
[35m[HTTP][39m [37m<-- POST /wd/hub/session/2289c645-cab3-46cc-b522-fe4df1009798/timeouts [39m[32m200[39m [90m2 ms - 14[39m
[35m[HTTP][39m [90m[39m
[35m[HTTP][39m [37m-->[39m [37mGET[39m [37m/wd/hub/session/2289c645-cab3-46cc-b522-fe4df1009798/window/rect[39m
[35m[HTTP][39m [90m{}[39m
[35m[HTTP][39m [37m<-- GET /wd/hub/session/2289c645-cab3-46cc-b522-fe4df1009798/window/rect [39m[32m200[39m [90m13 ms - 50[39m
[35m[HTTP][39m [90m[39m
[35m[HTTP][39m [37m-->[39m [37mPOST[39m [37m/wd/hub/session/2289c645-cab3-46cc-b522-fe4df1009798/elements[39m
[35m[HTTP][39m [90m{"using":"-android uiautomator","value":"new UiSelector().className(\"android.widget.LinearLayout\").resourceId(\"com.goldlokedu.tgoldlokedu:id/lLayout_bg\")"}[39m
[35m[HTTP][39m [37m<-- POST /wd/hub/session/2289c645-cab3-46cc-b522-fe4df1009798/elements [39m[32m200[39m [90m53 ms - 139[39m
[35m[HTTP][39m [90m[39m
[35m[HTTP][39m [37m-->[39m [37mGET[39m [37m/wd/hub/session/2289c645-cab3-46cc-b522-fe4df1009798/element/051c1c19-9ae6-465b-add4-ee606bca85ab/location[39m
[35m[HTTP][39m [90m{}[39m
[35m[W3C (2289c645)][39m Driver proxy active, passing request on via HTTP proxy
[35m[WD Proxy][39m Replacing sessionId 73937917-1c12-4f6d-96aa-b41e40653ec2 with 2289c645-cab3-46cc-b522-fe4df1009798
[35m[HTTP][39m [37m<-- GET /wd/hub/session/2289c645-cab3-46cc-b522-fe4df1009798/element/051c1c19-9ae6-465b-add4-ee606bca85ab/location [39m[32m200[39m [90m24 ms - 77[39m
[35m[HTTP][39m [90m[39m
[35m[HTTP][39m [37m-->[39m [37mPOST[39m [37m/wd/hub/session/2289c645-cab3-46cc-b522-fe4df1009798/timeouts[39m
[35m[HTTP][39m [90m{"implicit":5000}[39m
[35m[HTTP][39m [37m<-- POST /wd/hub/session/2289c645-cab3-46cc-b522-fe4df1009798/timeouts [39m[32m200[39m [90m1 ms - 14[39m
[35m[HTTP][39m [90m[39m
[35m[HTTP][39m [37m-->[39m [37mPOST[39m [37m/wd/hub/session/2289c645-cab3-46cc-b522-fe4df1009798/timeouts[39m
[35m[HTTP][39m [90m{"implicit":50}[39m
[35m[HTTP][39m [37m<-- POST /wd/hub/session/2289c645-cab3-46cc-b522-fe4df1009798/timeouts [39m[32m200[39m [90m7 ms - 14[39m
[35m[HTTP][39m [90m[39m
[35m[HTTP][39m [37m-->[39m [37mGET[39m [37m/wd/hub/session/2289c645-cab3-46cc-b522-fe4df1009798/window/rect[39m
[35m[HTTP][39m [90m{}[39m
[35m[HTTP][39m [37m<-- GET /wd/hub/session/2289c645-cab3-46cc-b522-fe4df1009798/window/rect [39m[32m200[39m [90m41 ms - 50[39m
[35m[HTTP][39m [90m[39m
[35m[HTTP][39m [37m-->[39m [37mPOST[39m [37m/wd/hub/session/2289c645-cab3-46cc-b522-fe4df1009798/elements[39m
[35m[HTTP][39m [90m{"using":"-android uiautomator","value":"new UiSelector().className(\"android.widget.Button\").text(\"同意并继续\").resourceId(\"com.goldlokedu.tgoldlokedu:id/btn_pos\")"}[39m
[35m[HTTP][39m [37m<-- POST /wd/hub/session/2289c645-cab3-46cc-b522-fe4df1009798/elements [39m[32m200[39m [90m46 ms - 139[39m
[35m[HTTP][39m [90m[39m
[35m[HTTP][39m [37m-->[39m [37mGET[39m [37m/wd/hub/session/2289c645-cab3-46cc-b522-fe4df1009798/element/604d4c5d-2efd-4005-93fa-fd1c2b300312/location[39m
[35m[HTTP][39m [90m{}[39m
[35m[W3C (2289c645)][39m Driver proxy active, passing request on via HTTP proxy
[35m[WD Proxy][39m Replacing sessionId 73937917-1c12-4f6d-96aa-b41e40653ec2 with 2289c645-cab3-46cc-b522-fe4df1009798
[35m[HTTP][39m [37m<-- GET /wd/hub/session/2289c645-cab3-46cc-b522-fe4df1009798/element/604d4c5d-2efd-4005-93fa-fd1c2b300312/location [39m[32m200[39m [90m71 ms - 79[39m
[35m[HTTP][39m [90m[39m
[35m[HTTP][39m [37m-->[39m [37mPOST[39m [37m/wd/hub/session/2289c645-cab3-46cc-b522-fe4df1009798/timeouts[39m
[35m[HTTP][39m [90m{"implicit":5000}[39m
[35m[HTTP][39m [37m<-- POST /wd/hub/session/2289c645-cab3-46cc-b522-fe4df1009798/timeouts [39m[32m200[39m [90m1 ms - 14[39m
[35m[HTTP][39m [90m[39m
[35m[HTTP][39m [37m-->[39m [37mPOST[39m [37m/wd/hub/session/2289c645-cab3-46cc-b522-fe4df1009798/touch/perform[39m
[35m[HTTP][39m [90m{"actions":[{"action":"tap","options":{"x":1,"y":1,"element":"604d4c5d-2efd-4005-93fa-fd1c2b300312"}},{"action":"release","options":{}}]}[39m
[35m[UiAutomator2][39m calling get location: 604d4c5d-2efd-4005-93fa-fd1c2b300312
[35m[HTTP][39m [37m<-- POST /wd/hub/session/2289c645-cab3-46cc-b522-fe4df1009798/touch/perform [39m[32m200[39m [90m819 ms - 14[39m
[35m[HTTP][39m [90m[39m
[35m[HTTP][39m [37m-->[39m [37mPOST[39m [37m/wd/hub/session/2289c645-cab3-46cc-b522-fe4df1009798/timeouts[39m
[35m[HTTP][39m [90m{"implicit":50}[39m
[35m[HTTP][39m [37m<-- POST /wd/hub/session/2289c645-cab3-46cc-b522-fe4df1009798/timeouts [39m[32m200[39m [90m2 ms - 14[39m
[35m[HTTP][39m [90m[39m
[35m[HTTP][39m [37m-->[39m [37mGET[39m [37m/wd/hub/session/2289c645-cab3-46cc-b522-fe4df1009798/window/rect[39m
[35m[HTTP][39m [90m{}[39m
[35m[HTTP][39m [37m<-- GET /wd/hub/session/2289c645-cab3-46cc-b522-fe4df1009798/window/rect [39m[32m200[39m [90m10 ms - 50[39m
[35m[HTTP][39m [90m[39m
[35m[HTTP][39m [37m-->[39m [37mPOST[39m [37m/wd/hub/session/2289c645-cab3-46cc-b522-fe4df1009798/elements[39m
[35m[HTTP][39m [90m{"using":"-android uiautomator","value":"new UiSelector().className(\"android.widget.LinearLayout\").resourceId(\"com.goldlokedu.tgoldlokedu:id/lLayout_bg\")"}[39m
[35m[HTTP][39m [37m<-- POST /wd/hub/session/2289c645-cab3-46cc-b522-fe4df1009798/elements [39m[32m200[39m [90m943 ms - 12[39m
[35m[HTTP][39m [90m[39m
[35m[HTTP][39m [37m-->[39m [37mPOST[39m [37m/wd/hub/session/2289c645-cab3-46cc-b522-fe4df1009798/elements[39m
[35m[HTTP][39m [90m{"using":"-android uiautomator","value":"new UiSelector().className(\"android.widget.LinearLayout\").resourceId(\"com.goldlokedu.tgoldlokedu:id/lLayout_bg\")"}[39m
[35m[HTTP][39m [37m<-- POST /wd/hub/session/2289c645-cab3-46cc-b522-fe4df1009798/elements [39m[32m200[39m [90m550 ms - 12[39m
[35m[HTTP][39m [90m[39m
[35m[HTTP][39m [37m-->[39m [37mPOST[39m [37m/wd/hub/session/2289c645-cab3-46cc-b522-fe4df1009798/elements[39m
[35m[HTTP][39m [90m{"using":"-android uiautomator","value":"new UiSelector().className(\"android.widget.LinearLayout\").resourceId(\"com.goldlokedu.tgoldlokedu:id/lLayout_bg\")"}[39m
[35m[HTTP][39m [37m<-- POST /wd/hub/session/2289c645-cab3-46cc-b522-fe4df1009798/elements [39m[32m200[39m [90m552 ms - 12[39m
[35m[HTTP][39m [90m[39m
[35m[HTTP][39m [37m-->[39m [37mPOST[39m [37m/wd/hub/session/2289c645-cab3-46cc-b522-fe4df1009798/timeouts[39m
[35m[HTTP][39m [90m{"implicit":5000}[39m
[35m[HTTP][39m [37m<-- POST /wd/hub/session/2289c645-cab3-46cc-b522-fe4df1009798/timeouts [39m[32m200[39m [90m1 ms - 14[39m
[35m[HTTP][39m [90m[39m
[35m[HTTP][39m [37m-->[39m [37mPOST[39m [37m/wd/hub/session/2289c645-cab3-46cc-b522-fe4df1009798/timeouts[39m
[35m[HTTP][39m [90m{"implicit":50}[39m
[35m[HTTP][39m [37m<-- POST /wd/hub/session/2289c645-cab3-46cc-b522-fe4df1009798/timeouts [39m[32m200[39m [90m1 ms - 14[39m
[35m[HTTP][39m [90m[39m
[35m[HTTP][39m [37m-->[39m [37mGET[39m [37m/wd/hub/session/2289c645-cab3-46cc-b522-fe4df1009798/window/rect[39m
[35m[HTTP][39m [90m{}[39m
[35m[HTTP][39m [37m<-- GET /wd/hub/session/2289c645-cab3-46cc-b522-fe4df1009798/window/rect [39m[32m200[39m [90m18 ms - 50[39m
[35m[HTTP][39m [90m[39m
[35m[HTTP][39m [37m-->[39m [37mPOST[39m [37m/wd/hub/session/2289c645-cab3-46cc-b522-fe4df1009798/elements[39m
[35m[HTTP][39m [90m{"using":"-android uiautomator","value":"new UiSelector().className(\"android.widget.TextView\").text(\"跳过\").packageName(\"com.goldlokedu.tgoldlokedu\")"}[39m
[35m[HTTP][39m [37m<-- POST /wd/hub/session/2289c645-cab3-46cc-b522-fe4df1009798/elements [39m[32m200[39m [90m51 ms - 139[39m
[35m[HTTP][39m [90m[39m
[35m[HTTP][39m [37m-->[39m [37mGET[39m [37m/wd/hub/session/2289c645-cab3-46cc-b522-fe4df1009798/element/98dd66e2-cadf-48f7-9eb6-b12202d51430/location[39m
[35m[HTTP][39m [90m{}[39m
[35m[W3C (2289c645)][39m Driver proxy active, passing request on via HTTP proxy
[35m[WD Proxy][39m Replacing sessionId 73937917-1c12-4f6d-96aa-b41e40653ec2 with 2289c645-cab3-46cc-b522-fe4df1009798
[35m[HTTP][39m [37m<-- GET /wd/hub/session/2289c645-cab3-46cc-b522-fe4df1009798/element/98dd66e2-cadf-48f7-9eb6-b12202d51430/location [39m[32m200[39m [90m25 ms - 78[39m
[35m[HTTP][39m [90m[39m
[35m[HTTP][39m [37m-->[39m [37mPOST[39m [37m/wd/hub/session/2289c645-cab3-46cc-b522-fe4df1009798/timeouts[39m
[35m[HTTP][39m [90m{"implicit":5000}[39m
[35m[HTTP][39m [37m<-- POST /wd/hub/session/2289c645-cab3-46cc-b522-fe4df1009798/timeouts [39m[32m200[39m [90m1 ms - 14[39m
[35m[HTTP][39m [90m[39m
[35m[HTTP][39m [37m-->[39m [37mPOST[39m [37m/wd/hub/session/2289c645-cab3-46cc-b522-fe4df1009798/touch/perform[39m
[35m[HTTP][39m [90m{"actions":[{"action":"tap","options":{"x":1,"y":1,"element":"98dd66e2-cadf-48f7-9eb6-b12202d51430"}},{"action":"release","options":{}}]}[39m
[35m[UiAutomator2][39m calling get location: 98dd66e2-cadf-48f7-9eb6-b12202d51430
[35m[HTTP][39m [37m<-- POST /wd/hub/session/2289c645-cab3-46cc-b522-fe4df1009798/touch/perform [39m[32m200[39m [90m1715 ms - 14[39m
[35m[HTTP][39m [90m[39m
[35m[HTTP][39m [37m-->[39m [37mPOST[39m [37m/wd/hub/session/2289c645-cab3-46cc-b522-fe4df1009798/timeouts[39m
[35m[HTTP][39m [90m{"implicit":50}[39m
[35m[HTTP][39m [37m<-- POST /wd/hub/session/2289c645-cab3-46cc-b522-fe4df1009798/timeouts [39m[32m200[39m [90m1 ms - 14[39m
[35m[HTTP][39m [90m[39m
[35m[HTTP][39m [37m-->[39m [37mGET[39m [37m/wd/hub/session/2289c645-cab3-46cc-b522-fe4df1009798/window/rect[39m
[35m[HTTP][39m [90m{}[39m
[35m[HTTP][39m [37m<-- GET /wd/hub/session/2289c645-cab3-46cc-b522-fe4df1009798/window/rect [39m[32m200[39m [90m20 ms - 50[39m
[35m[HTTP][39m [90m[39m
[35m[HTTP][39m [37m-->[39m [37mPOST[39m [37m/wd/hub/session/2289c645-cab3-46cc-b522-fe4df1009798/elements[39m
[35m[HTTP][39m [90m{"using":"-android uiautomator","value":"new UiSelector().className(\"android.widget.ImageView\").resourceId(\"com.goldlokedu.tgoldlokedu:id/area_img\")"}[39m
[35m[HTTP][39m [37m<-- POST /wd/hub/session/2289c645-cab3-46cc-b522-fe4df1009798/elements [39m[32m200[39m [90m153 ms - 651[39m
[35m[HTTP][39m [90m[39m
[35m[HTTP][39m [37m-->[39m [37mGET[39m [37m/wd/hub/session/2289c645-cab3-46cc-b522-fe4df1009798/element/f5b591cd-91c8-480e-97db-1c0563ae7b6d/location[39m
[35m[HTTP][39m [90m{}[39m
[35m[W3C (2289c645)][39m Driver proxy active, passing request on via HTTP proxy
[35m[WD Proxy][39m Replacing sessionId 73937917-1c12-4f6d-96aa-b41e40653ec2 with 2289c645-cab3-46cc-b522-fe4df1009798
[35m[HTTP][39m [37m<-- GET /wd/hub/session/2289c645-cab3-46cc-b522-fe4df1009798/element/f5b591cd-91c8-480e-97db-1c0563ae7b6d/location [39m[32m200[39m [90m24 ms - 78[39m
[35m[HTTP][39m [90m[39m
[35m[HTTP][39m [37m-->[39m [37mPOST[39m [37m/wd/hub/session/2289c645-cab3-46cc-b522-fe4df1009798/timeouts[39m
[35m[HTTP][39m [90m{"implicit":5000}[39m
[35m[HTTP][39m [37m<-- POST /wd/hub/session/2289c645-cab3-46cc-b522-fe4df1009798/timeouts [39m[32m200[39m [90m1 ms - 14[39m
[35m[HTTP][39m [90m[39m
[35m[HTTP][39m [37m-->[39m [37mPOST[39m [37m/wd/hub/session/2289c645-cab3-46cc-b522-fe4df1009798/touch/perform[39m
[35m[HTTP][39m [90m{"actions":[{"action":"tap","options":{"x":1,"y":1,"element":"f5b591cd-91c8-480e-97db-1c0563ae7b6d"}},{"action":"release","options":{}}]}[39m
[35m[UiAutomator2][39m calling get location: f5b591cd-91c8-480e-97db-1c0563ae7b6d
[35m[HTTP][39m [37m<-- POST /wd/hub/session/2289c645-cab3-46cc-b522-fe4df1009798/touch/perform [39m[32m200[39m [90m2709 ms - 14[39m
[35m[HTTP][39m [90m[39m
[35m[BaseDriver][39m Shutting down because we waited 1800 seconds for a command
[35m[Appium][39m Closing session, cause was 'New Command Timeout of 1800 seconds expired. Try customizing the timeout using the 'newCommandTimeout' desired capability'
[35m[Appium][39m Removing session '2289c645-cab3-46cc-b522-fe4df1009798' from our master session list
[35m[WD Proxy][39m Got an unexpected response with status undefined: {"code":"ECONNRESET"}
[35m[UiAutomator2][39m Did not get confirmation UiAutomator2 deleteSession worked; Error was: UnknownError: An unknown server-side error occurred while processing the command. Original error: Could not proxy command to remote server. Original error: Error: socket hang up
[35m[UiAutomator2][39m Restoring hidden api policy to the device default configuration
